Using pre-set license
Built from '2021.3/staging' branch; Version is '2021.3.8f1 (b30333d56e81) revision 11731763'; Using compiler version '192829333'; Build Type 'Release'
OS: 'Windows 11  (10.0.22000) 64bit CoreSingleLanguage' Language: 'tr' Physical Memory: 5996 MB
BatchMode: 1, IsHumanControllingUs: 0, StartBugReporterOnCrash: 0, Is64bit: 1, IsPro: 1

COMMAND LINE ARGUMENTS:
C:\Program Files\Unity\Hub\Editor\2021.3.8f1\Editor\Unity.exe
-adb2
-batchMode
-noUpm
-name
AssetImportWorker1
-projectPath
C:/GitHub/InfiniteCoinBlock/InfiniteCoinBlock
-logFile
Logs/AssetImportWorker1.log
-srvPort
57864
Successfully changed project path to: C:/GitHub/InfiniteCoinBlock/InfiniteCoinBlock
C:/GitHub/InfiniteCoinBlock/InfiniteCoinBlock
[UnityMemory] Configuration Parameters - Can be set up in boot.config
    "memorysetup-bucket-allocator-granularity=16"
    "memorysetup-bucket-allocator-bucket-count=8"
    "memorysetup-bucket-allocator-block-size=33554432"
    "memorysetup-bucket-allocator-block-count=8"
    "memorysetup-main-allocator-block-size=16777216"
    "memorysetup-thread-allocator-block-size=16777216"
    "memorysetup-gfx-main-allocator-block-size=16777216"
    "memorysetup-gfx-thread-allocator-block-size=16777216"
    "memorysetup-cache-allocator-block-size=4194304"
    "memorysetup-typetree-allocator-block-size=2097152"
    "memorysetup-profiler-bucket-allocator-granularity=16"
    "memorysetup-profiler-bucket-allocator-bucket-count=8"
    "memorysetup-profiler-bucket-allocator-block-size=33554432"
    "memorysetup-profiler-bucket-allocator-block-count=8"
    "memorysetup-profiler-allocator-block-size=16777216"
    "memorysetup-profiler-editor-allocator-block-size=1048576"
    "memorysetup-temp-allocator-size-main=16777216"
    "memorysetup-job-temp-allocator-block-size=2097152"
    "memorysetup-job-temp-allocator-block-size-background=1048576"
    "memorysetup-job-temp-allocator-reduction-small-platforms=262144"
    "memorysetup-temp-allocator-size-background-worker=32768"
    "memorysetup-temp-allocator-size-job-worker=262144"
    "memorysetup-temp-allocator-size-preload-manager=33554432"
    "memorysetup-temp-allocator-size-nav-mesh-worker=65536"
    "memorysetup-temp-allocator-size-audio-worker=65536"
    "memorysetup-temp-allocator-size-cloud-worker=32768"
    "memorysetup-temp-allocator-size-gi-baking-worker=262144"
    "memorysetup-temp-allocator-size-gfx=262144"
Refreshing native plugins compatible for Editor in 159.51 ms, found 5 plugins.
Preloading 0 native plugins for Editor in 0.00 ms.
Initialize engine version: 2021.3.8f1 (b30333d56e81)
[Subsystems] Discovering subsystems at path C:/Program Files/Unity/Hub/Editor/2021.3.8f1/Editor/Data/Resources/UnitySubsystems
[Subsystems] Discovering subsystems at path C:/GitHub/InfiniteCoinBlock/InfiniteCoinBlock/Assets
GfxDevice: creating device client; threaded=0; jobified=0
Direct3D:
    Version:  Direct3D 11.0 [level 11.1]
    Renderer: NVIDIA GeForce GTX 1650 (ID=0x1f9d)
    Vendor:   NVIDIA
    VRAM:     3965 MB
    Driver:   30.0.15.1236
Initialize mono
Mono path[0] = 'C:/Program Files/Unity/Hub/Editor/2021.3.8f1/Editor/Data/Managed'
Mono path[1] = 'C:/Program Files/Unity/Hub/Editor/2021.3.8f1/Editor/Data/MonoBleedingEdge/lib/mono/unityjit-win32'
Mono config path = 'C:/Program Files/Unity/Hub/Editor/2021.3.8f1/Editor/Data/MonoBleedingEdge/etc'
Using monoOptions --debugger-agent=transport=dt_socket,embedding=1,server=y,suspend=n,address=127.0.0.1:56000
Begin MonoManager ReloadAssembly
Registering precompiled unity dll's ...
Register platform support module: C:/Program Files/Unity/Hub/Editor/2021.3.8f1/Editor/Data/PlaybackEngines/AndroidPlayer/UnityEditor.Android.Extensions.dll
Register platform support module: C:/Program Files/Unity/Hub/Editor/2021.3.8f1/Editor/Data/PlaybackEngines/iOSSupport/UnityEditor.iOS.Extensions.dll
Register platform support module: C:/Program Files/Unity/Hub/Editor/2021.3.8f1/Editor/Data/PlaybackEngines/WindowsStandaloneSupport/UnityEditor.WindowsStandalone.Extensions.dll
Registered in 0.009781 seconds.
Native extension for WindowsStandalone target not found
[usbmuxd] Start listen thread
[usbmuxd] Listen thread started
Native extension for iOS target not found
Native extension for Android target not found
Refreshing native plugins compatible for Editor in 131.30 ms, found 5 plugins.
Preloading 0 native plugins for Editor in 0.00 ms.
Mono: successfully reloaded assembly
- Completed reload, in  1.225 seconds
Domain Reload Profiling:
	ReloadAssembly (1226ms)
		BeginReloadAssembly (143ms)
			ExecutionOrderSort (0ms)
			DisableScriptedObjects (0ms)
			BackupInstance (0ms)
			ReleaseScriptingObjects (0ms)
			CreateAndSetChildDomain (2ms)
		EndReloadAssembly (961ms)
			LoadAssemblies (138ms)
			RebuildTransferFunctionScriptingTraits (1ms)
			SetupTypeCache (527ms)
			ReleaseScriptCaches (0ms)
			RebuildScriptCaches (28ms)
			SetupLoadedEditorAssemblies (338ms)
				LogAssemblyErrors (0ms)
				InitializePlatformSupportModulesInManaged (74ms)
				SetLoadedEditorAssemblies (0ms)
				RefreshPlugins (131ms)
				BeforeProcessingInitializeOnLoad (2ms)
				ProcessInitializeOnLoadAttributes (92ms)
				ProcessInitializeOnLoadMethodAttributes (39ms)
				AfterProcessingInitializeOnLoad (0ms)
				EditorAssembliesLoaded (0ms)
			ExecutionOrderSort2 (0ms)
			AwakeInstancesAfterBackupRestoration (0ms)
Platform modules already initialized, skipping
Registering precompiled user dll's ...
Registered in 0.008516 seconds.
Begin MonoManager ReloadAssembly
Symbol file LoadedFromMemory doesn't match image C:\GitHub\InfiniteCoinBlock\InfiniteCoinBlock\Library\PackageCache\com.unity.visualscripting@1.7.8\Editor\VisualScripting.Core\Dependencies\YamlDotNet\Unity.VisualScripting.YamlDotNet.dll
Symbol file LoadedFromMemory doesn't match image C:\GitHub\InfiniteCoinBlock\InfiniteCoinBlock\Library\PackageCache\com.unity.visualscripting@1.7.8\Editor\VisualScripting.Core\Dependencies\DotNetZip\Unity.VisualScripting.IonicZip.dll
Native extension for WindowsStandalone target not found
Native extension for iOS target not found
Native extension for Android target not found
Refreshing native plugins compatible for Editor in 120.58 ms, found 5 plugins.
Preloading 0 native plugins for Editor in 0.00 ms.
Mono: successfully reloaded assembly
- Completed reload, in  1.673 seconds
Domain Reload Profiling:
	ReloadAssembly (1674ms)
		BeginReloadAssembly (231ms)
			ExecutionOrderSort (0ms)
			DisableScriptedObjects (5ms)
			BackupInstance (0ms)
			ReleaseScriptingObjects (0ms)
			CreateAndSetChildDomain (131ms)
		EndReloadAssembly (1339ms)
			LoadAssemblies (191ms)
			RebuildTransferFunctionScriptingTraits (0ms)
			SetupTypeCache (286ms)
			ReleaseScriptCaches (1ms)
			RebuildScriptCaches (59ms)
			SetupLoadedEditorAssemblies (772ms)
				LogAssemblyErrors (0ms)
				InitializePlatformSupportModulesInManaged (20ms)
				SetLoadedEditorAssemblies (0ms)
				RefreshPlugins (121ms)
				BeforeProcessingInitializeOnLoad (110ms)
				ProcessInitializeOnLoadAttributes (438ms)
				ProcessInitializeOnLoadMethodAttributes (77ms)
				AfterProcessingInitializeOnLoad (6ms)
				EditorAssembliesLoaded (0ms)
			ExecutionOrderSort2 (0ms)
			AwakeInstancesAfterBackupRestoration (5ms)
Platform modules already initialized, skipping
========================================================================
Worker process is ready to serve import requests
Launched and connected shader compiler UnityShaderCompiler.exe after 0.04 seconds
Refreshing native plugins compatible for Editor in 2.33 ms, found 5 plugins.
Preloading 0 native plugins for Editor in 0.00 ms.
Unloading 5505 Unused Serialized files (Serialized files now loaded: 0)
Unloading 58 unused Assets / (7.1 MB). Loaded Objects now: 5951.
Memory consumption went from 283.8 MB to 276.8 MB.
Total: 8.535100 ms (FindLiveObjects: 0.853900 ms CreateObjectMapping: 0.392600 ms MarkObjects: 4.378000 ms  DeleteObjects: 2.908200 ms)

AssetImportParameters requested are different than current active one (requested -> active):
  custom:video-decoder-ogg-theora: a1e56fd34408186e4bbccfd4996cb3dc -> 
  custom:container-muxer-webm: aa71ff27fc2769a1b78a27578f13a17b -> 
  custom:container-demuxer-webm: 4f35f7cbe854078d1ac9338744f61a02 -> 
  custom:video-encoder-webm-vp8: eb34c28f22e8b96e1ab97ce403110664 -> 
  custom:video-codec-MediaFoundation-h265: 746d11721c4dcdbdad8f713fa42b33f4 -> 
  custom:audio-encoder-webm-vorbis: bf7c407c2cedff20999df2af8eb42d56 -> 
  custom:framework-win-MediaFoundation: 216162199b28c13a410421893ffa2e32 -> 
  custom:container-demuxer-ogg: 62fdf1f143b41e24485cea50d1cbac27 -> 
  custom:video-decoder-webm-vp8: 9c59270c3fd7afecdb556c50c9e8de78 -> 
  custom:audio-decoder-ogg-vorbis: bf7c407c2cedff20999df2af8eb42d56 -> 
========================================================================
Received Import Request.
  Time since last request: 725451.948650 seconds.
  path: Assets/Scripts
  artifactKey: Guid(19048cf6acfa6f042bda95e43fe622a1) Importer(815301076,1909f56bfc062723c751e8b465ee728b)
Start importing Assets/Scripts using Guid(19048cf6acfa6f042bda95e43fe622a1) Importer(815301076,1909f56bfc062723c751e8b465ee728b)  -> (artifact id: 'a6842ab5198d8092f3d0cf2075db5801') in 0.024270 seconds 
========================================================================
Received Import Request.
  Time since last request: 20.085770 seconds.
  path: Assets/LevelDatas/Lv.BuildSettings/L2_Build Settings.asset
  artifactKey: Guid(fb33332a02435c5459b1d6fadcbe7a81) Importer(815301076,1909f56bfc062723c751e8b465ee728b)
Start importing Assets/LevelDatas/Lv.BuildSettings/L2_Build Settings.asset using Guid(fb33332a02435c5459b1d6fadcbe7a81) Importer(815301076,1909f56bfc062723c751e8b465ee728b)  -> (artifact id: '30ca3de81b6ed0c7dc325e90412178b7') in 0.048407 seconds 
========================================================================
Received Import Request.
  Time since last request: 0.000029 seconds.
  path: Assets/LevelDatas/Lv.BuildSettings/L3_Build Settings.asset
  artifactKey: Guid(847b63ebe3ae29344afe63cbe8742296) Importer(815301076,1909f56bfc062723c751e8b465ee728b)
Start importing Assets/LevelDatas/Lv.BuildSettings/L3_Build Settings.asset using Guid(847b63ebe3ae29344afe63cbe8742296) Importer(815301076,1909f56bfc062723c751e8b465ee728b)  -> (artifact id: '9f5c148dfd4753525acbe4fe61f4983d') in 0.021575 seconds 
========================================================================
Received Import Request.
  Time since last request: 5.080194 seconds.
  path: Assets/PNG_to_3D/Textures/eiffel-tower.jpg
  artifactKey: Guid(42f345b75c874054ca88ec1f4279ff6e) Importer(815301076,1909f56bfc062723c751e8b465ee728b)
Start importing Assets/PNG_to_3D/Textures/eiffel-tower.jpg using Guid(42f345b75c874054ca88ec1f4279ff6e) Importer(815301076,1909f56bfc062723c751e8b465ee728b)  -> (artifact id: 'c8a919ed850bad129c3b7d34aacc81ca') in 0.099434 seconds 
========================================================================
Received Import Request.
  Time since last request: 0.000051 seconds.
  path: Assets/PNG_to_3D/Textures/house 1.png
  artifactKey: Guid(ad7aba2904df86f44b7183a3c98a581d) Importer(815301076,1909f56bfc062723c751e8b465ee728b)
Start importing Assets/PNG_to_3D/Textures/house 1.png using Guid(ad7aba2904df86f44b7183a3c98a581d) Importer(815301076,1909f56bfc062723c751e8b465ee728b)  -> (artifact id: 'cf24db858c439503d0a4e4792e7e36e2') in 0.053290 seconds 
========================================================================
Received Import Request.
  Time since last request: 0.000088 seconds.
  path: Assets/PNG_to_3D/Textures/house.png
  artifactKey: Guid(197997d1bf650d54eabbe404b850193c) Importer(815301076,1909f56bfc062723c751e8b465ee728b)
Start importing Assets/PNG_to_3D/Textures/house.png using Guid(197997d1bf650d54eabbe404b850193c) Importer(815301076,1909f56bfc062723c751e8b465ee728b)  -> (artifact id: 'cbb5821d812afddfde7fdfa007479ead') in 0.050729 seconds 
========================================================================
Received Import Request.
  Time since last request: 0.000072 seconds.
  path: Assets/PNG_to_3D/Textures/unknown1.png
  artifactKey: Guid(b3fed62ac62bf2743a8cdc2383c12a67) Importer(815301076,1909f56bfc062723c751e8b465ee728b)
Start importing Assets/PNG_to_3D/Textures/unknown1.png using Guid(b3fed62ac62bf2743a8cdc2383c12a67) Importer(815301076,1909f56bfc062723c751e8b465ee728b)  -> (artifact id: '4a2574241c6059e225333dd1ad789a33') in 0.049225 seconds 
========================================================================
Received Import Request.
  Time since last request: 45.423078 seconds.
  path: Assets/PNG_to_3D/Textures/addpixels_photos/3-ironman.png
  artifactKey: Guid(3d554c7d446de49469561039f6765946) Importer(815301076,1909f56bfc062723c751e8b465ee728b)
Start importing Assets/PNG_to_3D/Textures/addpixels_photos/3-ironman.png using Guid(3d554c7d446de49469561039f6765946) Importer(815301076,1909f56bfc062723c751e8b465ee728b)  -> (artifact id: '06b270348aead5ad404e720a5f18a414') in 0.050091 seconds 
========================================================================
Received Import Request.
  Time since last request: 0.000123 seconds.
  path: Assets/PNG_to_3D/Textures/addpixels_photos/8-termınator.png
  artifactKey: Guid(a47bf5096e3318942b3ce2f6f73c95ca) Importer(815301076,1909f56bfc062723c751e8b465ee728b)
Start importing Assets/PNG_to_3D/Textures/addpixels_photos/8-termınator.png using Guid(a47bf5096e3318942b3ce2f6f73c95ca) Importer(815301076,1909f56bfc062723c751e8b465ee728b)  -> (artifact id: '9849d1d69f79e85cd48e72bf43a8264d') in 0.029178 seconds 
========================================================================
Received Import Request.
  Time since last request: 0.000050 seconds.
  path: Assets/PNG_to_3D/Textures/addpixels_photos/4-khabby.png
  artifactKey: Guid(8ef4fe1a82f51a24ea589a0b0d01dec4) Importer(815301076,1909f56bfc062723c751e8b465ee728b)
Start importing Assets/PNG_to_3D/Textures/addpixels_photos/4-khabby.png using Guid(8ef4fe1a82f51a24ea589a0b0d01dec4) Importer(815301076,1909f56bfc062723c751e8b465ee728b)  -> (artifact id: 'c0ea4b0f0bd08a473ad559f536f6a20c') in 0.033462 seconds 
========================================================================
Received Import Request.
  Time since last request: 0.000069 seconds.
  path: Assets/PNG_to_3D/Textures/addpixels_photos/6-kusan_bulut.png
  artifactKey: Guid(a0d776f5384945648859e7bad2bfd4eb) Importer(815301076,1909f56bfc062723c751e8b465ee728b)
Start importing Assets/PNG_to_3D/Textures/addpixels_photos/6-kusan_bulut.png using Guid(a0d776f5384945648859e7bad2bfd4eb) Importer(815301076,1909f56bfc062723c751e8b465ee728b)  -> (artifact id: 'bc331317c7c9de6a61fd2afa2ab20bb2') in 0.033837 seconds 
Editor requested this worker to shutdown with reason: Scaling down because of idle timeout
AssetImportWorker is now disconnected from the server
Process exiting
Exiting without the bug reporter. Application will terminate with return code 0