Using pre-set license
Built from '2021.3/staging' branch; Version is '2021.3.8f1 (b30333d56e81) revision 11731763'; Using compiler version '192829333'; Build Type 'Release'
OS: 'Windows 11  (10.0.22000) 64bit CoreSingleLanguage' Language: 'tr' Physical Memory: 5996 MB
BatchMode: 1, IsHumanControllingUs: 0, StartBugReporterOnCrash: 0, Is64bit: 1, IsPro: 1

COMMAND LINE ARGUMENTS:
C:\Program Files\Unity\Hub\Editor\2021.3.8f1\Editor\Unity.exe
-adb2
-batchMode
-noUpm
-name
AssetImportWorker7
-projectPath
C:/GitHub/InfiniteCoinBlock/InfiniteCoinBlock
-logFile
Logs/AssetImportWorker7.log
-srvPort
55475
Successfully changed project path to: C:/GitHub/InfiniteCoinBlock/InfiniteCoinBlock
C:/GitHub/InfiniteCoinBlock/InfiniteCoinBlock
[UnityMemory] Configuration Parameters - Can be set up in boot.config
    "memorysetup-bucket-allocator-granularity=16"
    "memorysetup-bucket-allocator-bucket-count=8"
    "memorysetup-bucket-allocator-block-size=33554432"
    "memorysetup-bucket-allocator-block-count=8"
    "memorysetup-main-allocator-block-size=16777216"
    "memorysetup-thread-allocator-block-size=16777216"
    "memorysetup-gfx-main-allocator-block-size=16777216"
    "memorysetup-gfx-thread-allocator-block-size=16777216"
    "memorysetup-cache-allocator-block-size=4194304"
    "memorysetup-typetree-allocator-block-size=2097152"
    "memorysetup-profiler-bucket-allocator-granularity=16"
    "memorysetup-profiler-bucket-allocator-bucket-count=8"
    "memorysetup-profiler-bucket-allocator-block-size=33554432"
    "memorysetup-profiler-bucket-allocator-block-count=8"
    "memorysetup-profiler-allocator-block-size=16777216"
    "memorysetup-profiler-editor-allocator-block-size=1048576"
    "memorysetup-temp-allocator-size-main=16777216"
    "memorysetup-job-temp-allocator-block-size=2097152"
    "memorysetup-job-temp-allocator-block-size-background=1048576"
    "memorysetup-job-temp-allocator-reduction-small-platforms=262144"
    "memorysetup-temp-allocator-size-background-worker=32768"
    "memorysetup-temp-allocator-size-job-worker=262144"
    "memorysetup-temp-allocator-size-preload-manager=33554432"
    "memorysetup-temp-allocator-size-nav-mesh-worker=65536"
    "memorysetup-temp-allocator-size-audio-worker=65536"
    "memorysetup-temp-allocator-size-cloud-worker=32768"
    "memorysetup-temp-allocator-size-gi-baking-worker=262144"
    "memorysetup-temp-allocator-size-gfx=262144"
Refreshing native plugins compatible for Editor in 182.49 ms, found 5 plugins.
Preloading 0 native plugins for Editor in 0.00 ms.
Initialize engine version: 2021.3.8f1 (b30333d56e81)
[Subsystems] Discovering subsystems at path C:/Program Files/Unity/Hub/Editor/2021.3.8f1/Editor/Data/Resources/UnitySubsystems
[Subsystems] Discovering subsystems at path C:/GitHub/InfiniteCoinBlock/InfiniteCoinBlock/Assets
GfxDevice: creating device client; threaded=0; jobified=0
Direct3D:
    Version:  Direct3D 11.0 [level 11.1]
    Renderer: NVIDIA GeForce GTX 1650 (ID=0x1f9d)
    Vendor:   NVIDIA
    VRAM:     3965 MB
    Driver:   30.0.15.1236
Initialize mono
Mono path[0] = 'C:/Program Files/Unity/Hub/Editor/2021.3.8f1/Editor/Data/Managed'
Mono path[1] = 'C:/Program Files/Unity/Hub/Editor/2021.3.8f1/Editor/Data/MonoBleedingEdge/lib/mono/unityjit-win32'
Mono config path = 'C:/Program Files/Unity/Hub/Editor/2021.3.8f1/Editor/Data/MonoBleedingEdge/etc'
Using monoOptions --debugger-agent=transport=dt_socket,embedding=1,server=y,suspend=n,address=127.0.0.1:56152
Begin MonoManager ReloadAssembly
Registering precompiled unity dll's ...
Register platform support module: C:/Program Files/Unity/Hub/Editor/2021.3.8f1/Editor/Data/PlaybackEngines/AndroidPlayer/UnityEditor.Android.Extensions.dll
Register platform support module: C:/Program Files/Unity/Hub/Editor/2021.3.8f1/Editor/Data/PlaybackEngines/iOSSupport/UnityEditor.iOS.Extensions.dll
Register platform support module: C:/Program Files/Unity/Hub/Editor/2021.3.8f1/Editor/Data/PlaybackEngines/WindowsStandaloneSupport/UnityEditor.WindowsStandalone.Extensions.dll
Registered in 0.007077 seconds.
Native extension for WindowsStandalone target not found
[usbmuxd] Start listen thread
[usbmuxd] Listen thread started
Native extension for iOS target not found
Native extension for Android target not found
Refreshing native plugins compatible for Editor in 208.78 ms, found 5 plugins.
Preloading 0 native plugins for Editor in 0.00 ms.
Mono: successfully reloaded assembly
- Completed reload, in  1.031 seconds
Domain Reload Profiling:
	ReloadAssembly (1032ms)
		BeginReloadAssembly (128ms)
			ExecutionOrderSort (0ms)
			DisableScriptedObjects (0ms)
			BackupInstance (0ms)
			ReleaseScriptingObjects (0ms)
			CreateAndSetChildDomain (1ms)
		EndReloadAssembly (764ms)
			LoadAssemblies (127ms)
			RebuildTransferFunctionScriptingTraits (0ms)
			SetupTypeCache (154ms)
			ReleaseScriptCaches (0ms)
			RebuildScriptCaches (39ms)
			SetupLoadedEditorAssemblies (498ms)
				LogAssemblyErrors (0ms)
				InitializePlatformSupportModulesInManaged (101ms)
				SetLoadedEditorAssemblies (0ms)
				RefreshPlugins (209ms)
				BeforeProcessingInitializeOnLoad (2ms)
				ProcessInitializeOnLoadAttributes (128ms)
				ProcessInitializeOnLoadMethodAttributes (57ms)
				AfterProcessingInitializeOnLoad (0ms)
				EditorAssembliesLoaded (0ms)
			ExecutionOrderSort2 (0ms)
			AwakeInstancesAfterBackupRestoration (0ms)
Platform modules already initialized, skipping
Registering precompiled user dll's ...
Registered in 0.025939 seconds.
Begin MonoManager ReloadAssembly
Symbol file LoadedFromMemory doesn't match image C:\GitHub\InfiniteCoinBlock\InfiniteCoinBlock\Library\PackageCache\com.unity.visualscripting@1.7.8\Editor\VisualScripting.Core\Dependencies\YamlDotNet\Unity.VisualScripting.YamlDotNet.dll
Symbol file LoadedFromMemory doesn't match image C:\GitHub\InfiniteCoinBlock\InfiniteCoinBlock\Library\PackageCache\com.unity.visualscripting@1.7.8\Editor\VisualScripting.Core\Dependencies\DotNetZip\Unity.VisualScripting.IonicZip.dll
Native extension for WindowsStandalone target not found
Native extension for iOS target not found
Native extension for Android target not found
Refreshing native plugins compatible for Editor in 129.06 ms, found 5 plugins.
Preloading 0 native plugins for Editor in 0.00 ms.
Mono: successfully reloaded assembly
- Completed reload, in  1.704 seconds
Domain Reload Profiling:
	ReloadAssembly (1705ms)
		BeginReloadAssembly (237ms)
			ExecutionOrderSort (0ms)
			DisableScriptedObjects (6ms)
			BackupInstance (0ms)
			ReleaseScriptingObjects (0ms)
			CreateAndSetChildDomain (137ms)
		EndReloadAssembly (1340ms)
			LoadAssemblies (182ms)
			RebuildTransferFunctionScriptingTraits (1ms)
			SetupTypeCache (289ms)
			ReleaseScriptCaches (1ms)
			RebuildScriptCaches (64ms)
			SetupLoadedEditorAssemblies (774ms)
				LogAssemblyErrors (0ms)
				InitializePlatformSupportModulesInManaged (20ms)
				SetLoadedEditorAssemblies (0ms)
				RefreshPlugins (129ms)
				BeforeProcessingInitializeOnLoad (110ms)
				ProcessInitializeOnLoadAttributes (414ms)
				ProcessInitializeOnLoadMethodAttributes (94ms)
				AfterProcessingInitializeOnLoad (6ms)
				EditorAssembliesLoaded (1ms)
			ExecutionOrderSort2 (0ms)
			AwakeInstancesAfterBackupRestoration (7ms)
Platform modules already initialized, skipping
========================================================================
Worker process is ready to serve import requests
Launched and connected shader compiler UnityShaderCompiler.exe after 0.05 seconds
Refreshing native plugins compatible for Editor in 1.72 ms, found 5 plugins.
Preloading 0 native plugins for Editor in 0.00 ms.
Unloading 5503 Unused Serialized files (Serialized files now loaded: 0)
Unloading 58 unused Assets / (7.1 MB). Loaded Objects now: 5949.
Memory consumption went from 283.8 MB to 276.7 MB.
Total: 6.031200 ms (FindLiveObjects: 0.600500 ms CreateObjectMapping: 0.229500 ms MarkObjects: 3.353400 ms  DeleteObjects: 1.846200 ms)

AssetImportParameters requested are different than current active one (requested -> active):
  custom:video-decoder-ogg-theora: a1e56fd34408186e4bbccfd4996cb3dc -> 
  custom:container-muxer-webm: aa71ff27fc2769a1b78a27578f13a17b -> 
  custom:container-demuxer-webm: 4f35f7cbe854078d1ac9338744f61a02 -> 
  custom:video-encoder-webm-vp8: eb34c28f22e8b96e1ab97ce403110664 -> 
  custom:video-codec-MediaFoundation-h265: 746d11721c4dcdbdad8f713fa42b33f4 -> 
  custom:audio-encoder-webm-vorbis: bf7c407c2cedff20999df2af8eb42d56 -> 
  custom:framework-win-MediaFoundation: 216162199b28c13a410421893ffa2e32 -> 
  custom:container-demuxer-ogg: 62fdf1f143b41e24485cea50d1cbac27 -> 
  custom:video-decoder-webm-vp8: 9c59270c3fd7afecdb556c50c9e8de78 -> 
  custom:audio-decoder-ogg-vorbis: bf7c407c2cedff20999df2af8eb42d56 -> 
========================================================================
Received Import Request.
  Time since last request: 616723.424901 seconds.
  path: Assets/UI/tuglaUI/Alphakind SDF.asset
  artifactKey: Guid(ebdbbd575a991874a8a1208570ed3570) Importer(815301076,1909f56bfc062723c751e8b465ee728b)
Start importing Assets/UI/tuglaUI/Alphakind SDF.asset using Guid(ebdbbd575a991874a8a1208570ed3570) Importer(815301076,1909f56bfc062723c751e8b465ee728b)  -> (artifact id: '657f4b8c214ade8b70d4869939508b33') in 0.286172 seconds 
========================================================================
Received Import Request.
  Time since last request: 0.000042 seconds.
  path: Assets/Epic Toon FX/Materials/Misc/Fire/candle_soft2_AB.mat
  artifactKey: Guid(b8e35fd03444c1447a83f6f29a63b1d0) Importer(815301076,1909f56bfc062723c751e8b465ee728b)
Start importing Assets/Epic Toon FX/Materials/Misc/Fire/candle_soft2_AB.mat using Guid(b8e35fd03444c1447a83f6f29a63b1d0) Importer(815301076,1909f56bfc062723c751e8b465ee728b)  -> (artifact id: '7f9cb47a8b289f5ce01567176a60af26') in 0.059128 seconds 
========================================================================
Received Import Request.
  Time since last request: 0.000113 seconds.
  path: Assets/Character/Material/Character.mat
  artifactKey: Guid(23888a0a3dedd764096afcb869806b19) Importer(815301076,1909f56bfc062723c751e8b465ee728b)
Start importing Assets/Character/Material/Character.mat using Guid(23888a0a3dedd764096afcb869806b19) Importer(815301076,1909f56bfc062723c751e8b465ee728b)  -> (artifact id: '1e9e1453abb48bd458b7110dd1adf673') in 0.034018 seconds 
========================================================================
Received Import Request.
  Time since last request: 0.000034 seconds.
  path: Assets/Epic Toon FX/Materials/Misc/Emojis/Part 1/em_cute.mat
  artifactKey: Guid(e88618311069cbf478df53e497ac1522) Importer(815301076,1909f56bfc062723c751e8b465ee728b)
Start importing Assets/Epic Toon FX/Materials/Misc/Emojis/Part 1/em_cute.mat using Guid(e88618311069cbf478df53e497ac1522) Importer(815301076,1909f56bfc062723c751e8b465ee728b)  -> (artifact id: '7ab8feb30c71ed762ed4bd975e543aac') in 0.049019 seconds 
========================================================================
Received Import Request.
  Time since last request: 0.000037 seconds.
  path: Assets/Epic Toon FX/Materials/Misc/Emojis/Part 1/em_kiss.mat
  artifactKey: Guid(e54cd343eedf57440bc34a1625a6a552) Importer(815301076,1909f56bfc062723c751e8b465ee728b)
Start importing Assets/Epic Toon FX/Materials/Misc/Emojis/Part 1/em_kiss.mat using Guid(e54cd343eedf57440bc34a1625a6a552) Importer(815301076,1909f56bfc062723c751e8b465ee728b)  -> (artifact id: '83b1b27cac3719de5664da61c81aa599') in 0.038760 seconds 
========================================================================
Received Import Request.
  Time since last request: 0.000096 seconds.
  path: Assets/Epic Toon FX/Materials/Basics/circle_ADD.mat
  artifactKey: Guid(4bf10d94145fd6c4187c18de0af92e43) Importer(815301076,1909f56bfc062723c751e8b465ee728b)
Start importing Assets/Epic Toon FX/Materials/Basics/circle_ADD.mat using Guid(4bf10d94145fd6c4187c18de0af92e43) Importer(815301076,1909f56bfc062723c751e8b465ee728b)  -> (artifact id: '849225470107982b3e67553176b77f89') in 0.040294 seconds 
========================================================================
Received Import Request.
  Time since last request: 0.000033 seconds.
  path: Assets/Epic Toon FX/Materials/Basics/circlestretchy_AB.mat
  artifactKey: Guid(c69a36694c3d44847ae1097a253e3d56) Importer(815301076,1909f56bfc062723c751e8b465ee728b)
Start importing Assets/Epic Toon FX/Materials/Basics/circlestretchy_AB.mat using Guid(c69a36694c3d44847ae1097a253e3d56) Importer(815301076,1909f56bfc062723c751e8b465ee728b)  -> (artifact id: '728f87e52284faade14dbc949b1ca079') in 0.029906 seconds 
========================================================================
Received Import Request.
  Time since last request: 0.000063 seconds.
  path: Assets/Epic Toon FX/Materials/Misc/Fire/candle_soft_AB.mat
  artifactKey: Guid(fa8a93d50e2f83b428d329d3aea4da8b) Importer(815301076,1909f56bfc062723c751e8b465ee728b)
Start importing Assets/Epic Toon FX/Materials/Misc/Fire/candle_soft_AB.mat using Guid(fa8a93d50e2f83b428d329d3aea4da8b) Importer(815301076,1909f56bfc062723c751e8b465ee728b)  -> (artifact id: 'b030a3f3ef0192595a53dcb2bb3a78a6') in 0.040791 seconds 
========================================================================
Received Import Request.
  Time since last request: 0.000036 seconds.
  path: Assets/Epic Toon FX/Materials/Basics/cloud_2x2_soft_ADD.mat
  artifactKey: Guid(45e5f8a52225d8445999992da27052fd) Importer(815301076,1909f56bfc062723c751e8b465ee728b)
Start importing Assets/Epic Toon FX/Materials/Basics/cloud_2x2_soft_ADD.mat using Guid(45e5f8a52225d8445999992da27052fd) Importer(815301076,1909f56bfc062723c751e8b465ee728b)  -> (artifact id: '6b8a24ff7b97c6a0c3067c5a41016511') in 0.037303 seconds 
========================================================================
Received Import Request.
  Time since last request: 0.000030 seconds.
  path: Assets/Epic Toon FX/Demo/Materials/Bullet Surfaces/dev_material_glass.mat
  artifactKey: Guid(e05dfd819462e1142b6bf5a5e43d7050) Importer(815301076,1909f56bfc062723c751e8b465ee728b)
Start importing Assets/Epic Toon FX/Demo/Materials/Bullet Surfaces/dev_material_glass.mat using Guid(e05dfd819462e1142b6bf5a5e43d7050) Importer(815301076,1909f56bfc062723c751e8b465ee728b)  -> (artifact id: 'acae1f0b4f8eaa643cfbc6ccc2704af4') in 0.033356 seconds 
========================================================================
Received Import Request.
  Time since last request: 0.000029 seconds.
  path: Assets/Epic Toon FX/Demo/Materials/Bullet Surfaces/dev_material_grass.mat
  artifactKey: Guid(5a6526bda9af7194a9fe13a21f650076) Importer(815301076,1909f56bfc062723c751e8b465ee728b)
Start importing Assets/Epic Toon FX/Demo/Materials/Bullet Surfaces/dev_material_grass.mat using Guid(5a6526bda9af7194a9fe13a21f650076) Importer(815301076,1909f56bfc062723c751e8b465ee728b)  -> (artifact id: '3ca76fe06b2d26c3175cec824f10b2f8') in 0.040967 seconds 
========================================================================
Received Import Request.
  Time since last request: 0.000040 seconds.
  path: Assets/Epic Toon FX/Demo/Materials/Bullet Surfaces/dev_material_wood.mat
  artifactKey: Guid(c490a606988128d499f7f5e1800a5606) Importer(815301076,1909f56bfc062723c751e8b465ee728b)
Start importing Assets/Epic Toon FX/Demo/Materials/Bullet Surfaces/dev_material_wood.mat using Guid(c490a606988128d499f7f5e1800a5606) Importer(815301076,1909f56bfc062723c751e8b465ee728b)  -> (artifact id: 'e3336a49406e8a87c8408d63058d26fa') in 0.055917 seconds 
========================================================================
Received Import Request.
  Time since last request: 0.000047 seconds.
  path: Assets/Epic Toon FX/Materials/Misc/Decals/decal_gibs_AB.mat
  artifactKey: Guid(4feedb05f33786a41a00ff08bb601fd6) Importer(815301076,1909f56bfc062723c751e8b465ee728b)
Start importing Assets/Epic Toon FX/Materials/Misc/Decals/decal_gibs_AB.mat using Guid(4feedb05f33786a41a00ff08bb601fd6) Importer(815301076,1909f56bfc062723c751e8b465ee728b)  -> (artifact id: '2b292157e875fc4ecfdab555ab334fc6') in 0.051494 seconds 
========================================================================
Received Import Request.
  Time since last request: 0.000078 seconds.
  path: Assets/PNG_to_3D/Materials/brickMat_3.mat
  artifactKey: Guid(d12c1da7e79cd9f43b32aa3327657f4a) Importer(815301076,1909f56bfc062723c751e8b465ee728b)
Start importing Assets/PNG_to_3D/Materials/brickMat_3.mat using Guid(d12c1da7e79cd9f43b32aa3327657f4a) Importer(815301076,1909f56bfc062723c751e8b465ee728b)  -> (artifact id: '97ed4af9a6c7bcc91686e7a42f1cfac6') in 0.029111 seconds 
========================================================================
Received Import Request.
  Time since last request: 0.000038 seconds.
  path: Assets/BaseProject/LeanTween/Examples/Material/AlphBumps.mat
  artifactKey: Guid(12c720f1dd5674502bc1185ff99b70f9) Importer(815301076,1909f56bfc062723c751e8b465ee728b)
Start importing Assets/BaseProject/LeanTween/Examples/Material/AlphBumps.mat using Guid(12c720f1dd5674502bc1185ff99b70f9) Importer(815301076,1909f56bfc062723c751e8b465ee728b)  -> (artifact id: 'e5b4f86c4d71341fbe95d50b7860cd57') in 0.028136 seconds 
========================================================================
Received Import Request.
  Time since last request: 0.000031 seconds.
  path: Assets/Epic Toon FX/Materials/Basics/cloud_2x2_default_AB.mat
  artifactKey: Guid(d386c5d9fb941e845b73fe6da5491ef2) Importer(815301076,1909f56bfc062723c751e8b465ee728b)
Start importing Assets/Epic Toon FX/Materials/Basics/cloud_2x2_default_AB.mat using Guid(d386c5d9fb941e845b73fe6da5491ef2) Importer(815301076,1909f56bfc062723c751e8b465ee728b)  -> (artifact id: '7e6d579819367c49b239169e954429f8') in 0.038646 seconds 
========================================================================
Received Import Request.
  Time since last request: 0.000047 seconds.
  path: Assets/BaseProject/Fonts/Bubblegum SDF.asset
  artifactKey: Guid(28814684ef8e56848a335c4fa25af628) Importer(815301076,1909f56bfc062723c751e8b465ee728b)
Start importing Assets/BaseProject/Fonts/Bubblegum SDF.asset using Guid(28814684ef8e56848a335c4fa25af628) Importer(815301076,1909f56bfc062723c751e8b465ee728b)  -> (artifact id: 'bf9aef05d28caca9e3ae9d9d20495a6b') in 0.048042 seconds 
========================================================================
Received Import Request.
  Time since last request: 0.000077 seconds.
  path: Assets/Epic Toon FX/Materials/Misc/Emojis/Part 2/em_kissyface.mat
  artifactKey: Guid(a3fc86cbfbd51e2428cb0d2db2cea325) Importer(815301076,1909f56bfc062723c751e8b465ee728b)
Start importing Assets/Epic Toon FX/Materials/Misc/Emojis/Part 2/em_kissyface.mat using Guid(a3fc86cbfbd51e2428cb0d2db2cea325) Importer(815301076,1909f56bfc062723c751e8b465ee728b)  -> (artifact id: '71e83628e07a41a709f0ddf530275da8') in 0.050188 seconds 
========================================================================
Received Import Request.
  Time since last request: 0.000052 seconds.
  path: Assets/Epic Toon FX/Materials/Misc/Emojis/Part 1/em_clenchteeth2.mat
  artifactKey: Guid(7fa9df2d7badf0e47ba6805d48feaa73) Importer(815301076,1909f56bfc062723c751e8b465ee728b)
Start importing Assets/Epic Toon FX/Materials/Misc/Emojis/Part 1/em_clenchteeth2.mat using Guid(7fa9df2d7badf0e47ba6805d48feaa73) Importer(815301076,1909f56bfc062723c751e8b465ee728b)  -> (artifact id: '8e966764d9d5ae3a26e91f3ee2870523') in 0.040744 seconds 
========================================================================
Received Import Request.
  Time since last request: 0.000029 seconds.
  path: Assets/Epic Toon FX/Materials/Misc/Emojis/Part 1/em_derp.mat
  artifactKey: Guid(0fea7a5553d00b945b113c03442ad011) Importer(815301076,1909f56bfc062723c751e8b465ee728b)
Start importing Assets/Epic Toon FX/Materials/Misc/Emojis/Part 1/em_derp.mat using Guid(0fea7a5553d00b945b113c03442ad011) Importer(815301076,1909f56bfc062723c751e8b465ee728b)  -> (artifact id: '2430b2e7335db98be4b23d05b38806db') in 0.070522 seconds 
========================================================================
Received Import Request.
  Time since last request: 0.000042 seconds.
  path: Assets/Epic Toon FX/Demo/Materials/dev_half.mat
  artifactKey: Guid(71ad8ec8c8649bc47bb009bf8f6acd38) Importer(815301076,1909f56bfc062723c751e8b465ee728b)
Start importing Assets/Epic Toon FX/Demo/Materials/dev_half.mat using Guid(71ad8ec8c8649bc47bb009bf8f6acd38) Importer(815301076,1909f56bfc062723c751e8b465ee728b)  -> (artifact id: '85a9b92949a6a21fb2b445ffcae82353') in 0.034117 seconds 
========================================================================
Received Import Request.
  Time since last request: 0.000039 seconds.
  path: Assets/Epic Toon FX/Demo/Materials/card.mat
  artifactKey: Guid(2e0e72b39b9d9a9499fc9606faf9e117) Importer(815301076,1909f56bfc062723c751e8b465ee728b)
Start importing Assets/Epic Toon FX/Demo/Materials/card.mat using Guid(2e0e72b39b9d9a9499fc9606faf9e117) Importer(815301076,1909f56bfc062723c751e8b465ee728b)  -> (artifact id: '48b44f5f6673699a59e749834ad87717') in 0.060065 seconds 
========================================================================
Received Import Request.
  Time since last request: 0.000074 seconds.
  path: Assets/Epic Toon FX/Demo/Materials/dev_emojis.mat
  artifactKey: Guid(85825a09e6c79904b8ce7f19f0fca193) Importer(815301076,1909f56bfc062723c751e8b465ee728b)
Start importing Assets/Epic Toon FX/Demo/Materials/dev_emojis.mat using Guid(85825a09e6c79904b8ce7f19f0fca193) Importer(815301076,1909f56bfc062723c751e8b465ee728b)  -> (artifact id: 'f254da8ebcb721969afb5fdd5217160f') in 0.033446 seconds 
========================================================================
Received Import Request.
  Time since last request: 0.000079 seconds.
  path: Assets/Epic Toon FX/Materials/Basics/circle_AB.mat
  artifactKey: Guid(150aee38b5d848b42b75593618992bb7) Importer(815301076,1909f56bfc062723c751e8b465ee728b)
Start importing Assets/Epic Toon FX/Materials/Basics/circle_AB.mat using Guid(150aee38b5d848b42b75593618992bb7) Importer(815301076,1909f56bfc062723c751e8b465ee728b)  -> (artifact id: 'f766881f37cfb3c33843c5bda36444ca') in 0.036947 seconds 
========================================================================
Received Import Request.
  Time since last request: 0.000062 seconds.
  path: Assets/Epic Toon FX/Materials/Misc/Bubbles/bubble_round2_ADD.mat
  artifactKey: Guid(daba5687afb2ea24f95d16146dce6cc8) Importer(815301076,1909f56bfc062723c751e8b465ee728b)
Start importing Assets/Epic Toon FX/Materials/Misc/Bubbles/bubble_round2_ADD.mat using Guid(daba5687afb2ea24f95d16146dce6cc8) Importer(815301076,1909f56bfc062723c751e8b465ee728b)  -> (artifact id: '5bbe6eb5a0d507ba29dd8ed2f640047d') in 0.046696 seconds 
========================================================================
Received Import Request.
  Time since last request: 0.000042 seconds.
  path: Assets/Epic Toon FX/Materials/Misc/Bubbles/bubble_round3_ADD.mat
  artifactKey: Guid(3d0bdb19affdc5741b6d457ee719ed02) Importer(815301076,1909f56bfc062723c751e8b465ee728b)
Start importing Assets/Epic Toon FX/Materials/Misc/Bubbles/bubble_round3_ADD.mat using Guid(3d0bdb19affdc5741b6d457ee719ed02) Importer(815301076,1909f56bfc062723c751e8b465ee728b)  -> (artifact id: '934013488c1704f7e9aca77990d81975') in 0.052917 seconds 
========================================================================
Received Import Request.
  Time since last request: 0.000086 seconds.
  path: Assets/Epic Toon FX/Materials/Misc/Emojis/Part 1/em_cool.mat
  artifactKey: Guid(b4f1adaa536553c48b2f5173e9537d38) Importer(815301076,1909f56bfc062723c751e8b465ee728b)
Start importing Assets/Epic Toon FX/Materials/Misc/Emojis/Part 1/em_cool.mat using Guid(b4f1adaa536553c48b2f5173e9537d38) Importer(815301076,1909f56bfc062723c751e8b465ee728b)  -> (artifact id: 'e6d382846ac15f1caacfdcfc777884a1') in 0.055942 seconds 
========================================================================
Received Import Request.
  Time since last request: 0.000037 seconds.
  path: Assets/Epic Toon FX/Materials/Misc/Emojis/Part 2/em_OwO.mat
  artifactKey: Guid(fec69240d3b644d4f96065864122195b) Importer(815301076,1909f56bfc062723c751e8b465ee728b)
Start importing Assets/Epic Toon FX/Materials/Misc/Emojis/Part 2/em_OwO.mat using Guid(fec69240d3b644d4f96065864122195b) Importer(815301076,1909f56bfc062723c751e8b465ee728b)  -> (artifact id: '72f7f2679ead120fb735d1ad87ab82c4') in 0.056077 seconds 
========================================================================
Received Import Request.
  Time since last request: 0.000080 seconds.
  path: Assets/Epic Toon FX/Materials/Misc/Emojis/Part 1/em_angry.mat
  artifactKey: Guid(9f34070364e48d24297908866dd6762f) Importer(815301076,1909f56bfc062723c751e8b465ee728b)
Start importing Assets/Epic Toon FX/Materials/Misc/Emojis/Part 1/em_angry.mat using Guid(9f34070364e48d24297908866dd6762f) Importer(815301076,1909f56bfc062723c751e8b465ee728b)  -> (artifact id: 'fc63932edefbac3af816ba9ec2be37f2') in 0.063239 seconds 
========================================================================
Received Import Request.
  Time since last request: 690.577112 seconds.
  path: Assets/BaseProject/GUI PRO Kit - Casual Game/ResourcesData/Sprite/Demo/Demo_ClanFlag/ClanIcon_Symbol_Large1.png
  artifactKey: Guid(aef20f8e21ef14da9ba50e7d8df50510) Importer(815301076,1909f56bfc062723c751e8b465ee728b)
Start importing Assets/BaseProject/GUI PRO Kit - Casual Game/ResourcesData/Sprite/Demo/Demo_ClanFlag/ClanIcon_Symbol_Large1.png using Guid(aef20f8e21ef14da9ba50e7d8df50510) Importer(815301076,1909f56bfc062723c751e8b465ee728b)  -> (artifact id: 'f198ccae6377b7cbeb7a5ddb33beeb37') in 0.125574 seconds 
========================================================================
Received Import Request.
  Time since last request: 0.000058 seconds.
  path: Assets/BaseProject/GUI PRO Kit - Casual Game/ResourcesData/Sprite/Demo/Demo_ClanFlag/ClanIcon_Symbol_Small4.png
  artifactKey: Guid(35b4f3b51c8fc4c48ba3f7750be46e4b) Importer(815301076,1909f56bfc062723c751e8b465ee728b)
Start importing Assets/BaseProject/GUI PRO Kit - Casual Game/ResourcesData/Sprite/Demo/Demo_ClanFlag/ClanIcon_Symbol_Small4.png using Guid(35b4f3b51c8fc4c48ba3f7750be46e4b) Importer(815301076,1909f56bfc062723c751e8b465ee728b)  -> (artifact id: '12304a750732799347a828bfc74a28e2') in 0.044853 seconds 
========================================================================
Received Import Request.
  Time since last request: 0.000053 seconds.
  path: Assets/BaseProject/GUI PRO Kit - Casual Game/ResourcesData/Sprite/Demo/Demo_ClanFlag/ClanIcon_Symbol_Small1.png
  artifactKey: Guid(f46c20033f2c549bcb8dd8a3d65ac1a0) Importer(815301076,1909f56bfc062723c751e8b465ee728b)
Start importing Assets/BaseProject/GUI PRO Kit - Casual Game/ResourcesData/Sprite/Demo/Demo_ClanFlag/ClanIcon_Symbol_Small1.png using Guid(f46c20033f2c549bcb8dd8a3d65ac1a0) Importer(815301076,1909f56bfc062723c751e8b465ee728b)  -> (artifact id: '24321bbc0c8ffd83a70ae0c1408604db') in 0.036975 seconds 
========================================================================
Received Import Request.
  Time since last request: 0.000079 seconds.
  path: Assets/BaseProject/GUI PRO Kit - Casual Game/ResourcesData/Sprite/Demo/Demo_ClanFlag/ClanIcon_Symbol_Large4.png
  artifactKey: Guid(cb873b07dc75243c1942d89018500c32) Importer(815301076,1909f56bfc062723c751e8b465ee728b)
Start importing Assets/BaseProject/GUI PRO Kit - Casual Game/ResourcesData/Sprite/Demo/Demo_ClanFlag/ClanIcon_Symbol_Large4.png using Guid(cb873b07dc75243c1942d89018500c32) Importer(815301076,1909f56bfc062723c751e8b465ee728b)  -> (artifact id: '7c6b7c0d464fb3ea2eea594911e15bea') in 0.034495 seconds 
========================================================================
Received Import Request.
  Time since last request: 0.000036 seconds.
  path: Assets/BaseProject/GUI PRO Kit - Casual Game/ResourcesData/Sprite/Demo/Demo_ClanFlag/ClanIcon_Symbol_Small3.png
  artifactKey: Guid(c50a0f6e42d5c4abeb157b1b97e14ae8) Importer(815301076,1909f56bfc062723c751e8b465ee728b)
Start importing Assets/BaseProject/GUI PRO Kit - Casual Game/ResourcesData/Sprite/Demo/Demo_ClanFlag/ClanIcon_Symbol_Small3.png using Guid(c50a0f6e42d5c4abeb157b1b97e14ae8) Importer(815301076,1909f56bfc062723c751e8b465ee728b)  -> (artifact id: '9d586c2132c5f0c8fa6884e3bacd4291') in 0.030654 seconds 
========================================================================
Received Import Request.
  Time since last request: 0.000037 seconds.
  path: Assets/Epic Toon FX/Prefabs/Environment/Fireflies/FireFliesYellow.prefab
  artifactKey: Guid(ad967a85cc705da40bd22bd1cf7e6e96) Importer(815301076,1909f56bfc062723c751e8b465ee728b)
Start importing Assets/Epic Toon FX/Prefabs/Environment/Fireflies/FireFliesYellow.prefab using Guid(ad967a85cc705da40bd22bd1cf7e6e96) Importer(815301076,1909f56bfc062723c751e8b465ee728b)  -> (artifact id: 'c3c9d546a32ef42c3e04a6977b9ed18c') in 0.042331 seconds 
========================================================================
Received Import Request.
  Time since last request: 0.000044 seconds.
  path: Assets/Epic Toon FX/Textures/Emojis/kissyface.png
  artifactKey: Guid(6c59765e9ab73924a80c334a72fa4ae4) Importer(815301076,1909f56bfc062723c751e8b465ee728b)
Start importing Assets/Epic Toon FX/Textures/Emojis/kissyface.png using Guid(6c59765e9ab73924a80c334a72fa4ae4) Importer(815301076,1909f56bfc062723c751e8b465ee728b)  -> (artifact id: 'bb6f31bbed7152daa6b6cea66f12eeb5') in 0.033279 seconds 
========================================================================
Received Import Request.
  Time since last request: 1.565251 seconds.
  path: Assets/Epic Toon FX/Prefabs/Combat/Explosions/- Misc/StunExplosion.prefab
  artifactKey: Guid(775fb3e8f5df827428272416a14d9adf) Importer(815301076,1909f56bfc062723c751e8b465ee728b)
Start importing Assets/Epic Toon FX/Prefabs/Combat/Explosions/- Misc/StunExplosion.prefab using Guid(775fb3e8f5df827428272416a14d9adf) Importer(815301076,1909f56bfc062723c751e8b465ee728b)  -> (artifact id: 'ec4e3e4d25be5e850cf5839b87e98bbe') in 0.039381 seconds 
========================================================================
Received Import Request.
  Time since last request: 0.000033 seconds.
  path: Assets/Epic Toon FX/Prefabs/Combat/Explosions/- Misc/StunStarExplosion.prefab
  artifactKey: Guid(9c3b7f4ace8832b40abe6afe89fbcd91) Importer(815301076,1909f56bfc062723c751e8b465ee728b)
Start importing Assets/Epic Toon FX/Prefabs/Combat/Explosions/- Misc/StunStarExplosion.prefab using Guid(9c3b7f4ace8832b40abe6afe89fbcd91) Importer(815301076,1909f56bfc062723c751e8b465ee728b)  -> (artifact id: 'a1f29ddbe8da2e1eaf81f8907a92efbe') in 0.034112 seconds 
========================================================================
Received Import Request.
  Time since last request: 0.000053 seconds.
  path: Assets/Epic Toon FX/Prefabs/Combat/Brawling/Stun/StunnedCirclingStars.prefab
  artifactKey: Guid(2ed06ab528b7c474eb9246421cd7c791) Importer(815301076,1909f56bfc062723c751e8b465ee728b)
Start importing Assets/Epic Toon FX/Prefabs/Combat/Brawling/Stun/StunnedCirclingStars.prefab using Guid(2ed06ab528b7c474eb9246421cd7c791) Importer(815301076,1909f56bfc062723c751e8b465ee728b)  -> (artifact id: 'bfed62ec6aeec9a6f170249067352364') in 0.047558 seconds 
========================================================================
Received Import Request.
  Time since last request: 0.000057 seconds.
  path: Assets/Epic Toon FX/Prefabs/Combat/Brawling/Stun/StunnedCirclingStarsSimple.prefab
  artifactKey: Guid(20980e90dd2e73b419275714d5c124c4) Importer(815301076,1909f56bfc062723c751e8b465ee728b)
Start importing Assets/Epic Toon FX/Prefabs/Combat/Brawling/Stun/StunnedCirclingStarsSimple.prefab using Guid(20980e90dd2e73b419275714d5c124c4) Importer(815301076,1909f56bfc062723c751e8b465ee728b)  -> (artifact id: '848d7a9737c03cbca65d0c777b0ab129') in 0.027835 seconds 
========================================================================
Received Import Request.
  Time since last request: 58.562885 seconds.
  path: Assets/Epic Toon FX/Prefabs/Combat/Brawling/Stun/StunnedCirclingStarsSimple.prefab
  artifactKey: Guid(20980e90dd2e73b419275714d5c124c4) Importer(815301076,1909f56bfc062723c751e8b465ee728b)
Start importing Assets/Epic Toon FX/Prefabs/Combat/Brawling/Stun/StunnedCirclingStarsSimple.prefab using Guid(20980e90dd2e73b419275714d5c124c4) Importer(815301076,1909f56bfc062723c751e8b465ee728b)  -> (artifact id: 'fb7500f28243b8b6bac3e31e68b35bb1') in 0.035487 seconds 
========================================================================
Received Import Request.
  Time since last request: 21.598593 seconds.
  path: Assets/ParticlePrefabs/GlowOrbWhite.prefab
  artifactKey: Guid(716b14b61feb06f4784d94a46468bb1b) Importer(815301076,1909f56bfc062723c751e8b465ee728b)
Start importing Assets/ParticlePrefabs/GlowOrbWhite.prefab using Guid(716b14b61feb06f4784d94a46468bb1b) Importer(815301076,1909f56bfc062723c751e8b465ee728b)  -> (artifact id: '004d1c35371ee24f8fb6760740e7a2b6') in 0.031658 seconds 
Editor requested this worker to shutdown with reason: Scaling down because of idle timeout
AssetImportWorker is now disconnected from the server
Process exiting
Exiting without the bug reporter. Application will terminate with return code 0