Using pre-set license
Built from '2021.3/staging' branch; Version is '2021.3.8f1 (b30333d56e81) revision 11731763'; Using compiler version '192829333'; Build Type 'Release'
OS: 'Windows 11  (10.0.22000) 64bit CoreSingleLanguage' Language: 'tr' Physical Memory: 5996 MB
BatchMode: 1, IsHumanControllingUs: 0, StartBugReporterOnCrash: 0, Is64bit: 1, IsPro: 1

COMMAND LINE ARGUMENTS:
C:\Program Files\Unity\Hub\Editor\2021.3.8f1\Editor\Unity.exe
-adb2
-batchMode
-noUpm
-name
AssetImportWorker2
-projectPath
C:/GitHub/InfiniteCoinBlock/InfiniteCoinBlock
-logFile
Logs/AssetImportWorker2.log
-srvPort
55460
Successfully changed project path to: C:/GitHub/InfiniteCoinBlock/InfiniteCoinBlock
C:/GitHub/InfiniteCoinBlock/InfiniteCoinBlock
[UnityMemory] Configuration Parameters - Can be set up in boot.config
    "memorysetup-bucket-allocator-granularity=16"
    "memorysetup-bucket-allocator-bucket-count=8"
    "memorysetup-bucket-allocator-block-size=33554432"
    "memorysetup-bucket-allocator-block-count=8"
    "memorysetup-main-allocator-block-size=16777216"
    "memorysetup-thread-allocator-block-size=16777216"
    "memorysetup-gfx-main-allocator-block-size=16777216"
    "memorysetup-gfx-thread-allocator-block-size=16777216"
    "memorysetup-cache-allocator-block-size=4194304"
    "memorysetup-typetree-allocator-block-size=2097152"
    "memorysetup-profiler-bucket-allocator-granularity=16"
    "memorysetup-profiler-bucket-allocator-bucket-count=8"
    "memorysetup-profiler-bucket-allocator-block-size=33554432"
    "memorysetup-profiler-bucket-allocator-block-count=8"
    "memorysetup-profiler-allocator-block-size=16777216"
    "memorysetup-profiler-editor-allocator-block-size=1048576"
    "memorysetup-temp-allocator-size-main=16777216"
    "memorysetup-job-temp-allocator-block-size=2097152"
    "memorysetup-job-temp-allocator-block-size-background=1048576"
    "memorysetup-job-temp-allocator-reduction-small-platforms=262144"
    "memorysetup-temp-allocator-size-background-worker=32768"
    "memorysetup-temp-allocator-size-job-worker=262144"
    "memorysetup-temp-allocator-size-preload-manager=33554432"
    "memorysetup-temp-allocator-size-nav-mesh-worker=65536"
    "memorysetup-temp-allocator-size-audio-worker=65536"
    "memorysetup-temp-allocator-size-cloud-worker=32768"
    "memorysetup-temp-allocator-size-gi-baking-worker=262144"
    "memorysetup-temp-allocator-size-gfx=262144"
Refreshing native plugins compatible for Editor in 135.45 ms, found 5 plugins.
Preloading 0 native plugins for Editor in 0.00 ms.
Initialize engine version: 2021.3.8f1 (b30333d56e81)
[Subsystems] Discovering subsystems at path C:/Program Files/Unity/Hub/Editor/2021.3.8f1/Editor/Data/Resources/UnitySubsystems
[Subsystems] Discovering subsystems at path C:/GitHub/InfiniteCoinBlock/InfiniteCoinBlock/Assets
GfxDevice: creating device client; threaded=0; jobified=0
Direct3D:
    Version:  Direct3D 11.0 [level 11.1]
    Renderer: NVIDIA GeForce GTX 1650 (ID=0x1f9d)
    Vendor:   NVIDIA
    VRAM:     3965 MB
    Driver:   30.0.15.1236
Initialize mono
Mono path[0] = 'C:/Program Files/Unity/Hub/Editor/2021.3.8f1/Editor/Data/Managed'
Mono path[1] = 'C:/Program Files/Unity/Hub/Editor/2021.3.8f1/Editor/Data/MonoBleedingEdge/lib/mono/unityjit-win32'
Mono config path = 'C:/Program Files/Unity/Hub/Editor/2021.3.8f1/Editor/Data/MonoBleedingEdge/etc'
Using monoOptions --debugger-agent=transport=dt_socket,embedding=1,server=y,suspend=n,address=127.0.0.1:56328
Begin MonoManager ReloadAssembly
Registering precompiled unity dll's ...
Register platform support module: C:/Program Files/Unity/Hub/Editor/2021.3.8f1/Editor/Data/PlaybackEngines/AndroidPlayer/UnityEditor.Android.Extensions.dll
Register platform support module: C:/Program Files/Unity/Hub/Editor/2021.3.8f1/Editor/Data/PlaybackEngines/iOSSupport/UnityEditor.iOS.Extensions.dll
Register platform support module: C:/Program Files/Unity/Hub/Editor/2021.3.8f1/Editor/Data/PlaybackEngines/WindowsStandaloneSupport/UnityEditor.WindowsStandalone.Extensions.dll
Registered in 0.007280 seconds.
Native extension for WindowsStandalone target not found
[usbmuxd] Start listen thread
[usbmuxd] Listen thread started
Native extension for iOS target not found
Native extension for Android target not found
Refreshing native plugins compatible for Editor in 136.98 ms, found 5 plugins.
Preloading 0 native plugins for Editor in 0.00 ms.
Mono: successfully reloaded assembly
- Completed reload, in  0.733 seconds
Domain Reload Profiling:
	ReloadAssembly (733ms)
		BeginReloadAssembly (124ms)
			ExecutionOrderSort (0ms)
			DisableScriptedObjects (0ms)
			BackupInstance (0ms)
			ReleaseScriptingObjects (0ms)
			CreateAndSetChildDomain (1ms)
		EndReloadAssembly (511ms)
			LoadAssemblies (121ms)
			RebuildTransferFunctionScriptingTraits (0ms)
			SetupTypeCache (98ms)
			ReleaseScriptCaches (0ms)
			RebuildScriptCaches (25ms)
			SetupLoadedEditorAssemblies (331ms)
				LogAssemblyErrors (0ms)
				InitializePlatformSupportModulesInManaged (64ms)
				SetLoadedEditorAssemblies (0ms)
				RefreshPlugins (137ms)
				BeforeProcessingInitializeOnLoad (1ms)
				ProcessInitializeOnLoadAttributes (89ms)
				ProcessInitializeOnLoadMethodAttributes (39ms)
				AfterProcessingInitializeOnLoad (0ms)
				EditorAssembliesLoaded (0ms)
			ExecutionOrderSort2 (0ms)
			AwakeInstancesAfterBackupRestoration (0ms)
Platform modules already initialized, skipping
Registering precompiled user dll's ...
Registered in 0.022455 seconds.
Begin MonoManager ReloadAssembly
Symbol file LoadedFromMemory doesn't match image C:\GitHub\InfiniteCoinBlock\InfiniteCoinBlock\Library\PackageCache\com.unity.visualscripting@1.7.8\Editor\VisualScripting.Core\Dependencies\YamlDotNet\Unity.VisualScripting.YamlDotNet.dll
Symbol file LoadedFromMemory doesn't match image C:\GitHub\InfiniteCoinBlock\InfiniteCoinBlock\Library\PackageCache\com.unity.visualscripting@1.7.8\Editor\VisualScripting.Core\Dependencies\DotNetZip\Unity.VisualScripting.IonicZip.dll
Native extension for WindowsStandalone target not found
Native extension for iOS target not found
Native extension for Android target not found
Refreshing native plugins compatible for Editor in 145.47 ms, found 5 plugins.
Preloading 0 native plugins for Editor in 0.00 ms.
Mono: successfully reloaded assembly
- Completed reload, in  1.954 seconds
Domain Reload Profiling:
	ReloadAssembly (1955ms)
		BeginReloadAssembly (254ms)
			ExecutionOrderSort (0ms)
			DisableScriptedObjects (5ms)
			BackupInstance (0ms)
			ReleaseScriptingObjects (0ms)
			CreateAndSetChildDomain (129ms)
		EndReloadAssembly (1582ms)
			LoadAssemblies (254ms)
			RebuildTransferFunctionScriptingTraits (0ms)
			SetupTypeCache (382ms)
			ReleaseScriptCaches (2ms)
			RebuildScriptCaches (65ms)
			SetupLoadedEditorAssemblies (870ms)
				LogAssemblyErrors (0ms)
				InitializePlatformSupportModulesInManaged (28ms)
				SetLoadedEditorAssemblies (0ms)
				RefreshPlugins (146ms)
				BeforeProcessingInitializeOnLoad (130ms)
				ProcessInitializeOnLoadAttributes (466ms)
				ProcessInitializeOnLoadMethodAttributes (95ms)
				AfterProcessingInitializeOnLoad (6ms)
				EditorAssembliesLoaded (0ms)
			ExecutionOrderSort2 (0ms)
			AwakeInstancesAfterBackupRestoration (5ms)
Platform modules already initialized, skipping
========================================================================
Worker process is ready to serve import requests
Launched and connected shader compiler UnityShaderCompiler.exe after 0.06 seconds
Refreshing native plugins compatible for Editor in 3.81 ms, found 5 plugins.
Preloading 0 native plugins for Editor in 0.00 ms.
Unloading 5505 Unused Serialized files (Serialized files now loaded: 0)
Unloading 58 unused Assets / (7.1 MB). Loaded Objects now: 5951.
Memory consumption went from 283.8 MB to 276.8 MB.
Total: 7.598000 ms (FindLiveObjects: 0.581000 ms CreateObjectMapping: 0.192300 ms MarkObjects: 4.507100 ms  DeleteObjects: 2.316100 ms)

AssetImportParameters requested are different than current active one (requested -> active):
  custom:video-decoder-ogg-theora: a1e56fd34408186e4bbccfd4996cb3dc -> 
  custom:container-muxer-webm: aa71ff27fc2769a1b78a27578f13a17b -> 
  custom:container-demuxer-webm: 4f35f7cbe854078d1ac9338744f61a02 -> 
  custom:video-encoder-webm-vp8: eb34c28f22e8b96e1ab97ce403110664 -> 
  custom:video-codec-MediaFoundation-h265: 746d11721c4dcdbdad8f713fa42b33f4 -> 
  custom:audio-encoder-webm-vorbis: bf7c407c2cedff20999df2af8eb42d56 -> 
  custom:framework-win-MediaFoundation: 216162199b28c13a410421893ffa2e32 -> 
  custom:container-demuxer-ogg: 62fdf1f143b41e24485cea50d1cbac27 -> 
  custom:video-decoder-webm-vp8: 9c59270c3fd7afecdb556c50c9e8de78 -> 
  custom:audio-decoder-ogg-vorbis: bf7c407c2cedff20999df2af8eb42d56 -> 
========================================================================
Received Prepare
Registering precompiled user dll's ...
Registered in 0.010180 seconds.
Begin MonoManager ReloadAssembly
Symbol file LoadedFromMemory doesn't match image C:\GitHub\InfiniteCoinBlock\InfiniteCoinBlock\Library\PackageCache\com.unity.visualscripting@1.7.8\Editor\VisualScripting.Core\Dependencies\YamlDotNet\Unity.VisualScripting.YamlDotNet.dll
Symbol file LoadedFromMemory doesn't match image C:\GitHub\InfiniteCoinBlock\InfiniteCoinBlock\Library\PackageCache\com.unity.visualscripting@1.7.8\Editor\VisualScripting.Core\Dependencies\DotNetZip\Unity.VisualScripting.IonicZip.dll
Native extension for WindowsStandalone target not found
Native extension for iOS target not found
Native extension for Android target not found
Refreshing native plugins compatible for Editor in 2.06 ms, found 5 plugins.
Preloading 0 native plugins for Editor in 0.00 ms.
Mono: successfully reloaded assembly
- Completed reload, in  2.077 seconds
Domain Reload Profiling:
	ReloadAssembly (2078ms)
		BeginReloadAssembly (730ms)
			ExecutionOrderSort (0ms)
			DisableScriptedObjects (41ms)
			BackupInstance (0ms)
			ReleaseScriptingObjects (0ms)
			CreateAndSetChildDomain (428ms)
		EndReloadAssembly (1224ms)
			LoadAssemblies (351ms)
			RebuildTransferFunctionScriptingTraits (0ms)
			SetupTypeCache (346ms)
			ReleaseScriptCaches (3ms)
			RebuildScriptCaches (57ms)
			SetupLoadedEditorAssemblies (484ms)
				LogAssemblyErrors (0ms)
				InitializePlatformSupportModulesInManaged (32ms)
				SetLoadedEditorAssemblies (1ms)
				RefreshPlugins (2ms)
				BeforeProcessingInitializeOnLoad (89ms)
				ProcessInitializeOnLoadAttributes (266ms)
				ProcessInitializeOnLoadMethodAttributes (89ms)
				AfterProcessingInitializeOnLoad (6ms)
				EditorAssembliesLoaded (0ms)
			ExecutionOrderSort2 (0ms)
			AwakeInstancesAfterBackupRestoration (5ms)
Platform modules already initialized, skipping
Refreshing native plugins compatible for Editor in 6.25 ms, found 5 plugins.
Preloading 0 native plugins for Editor in 0.00 ms.
Unloading 5328 Unused Serialized files (Serialized files now loaded: 0)
Unloading 51 unused Assets / (7.1 MB). Loaded Objects now: 5954.
Memory consumption went from 269.3 MB to 262.2 MB.
Total: 12.056100 ms (FindLiveObjects: 1.637900 ms CreateObjectMapping: 0.500300 ms MarkObjects: 7.213500 ms  DeleteObjects: 2.702000 ms)

AssetImportParameters requested are different than current active one (requested -> active):
  custom:video-decoder-ogg-theora: a1e56fd34408186e4bbccfd4996cb3dc -> 
  custom:container-muxer-webm: aa71ff27fc2769a1b78a27578f13a17b -> 
  custom:container-demuxer-webm: 4f35f7cbe854078d1ac9338744f61a02 -> 
  custom:video-encoder-webm-vp8: eb34c28f22e8b96e1ab97ce403110664 -> 
  custom:video-codec-MediaFoundation-h265: 746d11721c4dcdbdad8f713fa42b33f4 -> 
  custom:audio-encoder-webm-vorbis: bf7c407c2cedff20999df2af8eb42d56 -> 
  custom:framework-win-MediaFoundation: 216162199b28c13a410421893ffa2e32 -> 
  custom:container-demuxer-ogg: 62fdf1f143b41e24485cea50d1cbac27 -> 
  custom:video-decoder-webm-vp8: 9c59270c3fd7afecdb556c50c9e8de78 -> 
  custom:audio-decoder-ogg-vorbis: bf7c407c2cedff20999df2af8eb42d56 -> 
========================================================================
Received Prepare
Registering precompiled user dll's ...
Registered in 0.015037 seconds.
Begin MonoManager ReloadAssembly
Symbol file LoadedFromMemory doesn't match image C:\GitHub\InfiniteCoinBlock\InfiniteCoinBlock\Library\PackageCache\com.unity.visualscripting@1.7.8\Editor\VisualScripting.Core\Dependencies\YamlDotNet\Unity.VisualScripting.YamlDotNet.dll
Symbol file LoadedFromMemory doesn't match image C:\GitHub\InfiniteCoinBlock\InfiniteCoinBlock\Library\PackageCache\com.unity.visualscripting@1.7.8\Editor\VisualScripting.Core\Dependencies\DotNetZip\Unity.VisualScripting.IonicZip.dll
Native extension for WindowsStandalone target not found
Native extension for iOS target not found
Native extension for Android target not found
Refreshing native plugins compatible for Editor in 1.80 ms, found 5 plugins.
Preloading 0 native plugins for Editor in 0.00 ms.
Mono: successfully reloaded assembly
- Completed reload, in  1.481 seconds
Domain Reload Profiling:
	ReloadAssembly (1482ms)
		BeginReloadAssembly (215ms)
			ExecutionOrderSort (0ms)
			DisableScriptedObjects (6ms)
			BackupInstance (0ms)
			ReleaseScriptingObjects (0ms)
			CreateAndSetChildDomain (60ms)
		EndReloadAssembly (1152ms)
			LoadAssemblies (235ms)
			RebuildTransferFunctionScriptingTraits (0ms)
			SetupTypeCache (343ms)
			ReleaseScriptCaches (3ms)
			RebuildScriptCaches (58ms)
			SetupLoadedEditorAssemblies (512ms)
				LogAssemblyErrors (0ms)
				InitializePlatformSupportModulesInManaged (34ms)
				SetLoadedEditorAssemblies (0ms)
				RefreshPlugins (2ms)
				BeforeProcessingInitializeOnLoad (98ms)
				ProcessInitializeOnLoadAttributes (271ms)
				ProcessInitializeOnLoadMethodAttributes (100ms)
				AfterProcessingInitializeOnLoad (6ms)
				EditorAssembliesLoaded (0ms)
			ExecutionOrderSort2 (0ms)
			AwakeInstancesAfterBackupRestoration (6ms)
Platform modules already initialized, skipping
Refreshing native plugins compatible for Editor in 4.65 ms, found 5 plugins.
Preloading 0 native plugins for Editor in 0.00 ms.
Unloading 5328 Unused Serialized files (Serialized files now loaded: 0)
Unloading 51 unused Assets / (7.1 MB). Loaded Objects now: 5957.
Memory consumption went from 269.3 MB to 262.2 MB.
Total: 11.845800 ms (FindLiveObjects: 0.797700 ms CreateObjectMapping: 0.213300 ms MarkObjects: 5.453900 ms  DeleteObjects: 5.378100 ms)

AssetImportParameters requested are different than current active one (requested -> active):
  custom:video-decoder-ogg-theora: a1e56fd34408186e4bbccfd4996cb3dc -> 
  custom:container-muxer-webm: aa71ff27fc2769a1b78a27578f13a17b -> 
  custom:container-demuxer-webm: 4f35f7cbe854078d1ac9338744f61a02 -> 
  custom:video-encoder-webm-vp8: eb34c28f22e8b96e1ab97ce403110664 -> 
  custom:video-codec-MediaFoundation-h265: 746d11721c4dcdbdad8f713fa42b33f4 -> 
  custom:audio-encoder-webm-vorbis: bf7c407c2cedff20999df2af8eb42d56 -> 
  custom:framework-win-MediaFoundation: 216162199b28c13a410421893ffa2e32 -> 
  custom:container-demuxer-ogg: 62fdf1f143b41e24485cea50d1cbac27 -> 
  custom:video-decoder-webm-vp8: 9c59270c3fd7afecdb556c50c9e8de78 -> 
  custom:audio-decoder-ogg-vorbis: bf7c407c2cedff20999df2af8eb42d56 -> 
========================================================================
Received Import Request.
  Time since last request: 727391.933352 seconds.
  path: Assets/LevelDatas/LevelPrefab/Level 1.prefab
  artifactKey: Guid(c6ea70e51c76ec84b99b2d077571f0b5) Importer(815301076,1909f56bfc062723c751e8b465ee728b)
Start importing Assets/LevelDatas/LevelPrefab/Level 1.prefab using Guid(c6ea70e51c76ec84b99b2d077571f0b5) Importer(815301076,1909f56bfc062723c751e8b465ee728b)  -> (artifact id: '75842a9a0f986346a24966087aadf55c') in 0.299176 seconds 
========================================================================
Received Import Request.
  Time since last request: 3.003639 seconds.
  path: Assets/LevelDatas/LevelPrefab/Level1.prefab
  artifactKey: Guid(b4a470746a3cccb4e9bdf6e18cad58cd) Importer(815301076,1909f56bfc062723c751e8b465ee728b)
Start importing Assets/LevelDatas/LevelPrefab/Level1.prefab using Guid(b4a470746a3cccb4e9bdf6e18cad58cd) Importer(815301076,1909f56bfc062723c751e8b465ee728b)  -> (artifact id: '042747b9ecb7d75097aed32cb29ba6cb') in 0.061610 seconds 
========================================================================
Received Import Request.
  Time since last request: 5.604867 seconds.
  path: Assets/LevelDatas/LevelPrefab/Level 3.prefab
  artifactKey: Guid(b4a470746a3cccb4e9bdf6e18cad58cd) Importer(815301076,1909f56bfc062723c751e8b465ee728b)
Start importing Assets/LevelDatas/LevelPrefab/Level 3.prefab using Guid(b4a470746a3cccb4e9bdf6e18cad58cd) Importer(815301076,1909f56bfc062723c751e8b465ee728b)  -> (artifact id: '7f929ce04065825889e0ef3917838e84') in 0.057644 seconds 
========================================================================
Received Import Request.
  Time since last request: 11.223835 seconds.
  path: Assets/LevelDatas/Lv.UpgradeSettings/Lv1-Upgrade Settings.asset
  artifactKey: Guid(0b8a63d729adff74991518e658828764) Importer(815301076,1909f56bfc062723c751e8b465ee728b)
Start importing Assets/LevelDatas/Lv.UpgradeSettings/Lv1-Upgrade Settings.asset using Guid(0b8a63d729adff74991518e658828764) Importer(815301076,1909f56bfc062723c751e8b465ee728b)  -> (artifact id: '6956206938a3e61b7009b6244fb76875') in 0.083319 seconds 
========================================================================
Received Import Request.
  Time since last request: 5.667026 seconds.
  path: Assets/LevelDatas/Lv.BuildSettings
  artifactKey: Guid(05aae79262dcdaa41a948305ed99fd88) Importer(815301076,1909f56bfc062723c751e8b465ee728b)
Start importing Assets/LevelDatas/Lv.BuildSettings using Guid(05aae79262dcdaa41a948305ed99fd88) Importer(815301076,1909f56bfc062723c751e8b465ee728b)  -> (artifact id: '969982e98293defac0e8d85dec4b7566') in 0.008727 seconds 
========================================================================
Received Import Request.
  Time since last request: 0.043786 seconds.
  path: Assets/LevelDatas/Lv.BuildSettings/L2_Build Settings.asset
  artifactKey: Guid(fb33332a02435c5459b1d6fadcbe7a81) Importer(815301076,1909f56bfc062723c751e8b465ee728b)
Start importing Assets/LevelDatas/Lv.BuildSettings/L2_Build Settings.asset using Guid(fb33332a02435c5459b1d6fadcbe7a81) Importer(815301076,1909f56bfc062723c751e8b465ee728b)  -> (artifact id: 'f70def45c00c8732cac975974382d35c') in 0.021880 seconds 
========================================================================
Received Import Request.
  Time since last request: 43.275747 seconds.
  path: Assets/LevelDatas/Lv.BuildSettings/L3_Build Settings 1.asset
  artifactKey: Guid(6bbea4a04bfa3384d93fbe339fa898ed) Importer(815301076,1909f56bfc062723c751e8b465ee728b)
Start importing Assets/LevelDatas/Lv.BuildSettings/L3_Build Settings 1.asset using Guid(6bbea4a04bfa3384d93fbe339fa898ed) Importer(815301076,1909f56bfc062723c751e8b465ee728b)  -> (artifact id: '7148e73e31f1c5d7cbedc19bcea95e7b') in 0.009556 seconds 
========================================================================
Received Import Request.
  Time since last request: 12.244839 seconds.
  path: Assets/LevelDatas/Lv.BuildSettings/L4_Build Settings.asset
  artifactKey: Guid(6bbea4a04bfa3384d93fbe339fa898ed) Importer(815301076,1909f56bfc062723c751e8b465ee728b)
Start importing Assets/LevelDatas/Lv.BuildSettings/L4_Build Settings.asset using Guid(6bbea4a04bfa3384d93fbe339fa898ed) Importer(815301076,1909f56bfc062723c751e8b465ee728b)  -> (artifact id: '8bfee69fc94d0cf4e59c369d871ed2ff') in 0.010303 seconds 
========================================================================
Received Import Request.
  Time since last request: 2.757873 seconds.
  path: Assets/Epic Toon FX/Demo/Textures/Skybox/2.png
  artifactKey: Guid(44ff503ef0db1a240b2694969d266d9a) Importer(815301076,1909f56bfc062723c751e8b465ee728b)
Start importing Assets/Epic Toon FX/Demo/Textures/Skybox/2.png using Guid(44ff503ef0db1a240b2694969d266d9a) Importer(815301076,1909f56bfc062723c751e8b465ee728b)  -> (artifact id: '321669db232e503add83e0f89e5fcc70') in 0.099570 seconds 
========================================================================
Received Import Request.
  Time since last request: 0.000032 seconds.
  path: Assets/BaseProject/GUI PRO Kit - Casual Game/ResourcesData/Sprite/Component/Button/Btn_OtherButton_SideButton02_Right.png
  artifactKey: Guid(f337ec50763134ed1bbb82848ae3b024) Importer(815301076,1909f56bfc062723c751e8b465ee728b)
Start importing Assets/BaseProject/GUI PRO Kit - Casual Game/ResourcesData/Sprite/Component/Button/Btn_OtherButton_SideButton02_Right.png using Guid(f337ec50763134ed1bbb82848ae3b024) Importer(815301076,1909f56bfc062723c751e8b465ee728b)  -> (artifact id: '0d354c26f48c4720e74ed5d449f81d07') in 0.058346 seconds 
========================================================================
Received Import Request.
  Time since last request: 0.000069 seconds.
  path: Assets/Epic Toon FX/Textures/Emojis/angry.png
  artifactKey: Guid(827643247c5396045ab168f4d32a7e92) Importer(815301076,1909f56bfc062723c751e8b465ee728b)
Start importing Assets/Epic Toon FX/Textures/Emojis/angry.png using Guid(827643247c5396045ab168f4d32a7e92) Importer(815301076,1909f56bfc062723c751e8b465ee728b)  -> (artifact id: '1e82d82539ce711cd5ff72a004a8294f') in 0.048200 seconds 
========================================================================
Received Import Request.
  Time since last request: 0.000038 seconds.
  path: Assets/BaseProject/GUI PRO Kit - Casual Game/ResourcesData/Sprite/Demo/Demo_Background/Background_09_Purple4_GlowBottom.png
  artifactKey: Guid(d1210dfc6e6ef43e2a5b96c900c6bf26) Importer(815301076,1909f56bfc062723c751e8b465ee728b)
Start importing Assets/BaseProject/GUI PRO Kit - Casual Game/ResourcesData/Sprite/Demo/Demo_Background/Background_09_Purple4_GlowBottom.png using Guid(d1210dfc6e6ef43e2a5b96c900c6bf26) Importer(815301076,1909f56bfc062723c751e8b465ee728b)  -> (artifact id: '3eaf02061f1a706da323020a7f99f6c2') in 0.039225 seconds 
========================================================================
Received Import Request.
  Time since last request: 0.000034 seconds.
  path: Assets/BaseProject/GUI PRO Kit - Casual Game/ResourcesData/Sprite/Component/Button/Btn_OtherButton_Square02.png
  artifactKey: Guid(a5a4c7809bc8a4bad8dca1aebba59b46) Importer(815301076,1909f56bfc062723c751e8b465ee728b)
Start importing Assets/BaseProject/GUI PRO Kit - Casual Game/ResourcesData/Sprite/Component/Button/Btn_OtherButton_Square02.png using Guid(a5a4c7809bc8a4bad8dca1aebba59b46) Importer(815301076,1909f56bfc062723c751e8b465ee728b)  -> (artifact id: 'c4b233e0a9bc4366bf4839402b15612a') in 0.032516 seconds 
========================================================================
Received Import Request.
  Time since last request: 0.000064 seconds.
  path: Assets/BaseProject/GUI PRO Kit - Casual Game/ResourcesData/Sprite/Demo/Demo_Background/Background_08_4BottomGlow_Green.png
  artifactKey: Guid(c07684e29b48d4467b4cbc26388dfa98) Importer(815301076,1909f56bfc062723c751e8b465ee728b)
Start importing Assets/BaseProject/GUI PRO Kit - Casual Game/ResourcesData/Sprite/Demo/Demo_Background/Background_08_4BottomGlow_Green.png using Guid(c07684e29b48d4467b4cbc26388dfa98) Importer(815301076,1909f56bfc062723c751e8b465ee728b)  -> (artifact id: '2d1f7d9667d91019600b52ac7b06ba0a') in 0.035779 seconds 
========================================================================
Received Import Request.
  Time since last request: 0.000088 seconds.
  path: Assets/BaseProject/GUI PRO Kit - Casual Game/ResourcesData/Sprite/Demo/Demo_Background/Background_09_Purple3_GlowTop.png
  artifactKey: Guid(b779f7b448079467c9442503ad66781d) Importer(815301076,1909f56bfc062723c751e8b465ee728b)
Start importing Assets/BaseProject/GUI PRO Kit - Casual Game/ResourcesData/Sprite/Demo/Demo_Background/Background_09_Purple3_GlowTop.png using Guid(b779f7b448079467c9442503ad66781d) Importer(815301076,1909f56bfc062723c751e8b465ee728b)  -> (artifact id: 'c89af1e8caf3a205a6a3c7fbb286b680') in 0.030605 seconds 
========================================================================
Received Import Request.
  Time since last request: 0.000040 seconds.
  path: Assets/BaseProject/GUI PRO Kit - Casual Game/ResourcesData/Sprite/Component/Button/Btn_OtherButton_Square06.png
  artifactKey: Guid(fb4ddd419e9fb4bcd8d3c4ded642e4f4) Importer(815301076,1909f56bfc062723c751e8b465ee728b)
Start importing Assets/BaseProject/GUI PRO Kit - Casual Game/ResourcesData/Sprite/Component/Button/Btn_OtherButton_Square06.png using Guid(fb4ddd419e9fb4bcd8d3c4ded642e4f4) Importer(815301076,1909f56bfc062723c751e8b465ee728b)  -> (artifact id: '9cd2bb1d44d6c2cdd04c494ff0112580') in 0.026108 seconds 
========================================================================
Received Import Request.
  Time since last request: 0.000023 seconds.
  path: Assets/BaseProject/GUI PRO Kit - Casual Game/ResourcesData/Sprite/Component/Button/Btn_MainButton_Orange.Png
  artifactKey: Guid(2bc701b63b63f40e0893a9fabeaa0a78) Importer(815301076,1909f56bfc062723c751e8b465ee728b)
Start importing Assets/BaseProject/GUI PRO Kit - Casual Game/ResourcesData/Sprite/Component/Button/Btn_MainButton_Orange.Png using Guid(2bc701b63b63f40e0893a9fabeaa0a78) Importer(815301076,1909f56bfc062723c751e8b465ee728b)  -> (artifact id: '2ec511699733f3078f32cf468c51f5fc') in 0.029269 seconds 
========================================================================
Received Import Request.
  Time since last request: 0.000024 seconds.
  path: Assets/BaseProject/GUI PRO Kit - Casual Game/ResourcesData/Sprite/Component/Button/Btn_OtherButton_Square03_Blue.png
  artifactKey: Guid(43d850e9432604fbe9fc16c8c0fa806a) Importer(815301076,1909f56bfc062723c751e8b465ee728b)
Start importing Assets/BaseProject/GUI PRO Kit - Casual Game/ResourcesData/Sprite/Component/Button/Btn_OtherButton_Square03_Blue.png using Guid(43d850e9432604fbe9fc16c8c0fa806a) Importer(815301076,1909f56bfc062723c751e8b465ee728b)  -> (artifact id: '9999eda9467be62957f19a1ad3c40582') in 0.026789 seconds 
========================================================================
Received Import Request.
  Time since last request: 0.000036 seconds.
  path: Assets/Epic Toon FX/Textures/Emojis/angryscream.png
  artifactKey: Guid(1d53ccea30d239443a353dfc56787f7a) Importer(815301076,1909f56bfc062723c751e8b465ee728b)
Start importing Assets/Epic Toon FX/Textures/Emojis/angryscream.png using Guid(1d53ccea30d239443a353dfc56787f7a) Importer(815301076,1909f56bfc062723c751e8b465ee728b)  -> (artifact id: 'e8e771dc11b95a635cf075d4338aaed4') in 0.042013 seconds 
========================================================================
Received Import Request.
  Time since last request: 0.000031 seconds.
  path: Assets/BaseProject/GUI PRO Kit - Casual Game/ResourcesData/Sprite/Component/Button/Btn_OtherButton_Circle02.png
  artifactKey: Guid(d57994a69e680444b95c92e917a9c843) Importer(815301076,1909f56bfc062723c751e8b465ee728b)
Start importing Assets/BaseProject/GUI PRO Kit - Casual Game/ResourcesData/Sprite/Component/Button/Btn_OtherButton_Circle02.png using Guid(d57994a69e680444b95c92e917a9c843) Importer(815301076,1909f56bfc062723c751e8b465ee728b)  -> (artifact id: 'e2f554febdb5aecc80b30e96b387de12') in 0.037473 seconds 
========================================================================
Received Import Request.
  Time since last request: 0.000030 seconds.
  path: Assets/BaseProject/GUI PRO Kit - Casual Game/ResourcesData/Sprite/Component/Button/Btn_OtherButton_Square03_Purple.png
  artifactKey: Guid(0d64f6174c0ee48ac82b9113016322ad) Importer(815301076,1909f56bfc062723c751e8b465ee728b)
Start importing Assets/BaseProject/GUI PRO Kit - Casual Game/ResourcesData/Sprite/Component/Button/Btn_OtherButton_Square03_Purple.png using Guid(0d64f6174c0ee48ac82b9113016322ad) Importer(815301076,1909f56bfc062723c751e8b465ee728b)  -> (artifact id: '965d2d4ad5c7d15af65cec136b23bb73') in 0.024807 seconds 
========================================================================
Received Import Request.
  Time since last request: 0.000044 seconds.
  path: Assets/BaseProject/GUI PRO Kit - Casual Game/ResourcesData/Sprite/Demo/Demo_Background/Background_02.png
  artifactKey: Guid(1ba70e132f28941ed9977c1a213eb0a4) Importer(815301076,1909f56bfc062723c751e8b465ee728b)
Start importing Assets/BaseProject/GUI PRO Kit - Casual Game/ResourcesData/Sprite/Demo/Demo_Background/Background_02.png using Guid(1ba70e132f28941ed9977c1a213eb0a4) Importer(815301076,1909f56bfc062723c751e8b465ee728b)  -> (artifact id: '9b1587ea116683f3b3349f01bedf5e26') in 0.208980 seconds 
========================================================================
Received Import Request.
  Time since last request: 0.000094 seconds.
  path: Assets/BaseProject/GUI PRO Kit - Casual Game/ResourcesData/Sprite/Component/Button/Btn_MainButton_Green.Png
  artifactKey: Guid(cb37917483ee24fea8fab306393441e5) Importer(815301076,1909f56bfc062723c751e8b465ee728b)
Start importing Assets/BaseProject/GUI PRO Kit - Casual Game/ResourcesData/Sprite/Component/Button/Btn_MainButton_Green.Png using Guid(cb37917483ee24fea8fab306393441e5) Importer(815301076,1909f56bfc062723c751e8b465ee728b)  -> (artifact id: '1932c1681c3444221ba7e78da91de423') in 0.034007 seconds 
========================================================================
Received Import Request.
  Time since last request: 0.000042 seconds.
  path: Assets/BaseProject/GUI PRO Kit - Casual Game/ResourcesData/Sprite/Demo/Demo_Background/Background_08_2Middle.png
  artifactKey: Guid(660832cd74aed4c2c97b80b96457f6a1) Importer(815301076,1909f56bfc062723c751e8b465ee728b)
Start importing Assets/BaseProject/GUI PRO Kit - Casual Game/ResourcesData/Sprite/Demo/Demo_Background/Background_08_2Middle.png using Guid(660832cd74aed4c2c97b80b96457f6a1) Importer(815301076,1909f56bfc062723c751e8b465ee728b)  -> (artifact id: 'f51ff167bed42c4145d760ee4b7a7d93') in 0.108855 seconds 
========================================================================
Received Import Request.
  Time since last request: 0.000028 seconds.
  path: Assets/BaseProject/GUI PRO Kit - Casual Game/Preview/_Component_4.png
  artifactKey: Guid(16a32ae14e0434c57b89cfca1418d9cd) Importer(815301076,1909f56bfc062723c751e8b465ee728b)
Start importing Assets/BaseProject/GUI PRO Kit - Casual Game/Preview/_Component_4.png using Guid(16a32ae14e0434c57b89cfca1418d9cd) Importer(815301076,1909f56bfc062723c751e8b465ee728b)  -> (artifact id: '6c2ee7839b79dcbdc2d3870b2726e744') in 0.159828 seconds 
========================================================================
Received Import Request.
  Time since last request: 0.000043 seconds.
  path: Assets/BaseProject/GUI PRO Kit - Casual Game/ResourcesData/Sprite/Component/Button/Btn_MainButton_White.Png
  artifactKey: Guid(535d5068f6e6f4174a907fe1688dc8c1) Importer(815301076,1909f56bfc062723c751e8b465ee728b)
Start importing Assets/BaseProject/GUI PRO Kit - Casual Game/ResourcesData/Sprite/Component/Button/Btn_MainButton_White.Png using Guid(535d5068f6e6f4174a907fe1688dc8c1) Importer(815301076,1909f56bfc062723c751e8b465ee728b)  -> (artifact id: '50c58b91fde4de4bc0fdbaab3813efae') in 0.026934 seconds 
========================================================================
Received Import Request.
  Time since last request: 0.000037 seconds.
  path: Assets/BaseProject/GUI PRO Kit - Casual Game/ResourcesData/Sprite/Component/Button/Btn_MainButton_Purple.Png
  artifactKey: Guid(86ad28a37b0134b33b88df67b42b7fe0) Importer(815301076,1909f56bfc062723c751e8b465ee728b)
Start importing Assets/BaseProject/GUI PRO Kit - Casual Game/ResourcesData/Sprite/Component/Button/Btn_MainButton_Purple.Png using Guid(86ad28a37b0134b33b88df67b42b7fe0) Importer(815301076,1909f56bfc062723c751e8b465ee728b)  -> (artifact id: 'e2d049b9ca8ed85ed8cc5b7c1624aaf4') in 0.026088 seconds 
========================================================================
Received Import Request.
  Time since last request: 0.000035 seconds.
  path: Assets/BaseProject/GUI PRO Kit - Casual Game/ResourcesData/Sprite/Component/Button/Btn_OtherButton_Square07.png
  artifactKey: Guid(12cfc2b0181f64634bb2c971f1562978) Importer(815301076,1909f56bfc062723c751e8b465ee728b)
Start importing Assets/BaseProject/GUI PRO Kit - Casual Game/ResourcesData/Sprite/Component/Button/Btn_OtherButton_Square07.png using Guid(12cfc2b0181f64634bb2c971f1562978) Importer(815301076,1909f56bfc062723c751e8b465ee728b)  -> (artifact id: 'f446a249053ebc20472e45352c498f16') in 0.032223 seconds 
========================================================================
Received Import Request.
  Time since last request: 0.000074 seconds.
  path: Assets/BaseProject/GUI PRO Kit - Casual Game/ResourcesData/Sprite/Demo/Demo_Background/Background_09_Purple2.png
  artifactKey: Guid(7e09983b655f24cf390307d4b52ceb6b) Importer(815301076,1909f56bfc062723c751e8b465ee728b)
Start importing Assets/BaseProject/GUI PRO Kit - Casual Game/ResourcesData/Sprite/Demo/Demo_Background/Background_09_Purple2.png using Guid(7e09983b655f24cf390307d4b52ceb6b) Importer(815301076,1909f56bfc062723c751e8b465ee728b)  -> (artifact id: 'a49d0480b45744963ac4887e16df18ef') in 0.035951 seconds 
========================================================================
Received Import Request.
  Time since last request: 0.000060 seconds.
  path: Assets/BaseProject/GUI PRO Kit - Casual Game/ResourcesData/Sprite/Demo/Demo_Background/Background_08_3Right.png
  artifactKey: Guid(2cb0c617c8ea94bc59e68b83c8c05405) Importer(815301076,1909f56bfc062723c751e8b465ee728b)
Start importing Assets/BaseProject/GUI PRO Kit - Casual Game/ResourcesData/Sprite/Demo/Demo_Background/Background_08_3Right.png using Guid(2cb0c617c8ea94bc59e68b83c8c05405) Importer(815301076,1909f56bfc062723c751e8b465ee728b)  -> (artifact id: '69f5a347bdf5b4638518bef466526d6d') in 0.099127 seconds 
========================================================================
Received Import Request.
  Time since last request: 0.000075 seconds.
  path: Assets/Epic Toon FX/Textures/Text/boom.png
  artifactKey: Guid(0df209ed5e236c842aea8f79e6ea6522) Importer(815301076,1909f56bfc062723c751e8b465ee728b)
Start importing Assets/Epic Toon FX/Textures/Text/boom.png using Guid(0df209ed5e236c842aea8f79e6ea6522) Importer(815301076,1909f56bfc062723c751e8b465ee728b)  -> (artifact id: '6d134053c7e23cb6a5a876f3ff598648') in 0.035530 seconds 
========================================================================
Received Import Request.
  Time since last request: 0.000037 seconds.
  path: Assets/Epic Toon FX/Textures/Emojis/blush.png
  artifactKey: Guid(387dc9cb29c56b146a2fadccaf58cef4) Importer(815301076,1909f56bfc062723c751e8b465ee728b)
Start importing Assets/Epic Toon FX/Textures/Emojis/blush.png using Guid(387dc9cb29c56b146a2fadccaf58cef4) Importer(815301076,1909f56bfc062723c751e8b465ee728b)  -> (artifact id: '563405a6cfc27e3e399019781b1af5df') in 0.026712 seconds 
========================================================================
Received Import Request.
  Time since last request: 0.000033 seconds.
  path: Assets/BaseProject/GUI PRO Kit - Casual Game/ResourcesData/Sprite/Demo/Demo_Background/Background_05.png
  artifactKey: Guid(bfd71187e5f614337ae0b4a9bcfff07f) Importer(815301076,1909f56bfc062723c751e8b465ee728b)
Start importing Assets/BaseProject/GUI PRO Kit - Casual Game/ResourcesData/Sprite/Demo/Demo_Background/Background_05.png using Guid(bfd71187e5f614337ae0b4a9bcfff07f) Importer(815301076,1909f56bfc062723c751e8b465ee728b)  -> (artifact id: '39a6be19cdc234003710db4a9990e405') in 0.218639 seconds 
========================================================================
Received Import Request.
  Time since last request: 0.000038 seconds.
  path: Assets/Epic Toon FX/Textures/Emojis/bigsmile.png
  artifactKey: Guid(a887e55c507f0a24eae8c11437b3251e) Importer(815301076,1909f56bfc062723c751e8b465ee728b)
Start importing Assets/Epic Toon FX/Textures/Emojis/bigsmile.png using Guid(a887e55c507f0a24eae8c11437b3251e) Importer(815301076,1909f56bfc062723c751e8b465ee728b)  -> (artifact id: 'b96e35a1db06730d032c622b35a95e03') in 0.031938 seconds 
========================================================================
Received Import Request.
  Time since last request: 0.000068 seconds.
  path: Assets/BaseProject/GUI PRO Kit - Casual Game/ResourcesData/Sprite/Component/Button/Btn_MainButton_Gray.Png
  artifactKey: Guid(23d2f9d15f15a43c5bf2c57de1a27879) Importer(815301076,1909f56bfc062723c751e8b465ee728b)
Start importing Assets/BaseProject/GUI PRO Kit - Casual Game/ResourcesData/Sprite/Component/Button/Btn_MainButton_Gray.Png using Guid(23d2f9d15f15a43c5bf2c57de1a27879) Importer(815301076,1909f56bfc062723c751e8b465ee728b)  -> (artifact id: '8848714522d3a82dfb79fa4b13dce5b9') in 0.028464 seconds 
========================================================================
Received Import Request.
  Time since last request: 0.000033 seconds.
  path: Assets/Epic Toon FX/Demo/Textures/Skybox/5.png
  artifactKey: Guid(f4e339a9935fe0948a5bfa56982dddd9) Importer(815301076,1909f56bfc062723c751e8b465ee728b)
Start importing Assets/Epic Toon FX/Demo/Textures/Skybox/5.png using Guid(f4e339a9935fe0948a5bfa56982dddd9) Importer(815301076,1909f56bfc062723c751e8b465ee728b)  -> (artifact id: '480aa45dfc8ac2609e577830b9f7bf79') in 0.034483 seconds 
========================================================================
Received Import Request.
  Time since last request: 0.000029 seconds.
  path: Assets/BaseProject/GUI PRO Kit - Casual Game/ResourcesData/Sprite/Demo/Demo_Background/Background_ScreenGlow.png
  artifactKey: Guid(4ee91d319886c4e4b8a4155b88bc8e7f) Importer(815301076,1909f56bfc062723c751e8b465ee728b)
Start importing Assets/BaseProject/GUI PRO Kit - Casual Game/ResourcesData/Sprite/Demo/Demo_Background/Background_ScreenGlow.png using Guid(4ee91d319886c4e4b8a4155b88bc8e7f) Importer(815301076,1909f56bfc062723c751e8b465ee728b)  -> (artifact id: 'd5264e3e946828b4af3bb40c6610ee22') in 0.060138 seconds 
========================================================================
Received Import Request.
  Time since last request: 0.000041 seconds.
  path: Assets/BaseProject/GUI PRO Kit - Casual Game/ResourcesData/Sprite/Component/Button/Btn_OtherButton_Square04.png
  artifactKey: Guid(e0c60779c9ad14104a26ff569c139f15) Importer(815301076,1909f56bfc062723c751e8b465ee728b)
Start importing Assets/BaseProject/GUI PRO Kit - Casual Game/ResourcesData/Sprite/Component/Button/Btn_OtherButton_Square04.png using Guid(e0c60779c9ad14104a26ff569c139f15) Importer(815301076,1909f56bfc062723c751e8b465ee728b)  -> (artifact id: '411b152447df3fd23e9ed97c3d9afeef') in 0.034477 seconds 
========================================================================
Received Import Request.
  Time since last request: 0.000032 seconds.
  path: Assets/BaseProject/GUI PRO Kit - Casual Game/ResourcesData/Sprite/Component/Button/Btn_MainButton_Blue.Png
  artifactKey: Guid(6bbcba4e267be464998897741b81d508) Importer(815301076,1909f56bfc062723c751e8b465ee728b)
Start importing Assets/BaseProject/GUI PRO Kit - Casual Game/ResourcesData/Sprite/Component/Button/Btn_MainButton_Blue.Png using Guid(6bbcba4e267be464998897741b81d508) Importer(815301076,1909f56bfc062723c751e8b465ee728b)  -> (artifact id: '1e4f04bac29968c7bd3e481ac451df2a') in 0.026574 seconds 
========================================================================
Received Import Request.
  Time since last request: 0.000042 seconds.
  path: Assets/UI/tuglaUI/Alphakind SDF.asset
  artifactKey: Guid(ebdbbd575a991874a8a1208570ed3570) Importer(815301076,1909f56bfc062723c751e8b465ee728b)
Start importing Assets/UI/tuglaUI/Alphakind SDF.asset using Guid(ebdbbd575a991874a8a1208570ed3570) Importer(815301076,1909f56bfc062723c751e8b465ee728b)  -> (artifact id: 'edd4973a2ad8eea67ef7807a6bf84422') in 0.086505 seconds 
Editor requested this worker to shutdown with reason: Scaling down because of idle timeout
AssetImportWorker is now disconnected from the server
Process exiting
Exiting without the bug reporter. Application will terminate with return code 0