Using pre-set license
Built from '2021.3/staging' branch; Version is '2021.3.8f1 (b30333d56e81) revision 11731763'; Using compiler version '192829333'; Build Type 'Release'
OS: 'Windows 11  (10.0.22000) 64bit CoreSingleLanguage' Language: 'tr' Physical Memory: 5996 MB
BatchMode: 1, IsHumanControllingUs: 0, StartBugReporterOnCrash: 0, Is64bit: 1, IsPro: 1

COMMAND LINE ARGUMENTS:
C:\Program Files\Unity\Hub\Editor\2021.3.8f1\Editor\Unity.exe
-adb2
-batchMode
-noUpm
-name
AssetImportWorker7
-projectPath
C:/GitHub/InfiniteCoinBlock/InfiniteCoinBlock
-logFile
Logs/AssetImportWorker7.log
-srvPort
53555
Successfully changed project path to: C:/GitHub/InfiniteCoinBlock/InfiniteCoinBlock
C:/GitHub/InfiniteCoinBlock/InfiniteCoinBlock
[UnityMemory] Configuration Parameters - Can be set up in boot.config
    "memorysetup-bucket-allocator-granularity=16"
    "memorysetup-bucket-allocator-bucket-count=8"
    "memorysetup-bucket-allocator-block-size=33554432"
    "memorysetup-bucket-allocator-block-count=8"
    "memorysetup-main-allocator-block-size=16777216"
    "memorysetup-thread-allocator-block-size=16777216"
    "memorysetup-gfx-main-allocator-block-size=16777216"
    "memorysetup-gfx-thread-allocator-block-size=16777216"
    "memorysetup-cache-allocator-block-size=4194304"
    "memorysetup-typetree-allocator-block-size=2097152"
    "memorysetup-profiler-bucket-allocator-granularity=16"
    "memorysetup-profiler-bucket-allocator-bucket-count=8"
    "memorysetup-profiler-bucket-allocator-block-size=33554432"
    "memorysetup-profiler-bucket-allocator-block-count=8"
    "memorysetup-profiler-allocator-block-size=16777216"
    "memorysetup-profiler-editor-allocator-block-size=1048576"
    "memorysetup-temp-allocator-size-main=16777216"
    "memorysetup-job-temp-allocator-block-size=2097152"
    "memorysetup-job-temp-allocator-block-size-background=1048576"
    "memorysetup-job-temp-allocator-reduction-small-platforms=262144"
    "memorysetup-temp-allocator-size-background-worker=32768"
    "memorysetup-temp-allocator-size-job-worker=262144"
    "memorysetup-temp-allocator-size-preload-manager=33554432"
    "memorysetup-temp-allocator-size-nav-mesh-worker=65536"
    "memorysetup-temp-allocator-size-audio-worker=65536"
    "memorysetup-temp-allocator-size-cloud-worker=32768"
    "memorysetup-temp-allocator-size-gi-baking-worker=262144"
    "memorysetup-temp-allocator-size-gfx=262144"
Refreshing native plugins compatible for Editor in 238.38 ms, found 5 plugins.
Preloading 0 native plugins for Editor in 0.00 ms.
Initialize engine version: 2021.3.8f1 (b30333d56e81)
[Subsystems] Discovering subsystems at path C:/Program Files/Unity/Hub/Editor/2021.3.8f1/Editor/Data/Resources/UnitySubsystems
[Subsystems] Discovering subsystems at path C:/GitHub/InfiniteCoinBlock/InfiniteCoinBlock/Assets
GfxDevice: creating device client; threaded=0; jobified=0
Direct3D:
    Version:  Direct3D 11.0 [level 11.1]
    Renderer: NVIDIA GeForce GTX 1650 (ID=0x1f9d)
    Vendor:   NVIDIA
    VRAM:     3965 MB
    Driver:   30.0.15.1236
Initialize mono
Mono path[0] = 'C:/Program Files/Unity/Hub/Editor/2021.3.8f1/Editor/Data/Managed'
Mono path[1] = 'C:/Program Files/Unity/Hub/Editor/2021.3.8f1/Editor/Data/MonoBleedingEdge/lib/mono/unityjit-win32'
Mono config path = 'C:/Program Files/Unity/Hub/Editor/2021.3.8f1/Editor/Data/MonoBleedingEdge/etc'
Using monoOptions --debugger-agent=transport=dt_socket,embedding=1,server=y,suspend=n,address=127.0.0.1:56080
Begin MonoManager ReloadAssembly
Registering precompiled unity dll's ...
Register platform support module: C:/Program Files/Unity/Hub/Editor/2021.3.8f1/Editor/Data/PlaybackEngines/AndroidPlayer/UnityEditor.Android.Extensions.dll
Register platform support module: C:/Program Files/Unity/Hub/Editor/2021.3.8f1/Editor/Data/PlaybackEngines/iOSSupport/UnityEditor.iOS.Extensions.dll
Register platform support module: C:/Program Files/Unity/Hub/Editor/2021.3.8f1/Editor/Data/PlaybackEngines/WindowsStandaloneSupport/UnityEditor.WindowsStandalone.Extensions.dll
Registered in 0.006816 seconds.
Native extension for WindowsStandalone target not found
[usbmuxd] Start listen thread
[usbmuxd] Listen thread started
Native extension for iOS target not found
Native extension for Android target not found
Refreshing native plugins compatible for Editor in 149.75 ms, found 5 plugins.
Preloading 0 native plugins for Editor in 0.00 ms.
Mono: successfully reloaded assembly
- Completed reload, in  0.815 seconds
Domain Reload Profiling:
	ReloadAssembly (815ms)
		BeginReloadAssembly (115ms)
			ExecutionOrderSort (0ms)
			DisableScriptedObjects (0ms)
			BackupInstance (0ms)
			ReleaseScriptingObjects (0ms)
			CreateAndSetChildDomain (1ms)
		EndReloadAssembly (583ms)
			LoadAssemblies (114ms)
			RebuildTransferFunctionScriptingTraits (0ms)
			SetupTypeCache (106ms)
			ReleaseScriptCaches (0ms)
			RebuildScriptCaches (31ms)
			SetupLoadedEditorAssemblies (362ms)
				LogAssemblyErrors (0ms)
				InitializePlatformSupportModulesInManaged (75ms)
				SetLoadedEditorAssemblies (0ms)
				RefreshPlugins (150ms)
				BeforeProcessingInitializeOnLoad (1ms)
				ProcessInitializeOnLoadAttributes (92ms)
				ProcessInitializeOnLoadMethodAttributes (43ms)
				AfterProcessingInitializeOnLoad (0ms)
				EditorAssembliesLoaded (0ms)
			ExecutionOrderSort2 (0ms)
			AwakeInstancesAfterBackupRestoration (0ms)
Platform modules already initialized, skipping
Registering precompiled user dll's ...
Registered in 0.021393 seconds.
Begin MonoManager ReloadAssembly
Symbol file LoadedFromMemory doesn't match image C:\GitHub\InfiniteCoinBlock\InfiniteCoinBlock\Library\PackageCache\com.unity.visualscripting@1.7.8\Editor\VisualScripting.Core\Dependencies\YamlDotNet\Unity.VisualScripting.YamlDotNet.dll
Symbol file LoadedFromMemory doesn't match image C:\GitHub\InfiniteCoinBlock\InfiniteCoinBlock\Library\PackageCache\com.unity.visualscripting@1.7.8\Editor\VisualScripting.Core\Dependencies\DotNetZip\Unity.VisualScripting.IonicZip.dll
Native extension for WindowsStandalone target not found
Native extension for iOS target not found
Native extension for Android target not found
Refreshing native plugins compatible for Editor in 144.39 ms, found 5 plugins.
Preloading 0 native plugins for Editor in 0.00 ms.
Mono: successfully reloaded assembly
- Completed reload, in  2.033 seconds
Domain Reload Profiling:
	ReloadAssembly (2034ms)
		BeginReloadAssembly (284ms)
			ExecutionOrderSort (0ms)
			DisableScriptedObjects (6ms)
			BackupInstance (0ms)
			ReleaseScriptingObjects (0ms)
			CreateAndSetChildDomain (147ms)
		EndReloadAssembly (1642ms)
			LoadAssemblies (219ms)
			RebuildTransferFunctionScriptingTraits (0ms)
			SetupTypeCache (406ms)
			ReleaseScriptCaches (1ms)
			RebuildScriptCaches (71ms)
			SetupLoadedEditorAssemblies (944ms)
				LogAssemblyErrors (0ms)
				InitializePlatformSupportModulesInManaged (22ms)
				SetLoadedEditorAssemblies (0ms)
				RefreshPlugins (144ms)
				BeforeProcessingInitializeOnLoad (110ms)
				ProcessInitializeOnLoadAttributes (561ms)
				ProcessInitializeOnLoadMethodAttributes (100ms)
				AfterProcessingInitializeOnLoad (6ms)
				EditorAssembliesLoaded (0ms)
			ExecutionOrderSort2 (0ms)
			AwakeInstancesAfterBackupRestoration (5ms)
Platform modules already initialized, skipping
========================================================================
Worker process is ready to serve import requests
Switching render pipeline ef7f724d4ad619742905e67c8e241734 -> d9c9fb8242f28427590fbaeb84ae75ea
Launched and connected shader compiler UnityShaderCompiler.exe after 0.07 seconds
Refreshing native plugins compatible for Editor in 2.22 ms, found 5 plugins.
Preloading 0 native plugins for Editor in 0.00 ms.
Unloading 5569 Unused Serialized files (Serialized files now loaded: 0)
Unloading 60 unused Assets / (7.1 MB). Loaded Objects now: 6014.
Memory consumption went from 287.6 MB to 280.5 MB.
Total: 7.622500 ms (FindLiveObjects: 0.723600 ms CreateObjectMapping: 0.513800 ms MarkObjects: 4.142600 ms  DeleteObjects: 2.240800 ms)

AssetImportParameters requested are different than current active one (requested -> active):
  custom:video-decoder-ogg-theora: a1e56fd34408186e4bbccfd4996cb3dc -> 
  custom:container-muxer-webm: aa71ff27fc2769a1b78a27578f13a17b -> 
  custom:container-demuxer-webm: 4f35f7cbe854078d1ac9338744f61a02 -> 
  custom:video-encoder-webm-vp8: eb34c28f22e8b96e1ab97ce403110664 -> 
  custom:video-codec-MediaFoundation-h265: 746d11721c4dcdbdad8f713fa42b33f4 -> 
  custom:audio-encoder-webm-vorbis: bf7c407c2cedff20999df2af8eb42d56 -> 
  custom:framework-win-MediaFoundation: 216162199b28c13a410421893ffa2e32 -> 
  custom:container-demuxer-ogg: 62fdf1f143b41e24485cea50d1cbac27 -> 
  custom:video-decoder-webm-vp8: 9c59270c3fd7afecdb556c50c9e8de78 -> 
  custom:audio-decoder-ogg-vorbis: bf7c407c2cedff20999df2af8eb42d56 -> 
========================================================================
Received Prepare
Registering precompiled user dll's ...
Registered in 0.006311 seconds.
Begin MonoManager ReloadAssembly
Symbol file LoadedFromMemory doesn't match image C:\GitHub\InfiniteCoinBlock\InfiniteCoinBlock\Library\PackageCache\com.unity.visualscripting@1.7.8\Editor\VisualScripting.Core\Dependencies\YamlDotNet\Unity.VisualScripting.YamlDotNet.dll
Symbol file LoadedFromMemory doesn't match image C:\GitHub\InfiniteCoinBlock\InfiniteCoinBlock\Library\PackageCache\com.unity.visualscripting@1.7.8\Editor\VisualScripting.Core\Dependencies\DotNetZip\Unity.VisualScripting.IonicZip.dll
Native extension for WindowsStandalone target not found
Native extension for iOS target not found
Native extension for Android target not found
Refreshing native plugins compatible for Editor in 2.49 ms, found 5 plugins.
Preloading 0 native plugins for Editor in 0.00 ms.
Mono: successfully reloaded assembly
- Completed reload, in  1.626 seconds
Domain Reload Profiling:
	ReloadAssembly (1627ms)
		BeginReloadAssembly (195ms)
			ExecutionOrderSort (0ms)
			DisableScriptedObjects (6ms)
			BackupInstance (0ms)
			ReleaseScriptingObjects (0ms)
			CreateAndSetChildDomain (70ms)
		EndReloadAssembly (1312ms)
			LoadAssemblies (158ms)
			RebuildTransferFunctionScriptingTraits (0ms)
			SetupTypeCache (425ms)
			ReleaseScriptCaches (4ms)
			RebuildScriptCaches (68ms)
			SetupLoadedEditorAssemblies (588ms)
				LogAssemblyErrors (0ms)
				InitializePlatformSupportModulesInManaged (44ms)
				SetLoadedEditorAssemblies (1ms)
				RefreshPlugins (3ms)
				BeforeProcessingInitializeOnLoad (117ms)
				ProcessInitializeOnLoadAttributes (308ms)
				ProcessInitializeOnLoadMethodAttributes (107ms)
				AfterProcessingInitializeOnLoad (8ms)
				EditorAssembliesLoaded (0ms)
			ExecutionOrderSort2 (0ms)
			AwakeInstancesAfterBackupRestoration (15ms)
Platform modules already initialized, skipping
Switching render pipeline ef7f724d4ad619742905e67c8e241734 -> d9c9fb8242f28427590fbaeb84ae75ea
Refreshing native plugins compatible for Editor in 6.81 ms, found 5 plugins.
Preloading 0 native plugins for Editor in 0.00 ms.
Unloading 5338 Unused Serialized files (Serialized files now loaded: 0)
Unloading 53 unused Assets / (7.1 MB). Loaded Objects now: 6017.
Memory consumption went from 270.9 MB to 263.9 MB.
Total: 12.356500 ms (FindLiveObjects: 0.487800 ms CreateObjectMapping: 0.567000 ms MarkObjects: 7.402600 ms  DeleteObjects: 3.896800 ms)

AssetImportParameters requested are different than current active one (requested -> active):
  custom:video-decoder-ogg-theora: a1e56fd34408186e4bbccfd4996cb3dc -> 
  custom:container-muxer-webm: aa71ff27fc2769a1b78a27578f13a17b -> 
  custom:container-demuxer-webm: 4f35f7cbe854078d1ac9338744f61a02 -> 
  custom:video-encoder-webm-vp8: eb34c28f22e8b96e1ab97ce403110664 -> 
  custom:video-codec-MediaFoundation-h265: 746d11721c4dcdbdad8f713fa42b33f4 -> 
  custom:audio-encoder-webm-vorbis: bf7c407c2cedff20999df2af8eb42d56 -> 
  custom:framework-win-MediaFoundation: 216162199b28c13a410421893ffa2e32 -> 
  custom:container-demuxer-ogg: 62fdf1f143b41e24485cea50d1cbac27 -> 
  custom:video-decoder-webm-vp8: 9c59270c3fd7afecdb556c50c9e8de78 -> 
  custom:audio-decoder-ogg-vorbis: bf7c407c2cedff20999df2af8eb42d56 -> 
========================================================================
Received Prepare
Registering precompiled user dll's ...
Registered in 0.007829 seconds.
Begin MonoManager ReloadAssembly
Symbol file LoadedFromMemory doesn't match image C:\GitHub\InfiniteCoinBlock\InfiniteCoinBlock\Library\PackageCache\com.unity.visualscripting@1.7.8\Editor\VisualScripting.Core\Dependencies\YamlDotNet\Unity.VisualScripting.YamlDotNet.dll
Symbol file LoadedFromMemory doesn't match image C:\GitHub\InfiniteCoinBlock\InfiniteCoinBlock\Library\PackageCache\com.unity.visualscripting@1.7.8\Editor\VisualScripting.Core\Dependencies\DotNetZip\Unity.VisualScripting.IonicZip.dll
Native extension for WindowsStandalone target not found
Native extension for iOS target not found
Native extension for Android target not found
Refreshing native plugins compatible for Editor in 1.89 ms, found 5 plugins.
Preloading 0 native plugins for Editor in 0.00 ms.
Mono: successfully reloaded assembly
- Completed reload, in  1.510 seconds
Domain Reload Profiling:
	ReloadAssembly (1511ms)
		BeginReloadAssembly (177ms)
			ExecutionOrderSort (0ms)
			DisableScriptedObjects (7ms)
			BackupInstance (0ms)
			ReleaseScriptingObjects (0ms)
			CreateAndSetChildDomain (55ms)
		EndReloadAssembly (1239ms)
			LoadAssemblies (143ms)
			RebuildTransferFunctionScriptingTraits (0ms)
			SetupTypeCache (383ms)
			ReleaseScriptCaches (3ms)
			RebuildScriptCaches (71ms)
			SetupLoadedEditorAssemblies (583ms)
				LogAssemblyErrors (0ms)
				InitializePlatformSupportModulesInManaged (48ms)
				SetLoadedEditorAssemblies (1ms)
				RefreshPlugins (2ms)
				BeforeProcessingInitializeOnLoad (105ms)
				ProcessInitializeOnLoadAttributes (317ms)
				ProcessInitializeOnLoadMethodAttributes (105ms)
				AfterProcessingInitializeOnLoad (6ms)
				EditorAssembliesLoaded (0ms)
			ExecutionOrderSort2 (0ms)
			AwakeInstancesAfterBackupRestoration (16ms)
Platform modules already initialized, skipping
Switching render pipeline ef7f724d4ad619742905e67c8e241734 -> d9c9fb8242f28427590fbaeb84ae75ea
Refreshing native plugins compatible for Editor in 6.58 ms, found 5 plugins.
Preloading 0 native plugins for Editor in 0.00 ms.
Unloading 5338 Unused Serialized files (Serialized files now loaded: 0)
Unloading 53 unused Assets / (7.1 MB). Loaded Objects now: 6020.
Memory consumption went from 271.0 MB to 263.9 MB.
Total: 8.883300 ms (FindLiveObjects: 1.350500 ms CreateObjectMapping: 0.485100 ms MarkObjects: 3.631800 ms  DeleteObjects: 3.413900 ms)

AssetImportParameters requested are different than current active one (requested -> active):
  custom:video-decoder-ogg-theora: a1e56fd34408186e4bbccfd4996cb3dc -> 
  custom:container-muxer-webm: aa71ff27fc2769a1b78a27578f13a17b -> 
  custom:container-demuxer-webm: 4f35f7cbe854078d1ac9338744f61a02 -> 
  custom:video-encoder-webm-vp8: eb34c28f22e8b96e1ab97ce403110664 -> 
  custom:video-codec-MediaFoundation-h265: 746d11721c4dcdbdad8f713fa42b33f4 -> 
  custom:audio-encoder-webm-vorbis: bf7c407c2cedff20999df2af8eb42d56 -> 
  custom:framework-win-MediaFoundation: 216162199b28c13a410421893ffa2e32 -> 
  custom:container-demuxer-ogg: 62fdf1f143b41e24485cea50d1cbac27 -> 
  custom:video-decoder-webm-vp8: 9c59270c3fd7afecdb556c50c9e8de78 -> 
  custom:audio-decoder-ogg-vorbis: bf7c407c2cedff20999df2af8eb42d56 -> 
========================================================================
Received Prepare
Registering precompiled user dll's ...
Registered in 0.007482 seconds.
Begin MonoManager ReloadAssembly
Symbol file LoadedFromMemory doesn't match image C:\GitHub\InfiniteCoinBlock\InfiniteCoinBlock\Library\PackageCache\com.unity.visualscripting@1.7.8\Editor\VisualScripting.Core\Dependencies\YamlDotNet\Unity.VisualScripting.YamlDotNet.dll
Symbol file LoadedFromMemory doesn't match image C:\GitHub\InfiniteCoinBlock\InfiniteCoinBlock\Library\PackageCache\com.unity.visualscripting@1.7.8\Editor\VisualScripting.Core\Dependencies\DotNetZip\Unity.VisualScripting.IonicZip.dll
Native extension for WindowsStandalone target not found
Native extension for iOS target not found
Native extension for Android target not found
Refreshing native plugins compatible for Editor in 2.04 ms, found 5 plugins.
Preloading 0 native plugins for Editor in 0.00 ms.
Mono: successfully reloaded assembly
- Completed reload, in  1.797 seconds
Domain Reload Profiling:
	ReloadAssembly (1799ms)
		BeginReloadAssembly (240ms)
			ExecutionOrderSort (0ms)
			DisableScriptedObjects (7ms)
			BackupInstance (0ms)
			ReleaseScriptingObjects (0ms)
			CreateAndSetChildDomain (79ms)
		EndReloadAssembly (1436ms)
			LoadAssemblies (213ms)
			RebuildTransferFunctionScriptingTraits (0ms)
			SetupTypeCache (441ms)
			ReleaseScriptCaches (3ms)
			RebuildScriptCaches (74ms)
			SetupLoadedEditorAssemblies (671ms)
				LogAssemblyErrors (0ms)
				InitializePlatformSupportModulesInManaged (42ms)
				SetLoadedEditorAssemblies (1ms)
				RefreshPlugins (2ms)
				BeforeProcessingInitializeOnLoad (111ms)
				ProcessInitializeOnLoadAttributes (382ms)
				ProcessInitializeOnLoadMethodAttributes (124ms)
				AfterProcessingInitializeOnLoad (9ms)
				EditorAssembliesLoaded (1ms)
			ExecutionOrderSort2 (0ms)
			AwakeInstancesAfterBackupRestoration (18ms)
Platform modules already initialized, skipping
Switching render pipeline ef7f724d4ad619742905e67c8e241734 -> d9c9fb8242f28427590fbaeb84ae75ea
Refreshing native plugins compatible for Editor in 7.29 ms, found 5 plugins.
Preloading 0 native plugins for Editor in 0.00 ms.
Unloading 5338 Unused Serialized files (Serialized files now loaded: 0)
Unloading 53 unused Assets / (7.1 MB). Loaded Objects now: 6023.
Memory consumption went from 271.0 MB to 263.9 MB.
Total: 12.042000 ms (FindLiveObjects: 0.686400 ms CreateObjectMapping: 0.522900 ms MarkObjects: 5.980300 ms  DeleteObjects: 4.849700 ms)

AssetImportParameters requested are different than current active one (requested -> active):
  custom:video-decoder-ogg-theora: a1e56fd34408186e4bbccfd4996cb3dc -> 
  custom:container-muxer-webm: aa71ff27fc2769a1b78a27578f13a17b -> 
  custom:container-demuxer-webm: 4f35f7cbe854078d1ac9338744f61a02 -> 
  custom:video-encoder-webm-vp8: eb34c28f22e8b96e1ab97ce403110664 -> 
  custom:video-codec-MediaFoundation-h265: 746d11721c4dcdbdad8f713fa42b33f4 -> 
  custom:audio-encoder-webm-vorbis: bf7c407c2cedff20999df2af8eb42d56 -> 
  custom:framework-win-MediaFoundation: 216162199b28c13a410421893ffa2e32 -> 
  custom:container-demuxer-ogg: 62fdf1f143b41e24485cea50d1cbac27 -> 
  custom:video-decoder-webm-vp8: 9c59270c3fd7afecdb556c50c9e8de78 -> 
  custom:audio-decoder-ogg-vorbis: bf7c407c2cedff20999df2af8eb42d56 -> 
========================================================================
Received Import Request.
  Time since last request: 201584.459908 seconds.
  path: Assets/LevelDatas/Levels/Level 2.asset
  artifactKey: Guid(b7378a23c56dfe640a152f1608688176) Importer(815301076,1909f56bfc062723c751e8b465ee728b)
Start importing Assets/LevelDatas/Levels/Level 2.asset using Guid(b7378a23c56dfe640a152f1608688176) Importer(815301076,1909f56bfc062723c751e8b465ee728b)  -> (artifact id: '961cd1487337a1d529bed205ae46d805') in 0.250835 seconds 
========================================================================
Received Import Request.
  Time since last request: 0.000048 seconds.
  path: Assets/LevelDatas/Levels/Level 16.asset
  artifactKey: Guid(f4ccbd91f15a4a649bacafd8ff8fda7a) Importer(815301076,1909f56bfc062723c751e8b465ee728b)
Start importing Assets/LevelDatas/Levels/Level 16.asset using Guid(f4ccbd91f15a4a649bacafd8ff8fda7a) Importer(815301076,1909f56bfc062723c751e8b465ee728b)  -> (artifact id: '12b68e79b2a19830e8f31aac91a9d849') in 0.065359 seconds 
========================================================================
Received Import Request.
  Time since last request: 0.000042 seconds.
  path: Assets/LevelDatas/Levels/Level 10.asset
  artifactKey: Guid(7672d758dcb9bcb4db7f14f94df1ed40) Importer(815301076,1909f56bfc062723c751e8b465ee728b)
Start importing Assets/LevelDatas/Levels/Level 10.asset using Guid(7672d758dcb9bcb4db7f14f94df1ed40) Importer(815301076,1909f56bfc062723c751e8b465ee728b)  -> (artifact id: '3703e249f6de07549e81329435d139bf') in 0.060369 seconds 
========================================================================
Received Import Request.
  Time since last request: 0.000027 seconds.
  path: Assets/LevelDatas/Levels/Level 5.asset
  artifactKey: Guid(5c2fdffe29b241949a067aad0c5f1c69) Importer(815301076,1909f56bfc062723c751e8b465ee728b)
Start importing Assets/LevelDatas/Levels/Level 5.asset using Guid(5c2fdffe29b241949a067aad0c5f1c69) Importer(815301076,1909f56bfc062723c751e8b465ee728b)  -> (artifact id: '47bc5ffc02806ddbb6d25e7eb2ab9751') in 0.069378 seconds 
========================================================================
Received Import Request.
  Time since last request: 0.000136 seconds.
  path: Assets/LevelDatas/Levels/Level 3.asset
  artifactKey: Guid(783145d928ccbe74fa2e60517d81a26d) Importer(815301076,1909f56bfc062723c751e8b465ee728b)
Start importing Assets/LevelDatas/Levels/Level 3.asset using Guid(783145d928ccbe74fa2e60517d81a26d) Importer(815301076,1909f56bfc062723c751e8b465ee728b)  -> (artifact id: '2e48fed961393a837a4e848076d3eb6e') in 0.066779 seconds 
========================================================================
Received Import Request.
  Time since last request: 0.000102 seconds.
  path: Assets/LevelDatas/Levels/Level 13.asset
  artifactKey: Guid(627f8b57b59df08419b68069e328f546) Importer(815301076,1909f56bfc062723c751e8b465ee728b)
Start importing Assets/LevelDatas/Levels/Level 13.asset using Guid(627f8b57b59df08419b68069e328f546) Importer(815301076,1909f56bfc062723c751e8b465ee728b)  -> (artifact id: 'a2866b68e6f5d533337fa714ee244eb9') in 0.062183 seconds 
========================================================================
Received Import Request.
  Time since last request: 0.000044 seconds.
  path: Assets/LevelDatas/Levels/Level 11.asset
  artifactKey: Guid(49bd3edfc1b42e0458edd351d8630f68) Importer(815301076,1909f56bfc062723c751e8b465ee728b)
Start importing Assets/LevelDatas/Levels/Level 11.asset using Guid(49bd3edfc1b42e0458edd351d8630f68) Importer(815301076,1909f56bfc062723c751e8b465ee728b)  -> (artifact id: '76a806c0bc9836f06885e93684df23b3') in 0.076370 seconds 
========================================================================
Received Import Request.
  Time since last request: 0.000033 seconds.
  path: Assets/LevelDatas/Levels/Level 9.asset
  artifactKey: Guid(d9fb263303684e14d9875d2c54cb6c6a) Importer(815301076,1909f56bfc062723c751e8b465ee728b)
Start importing Assets/LevelDatas/Levels/Level 9.asset using Guid(d9fb263303684e14d9875d2c54cb6c6a) Importer(815301076,1909f56bfc062723c751e8b465ee728b)  -> (artifact id: 'ba7350893fe821f84ee6aa9699ecd8e5') in 0.063477 seconds 
========================================================================
Received Import Request.
  Time since last request: 2.271992 seconds.
  path: Assets/LevelDatas/LevelPrefab/Level 2.prefab
  artifactKey: Guid(a0cb51a016b21eb4dbf23607ad7d4ec0) Importer(815301076,1909f56bfc062723c751e8b465ee728b)
Start importing Assets/LevelDatas/LevelPrefab/Level 2.prefab using Guid(a0cb51a016b21eb4dbf23607ad7d4ec0) Importer(815301076,1909f56bfc062723c751e8b465ee728b)  -> (artifact id: '23b69e868c255b0a1f32a889d59f6215') in 0.663499 seconds 
========================================================================
Received Import Request.
  Time since last request: 0.000092 seconds.
  path: Assets/LevelDatas/LevelPrefab/Level 9.prefab
  artifactKey: Guid(d4e7cb1d6166bc346bea4d372cd52254) Importer(815301076,1909f56bfc062723c751e8b465ee728b)
Start importing Assets/LevelDatas/LevelPrefab/Level 9.prefab using Guid(d4e7cb1d6166bc346bea4d372cd52254) Importer(815301076,1909f56bfc062723c751e8b465ee728b)  -> (artifact id: 'c39566363aeceb01c60e5c2e7526f9d7') in 0.160803 seconds 
========================================================================
Received Import Request.
  Time since last request: 0.000174 seconds.
  path: Assets/LevelDatas/LevelPrefab/Level 16.prefab
  artifactKey: Guid(08b287cc5b9f0af4f8b5db34dc144ad7) Importer(815301076,1909f56bfc062723c751e8b465ee728b)
Start importing Assets/LevelDatas/LevelPrefab/Level 16.prefab using Guid(08b287cc5b9f0af4f8b5db34dc144ad7) Importer(815301076,1909f56bfc062723c751e8b465ee728b)  -> (artifact id: 'a758da8dfd178d6d9d1ddf03bc718ffc') in 0.149706 seconds 
========================================================================
Received Import Request.
  Time since last request: 0.000062 seconds.
  path: Assets/LevelDatas/LevelPrefab/Level 10.prefab
  artifactKey: Guid(c77b673d1db51814ebd9ae3d7c2e6f97) Importer(815301076,1909f56bfc062723c751e8b465ee728b)
Start importing Assets/LevelDatas/LevelPrefab/Level 10.prefab using Guid(c77b673d1db51814ebd9ae3d7c2e6f97) Importer(815301076,1909f56bfc062723c751e8b465ee728b)  -> (artifact id: 'c64e4e254311b63235668abfd39043b4') in 0.158510 seconds 
========================================================================
Received Import Request.
  Time since last request: 0.000170 seconds.
  path: Assets/LevelDatas/LevelPrefab/Level 6.prefab
  artifactKey: Guid(92500120e32246b45af92becbd5cd110) Importer(815301076,1909f56bfc062723c751e8b465ee728b)
Start importing Assets/LevelDatas/LevelPrefab/Level 6.prefab using Guid(92500120e32246b45af92becbd5cd110) Importer(815301076,1909f56bfc062723c751e8b465ee728b)  -> (artifact id: 'c3b40de774fb9447e53b84292f38474c') in 0.120396 seconds 
========================================================================
Received Import Request.
  Time since last request: 0.000121 seconds.
  path: Assets/LevelDatas/LevelPrefab/Level 8.prefab
  artifactKey: Guid(50f3bd29427e6044a87a27f5fbae167d) Importer(815301076,1909f56bfc062723c751e8b465ee728b)
Start importing Assets/LevelDatas/LevelPrefab/Level 8.prefab using Guid(50f3bd29427e6044a87a27f5fbae167d) Importer(815301076,1909f56bfc062723c751e8b465ee728b)  -> (artifact id: '7a47d137ac5684ae7392f6b5f41ceb5d') in 0.156019 seconds 
========================================================================
Received Import Request.
  Time since last request: 0.000047 seconds.
  path: Assets/LevelDatas/LevelPrefab/Level 13.prefab
  artifactKey: Guid(f7eabd68f573e754c8ce9df083532820) Importer(815301076,1909f56bfc062723c751e8b465ee728b)
Start importing Assets/LevelDatas/LevelPrefab/Level 13.prefab using Guid(f7eabd68f573e754c8ce9df083532820) Importer(815301076,1909f56bfc062723c751e8b465ee728b)  -> (artifact id: 'd174f042bf22be43d2229904437cee38') in 0.136961 seconds 
========================================================================
Received Import Request.
  Time since last request: 0.000063 seconds.
  path: Assets/LevelDatas/LevelPrefab/Level 4.prefab
  artifactKey: Guid(4399c42bd4696c6499657d6ab1bfc4f2) Importer(815301076,1909f56bfc062723c751e8b465ee728b)
Start importing Assets/LevelDatas/LevelPrefab/Level 4.prefab using Guid(4399c42bd4696c6499657d6ab1bfc4f2) Importer(815301076,1909f56bfc062723c751e8b465ee728b)  -> (artifact id: '70214a80ad17654b2b8b421a4585ced8') in 0.170774 seconds 
========================================================================
Received Import Request.
  Time since last request: 3.808345 seconds.
  path: Assets/LevelDatas/Lv.BuildSettings/L2_Build Settings.asset
  artifactKey: Guid(fb33332a02435c5459b1d6fadcbe7a81) Importer(815301076,1909f56bfc062723c751e8b465ee728b)
Start importing Assets/LevelDatas/Lv.BuildSettings/L2_Build Settings.asset using Guid(fb33332a02435c5459b1d6fadcbe7a81) Importer(815301076,1909f56bfc062723c751e8b465ee728b)  -> (artifact id: '0efc20295beb0bc11bf94c7c7e02ac06') in 1.105511 seconds 
========================================================================
Received Import Request.
  Time since last request: 0.000056 seconds.
  path: Assets/LevelDatas/Lv.BuildSettings/L6_Build Settings.asset
  artifactKey: Guid(dd6072a00933a1042a91ae568b061fe4) Importer(815301076,1909f56bfc062723c751e8b465ee728b)
Start importing Assets/LevelDatas/Lv.BuildSettings/L6_Build Settings.asset using Guid(dd6072a00933a1042a91ae568b061fe4) Importer(815301076,1909f56bfc062723c751e8b465ee728b)  -> (artifact id: '534fbe47bf8792d6c7fa125c482381e0') in 0.048358 seconds 
========================================================================
Received Import Request.
  Time since last request: 0.000061 seconds.
  path: Assets/LevelDatas/Lv.BuildSettings/L11_Build Settings.asset
  artifactKey: Guid(b3600c54f563a4749ac461f1731ad446) Importer(815301076,1909f56bfc062723c751e8b465ee728b)
Start importing Assets/LevelDatas/Lv.BuildSettings/L11_Build Settings.asset using Guid(b3600c54f563a4749ac461f1731ad446) Importer(815301076,1909f56bfc062723c751e8b465ee728b)  -> (artifact id: 'd5d0fd77049166d4464a73e726b963b3') in 0.039727 seconds 
========================================================================
Received Import Request.
  Time since last request: 0.000071 seconds.
  path: Assets/LevelDatas/Lv.BuildSettings/L5_Build Settings.asset
  artifactKey: Guid(53d832b636b667e488b6234d51c4bec6) Importer(815301076,1909f56bfc062723c751e8b465ee728b)
Start importing Assets/LevelDatas/Lv.BuildSettings/L5_Build Settings.asset using Guid(53d832b636b667e488b6234d51c4bec6) Importer(815301076,1909f56bfc062723c751e8b465ee728b)  -> (artifact id: '26710b9f1481286a15af915821c91702') in 0.029163 seconds 
========================================================================
Received Import Request.
  Time since last request: 0.000087 seconds.
  path: Assets/LevelDatas/Lv.BuildSettings/L12_Build Settings.asset
  artifactKey: Guid(3be526afce1f5ee4b96d237aabc9b792) Importer(815301076,1909f56bfc062723c751e8b465ee728b)
Start importing Assets/LevelDatas/Lv.BuildSettings/L12_Build Settings.asset using Guid(3be526afce1f5ee4b96d237aabc9b792) Importer(815301076,1909f56bfc062723c751e8b465ee728b)  -> (artifact id: '4c17dfeaeb0226ce7c9e0254cea76509') in 0.032420 seconds 
========================================================================
Received Import Request.
  Time since last request: 0.000116 seconds.
  path: Assets/LevelDatas/Lv.BuildSettings/L9_Build Settings.asset
  artifactKey: Guid(72564b674d0c8b146bd9cf904d795bae) Importer(815301076,1909f56bfc062723c751e8b465ee728b)
Start importing Assets/LevelDatas/Lv.BuildSettings/L9_Build Settings.asset using Guid(72564b674d0c8b146bd9cf904d795bae) Importer(815301076,1909f56bfc062723c751e8b465ee728b)  -> (artifact id: '8d278beccc308aad8095cf0e85344f36') in 0.037301 seconds 
========================================================================
Received Import Request.
  Time since last request: 0.000053 seconds.
  path: Assets/LevelDatas/Lv.BuildSettings/L10_Build Settings.asset
  artifactKey: Guid(4836346dd5918844ea4904f9443bca64) Importer(815301076,1909f56bfc062723c751e8b465ee728b)
Start importing Assets/LevelDatas/Lv.BuildSettings/L10_Build Settings.asset using Guid(4836346dd5918844ea4904f9443bca64) Importer(815301076,1909f56bfc062723c751e8b465ee728b)  -> (artifact id: '896db5173d4bba8acc964aff0e81c00f') in 0.028370 seconds 
========================================================================
Received Import Request.
  Time since last request: 0.000089 seconds.
  path: Assets/LevelDatas/Lv.BuildSettings/L14_Build Settings.asset
  artifactKey: Guid(02d1b1ca7e028d04b84c2b3d5dbb2c7b) Importer(815301076,1909f56bfc062723c751e8b465ee728b)
Start importing Assets/LevelDatas/Lv.BuildSettings/L14_Build Settings.asset using Guid(02d1b1ca7e028d04b84c2b3d5dbb2c7b) Importer(815301076,1909f56bfc062723c751e8b465ee728b)  -> (artifact id: 'c2a57fd86cc4030f2348f10a709ed3cd') in 0.031904 seconds 
========================================================================
Received Import Request.
  Time since last request: 1.615382 seconds.
  path: Assets/PNG_to_3D/Textures/addpixels_photos/2-ronaldo.png
  artifactKey: Guid(0168eb6b4b72284419844ab0e3529018) Importer(815301076,1909f56bfc062723c751e8b465ee728b)
Start importing Assets/PNG_to_3D/Textures/addpixels_photos/2-ronaldo.png using Guid(0168eb6b4b72284419844ab0e3529018) Importer(815301076,1909f56bfc062723c751e8b465ee728b)  -> (artifact id: 'c3976d6848f2f0fb8923b8cf9734455b') in 0.074028 seconds 
========================================================================
Received Import Request.
  Time since last request: 0.000060 seconds.
  path: Assets/PNG_to_3D/Textures/addpixels_photos/12-firida.png
  artifactKey: Guid(06dfefe2a54c11c408b064ad35d5ea7e) Importer(815301076,1909f56bfc062723c751e8b465ee728b)
Start importing Assets/PNG_to_3D/Textures/addpixels_photos/12-firida.png using Guid(06dfefe2a54c11c408b064ad35d5ea7e) Importer(815301076,1909f56bfc062723c751e8b465ee728b)  -> (artifact id: '38f33b23bb61c3a4b910ec95fb5059fa') in 0.037526 seconds 
========================================================================
Received Import Request.
  Time since last request: 0.000041 seconds.
  path: Assets/PNG_to_3D/Textures/addpixels_photos/8-termınator.png
  artifactKey: Guid(a47bf5096e3318942b3ce2f6f73c95ca) Importer(815301076,1909f56bfc062723c751e8b465ee728b)
Start importing Assets/PNG_to_3D/Textures/addpixels_photos/8-termınator.png using Guid(a47bf5096e3318942b3ce2f6f73c95ca) Importer(815301076,1909f56bfc062723c751e8b465ee728b)  -> (artifact id: '15e109cfd4712f61b1c93a125f192c24') in 0.037993 seconds 
========================================================================
Received Import Request.
  Time since last request: 0.000200 seconds.
  path: Assets/PNG_to_3D/Textures/addpixels_photos/11-yınekedıyıne.png
  artifactKey: Guid(7d40e81da6482284e9a6420ed32c75d0) Importer(815301076,1909f56bfc062723c751e8b465ee728b)
Start importing Assets/PNG_to_3D/Textures/addpixels_photos/11-yınekedıyıne.png using Guid(7d40e81da6482284e9a6420ed32c75d0) Importer(815301076,1909f56bfc062723c751e8b465ee728b)  -> (artifact id: 'f0c823531ebee94ebab310933960140a') in 0.045100 seconds 
========================================================================
Received Import Request.
  Time since last request: 0.000074 seconds.
  path: Assets/PNG_to_3D/Textures/addpixels_photos/hamburger.png
  artifactKey: Guid(2844cf73a6f5a684d9b69a2af57800ea) Importer(815301076,1909f56bfc062723c751e8b465ee728b)
Start importing Assets/PNG_to_3D/Textures/addpixels_photos/hamburger.png using Guid(2844cf73a6f5a684d9b69a2af57800ea) Importer(815301076,1909f56bfc062723c751e8b465ee728b)  -> (artifact id: 'f80d431f75f3065c5578829d2e2b4490') in 0.045267 seconds 
========================================================================
Received Import Request.
  Time since last request: 0.000070 seconds.
  path: Assets/PNG_to_3D/Textures/addpixels_photos/10-pembememe.png
  artifactKey: Guid(71610839414f3ea48b99757f9f4251ca) Importer(815301076,1909f56bfc062723c751e8b465ee728b)
Start importing Assets/PNG_to_3D/Textures/addpixels_photos/10-pembememe.png using Guid(71610839414f3ea48b99757f9f4251ca) Importer(815301076,1909f56bfc062723c751e8b465ee728b)  -> (artifact id: 'f92a3da97eddebc97df04d9e4ca88ef9') in 0.042597 seconds 
========================================================================
Received Import Request.
  Time since last request: 0.000062 seconds.
  path: Assets/PNG_to_3D/Textures/addpixels_photos/6-kusan_bulut.png
  artifactKey: Guid(a0d776f5384945648859e7bad2bfd4eb) Importer(815301076,1909f56bfc062723c751e8b465ee728b)
Start importing Assets/PNG_to_3D/Textures/addpixels_photos/6-kusan_bulut.png using Guid(a0d776f5384945648859e7bad2bfd4eb) Importer(815301076,1909f56bfc062723c751e8b465ee728b)  -> (artifact id: 'c31dd37b67f81e998804934983d34b1f') in 0.048769 seconds 
========================================================================
Received Import Request.
  Time since last request: 0.000089 seconds.
  path: Assets/PNG_to_3D/Textures/addpixels_photos/9-yesil.png
  artifactKey: Guid(ac7fb7fc9e2162841af552a48a09f33d) Importer(815301076,1909f56bfc062723c751e8b465ee728b)
Start importing Assets/PNG_to_3D/Textures/addpixels_photos/9-yesil.png using Guid(ac7fb7fc9e2162841af552a48a09f33d) Importer(815301076,1909f56bfc062723c751e8b465ee728b)  -> (artifact id: '755cdfd00b6a301a1027d925a62c85f9') in 0.037919 seconds 
========================================================================
Received Import Request.
  Time since last request: 9.531611 seconds.
  path: Assets/PNG_to_3D/Textures/house 1.png
  artifactKey: Guid(ad7aba2904df86f44b7183a3c98a581d) Importer(815301076,1909f56bfc062723c751e8b465ee728b)
Start importing Assets/PNG_to_3D/Textures/house 1.png using Guid(ad7aba2904df86f44b7183a3c98a581d) Importer(815301076,1909f56bfc062723c751e8b465ee728b)  -> (artifact id: '24542ddd0324bba010af359f5929e436') in 0.037887 seconds 
========================================================================
Received Import Request.
  Time since last request: 0.000117 seconds.
  path: Assets/PNG_to_3D/Textures/marge.png
  artifactKey: Guid(b93f19a993fe6f149b42d0e1a891263e) Importer(815301076,1909f56bfc062723c751e8b465ee728b)
Start importing Assets/PNG_to_3D/Textures/marge.png using Guid(b93f19a993fe6f149b42d0e1a891263e) Importer(815301076,1909f56bfc062723c751e8b465ee728b)  -> (artifact id: '8b00c8b9d0d68b34c85e4feb7ed2ec87') in 0.040121 seconds 
========================================================================
Received Import Request.
  Time since last request: 0.000067 seconds.
  path: Assets/PNG_to_3D/Textures/house.png
  artifactKey: Guid(197997d1bf650d54eabbe404b850193c) Importer(815301076,1909f56bfc062723c751e8b465ee728b)
Start importing Assets/PNG_to_3D/Textures/house.png using Guid(197997d1bf650d54eabbe404b850193c) Importer(815301076,1909f56bfc062723c751e8b465ee728b)  -> (artifact id: 'f6c2de06d2693143f4641f9f33c42494') in 0.049865 seconds 
========================================================================
Received Prepare
Registering precompiled user dll's ...
Registered in 0.014316 seconds.
Begin MonoManager ReloadAssembly
Symbol file LoadedFromMemory doesn't match image C:\GitHub\InfiniteCoinBlock\InfiniteCoinBlock\Library\PackageCache\com.unity.visualscripting@1.7.8\Editor\VisualScripting.Core\Dependencies\YamlDotNet\Unity.VisualScripting.YamlDotNet.dll
Symbol file LoadedFromMemory doesn't match image C:\GitHub\InfiniteCoinBlock\InfiniteCoinBlock\Library\PackageCache\com.unity.visualscripting@1.7.8\Editor\VisualScripting.Core\Dependencies\DotNetZip\Unity.VisualScripting.IonicZip.dll
Native extension for WindowsStandalone target not found
Native extension for iOS target not found
Native extension for Android target not found
Refreshing native plugins compatible for Editor in 3.74 ms, found 5 plugins.
Preloading 0 native plugins for Editor in 0.00 ms.
Mono: successfully reloaded assembly
- Completed reload, in  2.713 seconds
Domain Reload Profiling:
	ReloadAssembly (2716ms)
		BeginReloadAssembly (516ms)
			ExecutionOrderSort (0ms)
			DisableScriptedObjects (28ms)
			BackupInstance (0ms)
			ReleaseScriptingObjects (0ms)
			CreateAndSetChildDomain (324ms)
		EndReloadAssembly (2048ms)
			LoadAssemblies (163ms)
			RebuildTransferFunctionScriptingTraits (0ms)
			SetupTypeCache (694ms)
			ReleaseScriptCaches (6ms)
			RebuildScriptCaches (92ms)
			SetupLoadedEditorAssemblies (938ms)
				LogAssemblyErrors (0ms)
				InitializePlatformSupportModulesInManaged (61ms)
				SetLoadedEditorAssemblies (2ms)
				RefreshPlugins (4ms)
				BeforeProcessingInitializeOnLoad (116ms)
				ProcessInitializeOnLoadAttributes (573ms)
				ProcessInitializeOnLoadMethodAttributes (177ms)
				AfterProcessingInitializeOnLoad (5ms)
				EditorAssembliesLoaded (1ms)
			ExecutionOrderSort2 (0ms)
			AwakeInstancesAfterBackupRestoration (20ms)
Platform modules already initialized, skipping
Switching render pipeline ef7f724d4ad619742905e67c8e241734 -> d9c9fb8242f28427590fbaeb84ae75ea
Refreshing native plugins compatible for Editor in 4.58 ms, found 5 plugins.
Preloading 0 native plugins for Editor in 0.00 ms.
Unloading 5345 Unused Serialized files (Serialized files now loaded: 0)
Unloading 54 unused Assets / (7.1 MB). Loaded Objects now: 6085.
Memory consumption went from 278.2 MB to 271.1 MB.
Total: 14.896400 ms (FindLiveObjects: 2.126900 ms CreateObjectMapping: 1.532500 ms MarkObjects: 7.451800 ms  DeleteObjects: 3.780700 ms)

AssetImportParameters requested are different than current active one (requested -> active):
  custom:video-decoder-ogg-theora: a1e56fd34408186e4bbccfd4996cb3dc -> 
  custom:container-muxer-webm: aa71ff27fc2769a1b78a27578f13a17b -> 
  custom:container-demuxer-webm: 4f35f7cbe854078d1ac9338744f61a02 -> 
  custom:video-encoder-webm-vp8: eb34c28f22e8b96e1ab97ce403110664 -> 
  custom:video-codec-MediaFoundation-h265: 746d11721c4dcdbdad8f713fa42b33f4 -> 
  custom:audio-encoder-webm-vorbis: bf7c407c2cedff20999df2af8eb42d56 -> 
  custom:framework-win-MediaFoundation: 216162199b28c13a410421893ffa2e32 -> 
  custom:container-demuxer-ogg: 62fdf1f143b41e24485cea50d1cbac27 -> 
  custom:video-decoder-webm-vp8: 9c59270c3fd7afecdb556c50c9e8de78 -> 
  custom:audio-decoder-ogg-vorbis: bf7c407c2cedff20999df2af8eb42d56 -> 
Editor requested this worker to shutdown with reason: Scaling down because of idle timeout
AssetImportWorker is now disconnected from the server
Process exiting
Exiting without the bug reporter. Application will terminate with return code 0