Using pre-set license
Built from '2021.3/staging' branch; Version is '2021.3.8f1 (b30333d56e81) revision 11731763'; Using compiler version '192829333'; Build Type 'Release'
OS: 'Windows 11  (10.0.22000) 64bit CoreSingleLanguage' Language: 'tr' Physical Memory: 5996 MB
BatchMode: 1, IsHumanControllingUs: 0, StartBugReporterOnCrash: 0, Is64bit: 1, IsPro: 1

COMMAND LINE ARGUMENTS:
C:\Program Files\Unity\Hub\Editor\2021.3.8f1\Editor\Unity.exe
-adb2
-batchMode
-noUpm
-name
AssetImportWorker5
-projectPath
C:/GitHub/InfiniteCoinBlock/InfiniteCoinBlock
-logFile
Logs/AssetImportWorker5.log
-srvPort
58769
Successfully changed project path to: C:/GitHub/InfiniteCoinBlock/InfiniteCoinBlock
C:/GitHub/InfiniteCoinBlock/InfiniteCoinBlock
[UnityMemory] Configuration Parameters - Can be set up in boot.config
    "memorysetup-bucket-allocator-granularity=16"
    "memorysetup-bucket-allocator-bucket-count=8"
    "memorysetup-bucket-allocator-block-size=33554432"
    "memorysetup-bucket-allocator-block-count=8"
    "memorysetup-main-allocator-block-size=16777216"
    "memorysetup-thread-allocator-block-size=16777216"
    "memorysetup-gfx-main-allocator-block-size=16777216"
    "memorysetup-gfx-thread-allocator-block-size=16777216"
    "memorysetup-cache-allocator-block-size=4194304"
    "memorysetup-typetree-allocator-block-size=2097152"
    "memorysetup-profiler-bucket-allocator-granularity=16"
    "memorysetup-profiler-bucket-allocator-bucket-count=8"
    "memorysetup-profiler-bucket-allocator-block-size=33554432"
    "memorysetup-profiler-bucket-allocator-block-count=8"
    "memorysetup-profiler-allocator-block-size=16777216"
    "memorysetup-profiler-editor-allocator-block-size=1048576"
    "memorysetup-temp-allocator-size-main=16777216"
    "memorysetup-job-temp-allocator-block-size=2097152"
    "memorysetup-job-temp-allocator-block-size-background=1048576"
    "memorysetup-job-temp-allocator-reduction-small-platforms=262144"
    "memorysetup-temp-allocator-size-background-worker=32768"
    "memorysetup-temp-allocator-size-job-worker=262144"
    "memorysetup-temp-allocator-size-preload-manager=33554432"
    "memorysetup-temp-allocator-size-nav-mesh-worker=65536"
    "memorysetup-temp-allocator-size-audio-worker=65536"
    "memorysetup-temp-allocator-size-cloud-worker=32768"
    "memorysetup-temp-allocator-size-gi-baking-worker=262144"
    "memorysetup-temp-allocator-size-gfx=262144"
Refreshing native plugins compatible for Editor in 214.41 ms, found 5 plugins.
Preloading 0 native plugins for Editor in 0.00 ms.
Initialize engine version: 2021.3.8f1 (b30333d56e81)
[Subsystems] Discovering subsystems at path C:/Program Files/Unity/Hub/Editor/2021.3.8f1/Editor/Data/Resources/UnitySubsystems
[Subsystems] Discovering subsystems at path C:/GitHub/InfiniteCoinBlock/InfiniteCoinBlock/Assets
GfxDevice: creating device client; threaded=0; jobified=0
Direct3D:
    Version:  Direct3D 11.0 [level 11.1]
    Renderer: NVIDIA GeForce GTX 1650 (ID=0x1f9d)
    Vendor:   NVIDIA
    VRAM:     3965 MB
    Driver:   30.0.15.1236
Initialize mono
Mono path[0] = 'C:/Program Files/Unity/Hub/Editor/2021.3.8f1/Editor/Data/Managed'
Mono path[1] = 'C:/Program Files/Unity/Hub/Editor/2021.3.8f1/Editor/Data/MonoBleedingEdge/lib/mono/unityjit-win32'
Mono config path = 'C:/Program Files/Unity/Hub/Editor/2021.3.8f1/Editor/Data/MonoBleedingEdge/etc'
Using monoOptions --debugger-agent=transport=dt_socket,embedding=1,server=y,suspend=n,address=127.0.0.1:56608
Begin MonoManager ReloadAssembly
Registering precompiled unity dll's ...
Register platform support module: C:/Program Files/Unity/Hub/Editor/2021.3.8f1/Editor/Data/PlaybackEngines/AndroidPlayer/UnityEditor.Android.Extensions.dll
Register platform support module: C:/Program Files/Unity/Hub/Editor/2021.3.8f1/Editor/Data/PlaybackEngines/iOSSupport/UnityEditor.iOS.Extensions.dll
Register platform support module: C:/Program Files/Unity/Hub/Editor/2021.3.8f1/Editor/Data/PlaybackEngines/WindowsStandaloneSupport/UnityEditor.WindowsStandalone.Extensions.dll
Registered in 0.006073 seconds.
Native extension for WindowsStandalone target not found
[usbmuxd] Start listen thread
[usbmuxd] Listen thread started
Native extension for iOS target not found
Native extension for Android target not found
Refreshing native plugins compatible for Editor in 88.64 ms, found 5 plugins.
Preloading 0 native plugins for Editor in 0.00 ms.
Mono: successfully reloaded assembly
- Completed reload, in  0.647 seconds
Domain Reload Profiling:
	ReloadAssembly (647ms)
		BeginReloadAssembly (102ms)
			ExecutionOrderSort (0ms)
			DisableScriptedObjects (0ms)
			BackupInstance (0ms)
			ReleaseScriptingObjects (0ms)
			CreateAndSetChildDomain (1ms)
		EndReloadAssembly (444ms)
			LoadAssemblies (101ms)
			RebuildTransferFunctionScriptingTraits (0ms)
			SetupTypeCache (95ms)
			ReleaseScriptCaches (0ms)
			RebuildScriptCaches (23ms)
			SetupLoadedEditorAssemblies (278ms)
				LogAssemblyErrors (0ms)
				InitializePlatformSupportModulesInManaged (62ms)
				SetLoadedEditorAssemblies (0ms)
				RefreshPlugins (89ms)
				BeforeProcessingInitializeOnLoad (1ms)
				ProcessInitializeOnLoadAttributes (86ms)
				ProcessInitializeOnLoadMethodAttributes (40ms)
				AfterProcessingInitializeOnLoad (0ms)
				EditorAssembliesLoaded (0ms)
			ExecutionOrderSort2 (0ms)
			AwakeInstancesAfterBackupRestoration (0ms)
Platform modules already initialized, skipping
Registering precompiled user dll's ...
Registered in 0.015380 seconds.
Begin MonoManager ReloadAssembly
Symbol file LoadedFromMemory doesn't match image C:\GitHub\InfiniteCoinBlock\InfiniteCoinBlock\Library\PackageCache\com.unity.visualscripting@1.7.8\Editor\VisualScripting.Core\Dependencies\YamlDotNet\Unity.VisualScripting.YamlDotNet.dll
Symbol file LoadedFromMemory doesn't match image C:\GitHub\InfiniteCoinBlock\InfiniteCoinBlock\Library\PackageCache\com.unity.visualscripting@1.7.8\Editor\VisualScripting.Core\Dependencies\DotNetZip\Unity.VisualScripting.IonicZip.dll
Native extension for WindowsStandalone target not found
Native extension for iOS target not found
Native extension for Android target not found
Refreshing native plugins compatible for Editor in 1.38 ms, found 5 plugins.
Preloading 0 native plugins for Editor in 0.00 ms.
Mono: successfully reloaded assembly
- Completed reload, in  1.202 seconds
Domain Reload Profiling:
	ReloadAssembly (1203ms)
		BeginReloadAssembly (219ms)
			ExecutionOrderSort (0ms)
			DisableScriptedObjects (5ms)
			BackupInstance (0ms)
			ReleaseScriptingObjects (0ms)
			CreateAndSetChildDomain (129ms)
		EndReloadAssembly (881ms)
			LoadAssemblies (136ms)
			RebuildTransferFunctionScriptingTraits (0ms)
			SetupTypeCache (255ms)
			ReleaseScriptCaches (2ms)
			RebuildScriptCaches (51ms)
			SetupLoadedEditorAssemblies (402ms)
				LogAssemblyErrors (0ms)
				InitializePlatformSupportModulesInManaged (22ms)
				SetLoadedEditorAssemblies (1ms)
				RefreshPlugins (1ms)
				BeforeProcessingInitializeOnLoad (81ms)
				ProcessInitializeOnLoadAttributes (262ms)
				ProcessInitializeOnLoadMethodAttributes (29ms)
				AfterProcessingInitializeOnLoad (6ms)
				EditorAssembliesLoaded (0ms)
			ExecutionOrderSort2 (0ms)
			AwakeInstancesAfterBackupRestoration (8ms)
Platform modules already initialized, skipping
========================================================================
Worker process is ready to serve import requests
Launched and connected shader compiler UnityShaderCompiler.exe after 0.05 seconds
Refreshing native plugins compatible for Editor in 3.42 ms, found 5 plugins.
Preloading 0 native plugins for Editor in 0.00 ms.
Unloading 3761 Unused Serialized files (Serialized files now loaded: 0)
Unloading 48 unused Assets / (6.4 MB). Loaded Objects now: 4207.
Memory consumption went from 171.1 MB to 164.7 MB.
Total: 12.227600 ms (FindLiveObjects: 0.600100 ms CreateObjectMapping: 0.461300 ms MarkObjects: 5.748900 ms  DeleteObjects: 5.414900 ms)

AssetImportParameters requested are different than current active one (requested -> active):
  custom:video-decoder-ogg-theora: a1e56fd34408186e4bbccfd4996cb3dc -> 
  custom:container-muxer-webm: aa71ff27fc2769a1b78a27578f13a17b -> 
  custom:container-demuxer-webm: 4f35f7cbe854078d1ac9338744f61a02 -> 
  custom:video-encoder-webm-vp8: eb34c28f22e8b96e1ab97ce403110664 -> 
  custom:video-codec-MediaFoundation-h265: 746d11721c4dcdbdad8f713fa42b33f4 -> 
  custom:audio-encoder-webm-vorbis: bf7c407c2cedff20999df2af8eb42d56 -> 
  custom:framework-win-MediaFoundation: 216162199b28c13a410421893ffa2e32 -> 
  custom:container-demuxer-ogg: 62fdf1f143b41e24485cea50d1cbac27 -> 
  custom:video-decoder-webm-vp8: 9c59270c3fd7afecdb556c50c9e8de78 -> 
  custom:audio-decoder-ogg-vorbis: bf7c407c2cedff20999df2af8eb42d56 -> 
========================================================================
Received Import Request.
  Time since last request: 482039.886000 seconds.
  path: Assets/BaseProject/JMO Assets/Toony Colors Pro/Demo TCP2/Cat Demo Assets/Materials/Cat/TCP2_Demo_CatFlat style2 hat.mat
  artifactKey: Guid(3f8d52d32a02e5c4cae37934e124f4b2) Importer(815301076,1909f56bfc062723c751e8b465ee728b)
Start importing Assets/BaseProject/JMO Assets/Toony Colors Pro/Demo TCP2/Cat Demo Assets/Materials/Cat/TCP2_Demo_CatFlat style2 hat.mat using Guid(3f8d52d32a02e5c4cae37934e124f4b2) Importer(815301076,1909f56bfc062723c751e8b465ee728b)  -> (artifact id: '382788f40668a68c0a2f7ab9d1099475') in 0.292610 seconds 
========================================================================
Received Import Request.
  Time since last request: 0.000169 seconds.
  path: Assets/BaseProject/JMO Assets/Toony Colors Pro/Demo TCP2/SG2 Demo Assets/Default/TCP2_Demo_SG2 Hologram Robot.mat
  artifactKey: Guid(10ebbbce55b7dab44b51fd05b20b6c8b) Importer(815301076,1909f56bfc062723c751e8b465ee728b)
Start importing Assets/BaseProject/JMO Assets/Toony Colors Pro/Demo TCP2/SG2 Demo Assets/Default/TCP2_Demo_SG2 Hologram Robot.mat using Guid(10ebbbce55b7dab44b51fd05b20b6c8b) Importer(815301076,1909f56bfc062723c751e8b465ee728b)  -> (artifact id: '150865e70e46de288572153eb19b10e4') in 0.338532 seconds 
========================================================================
Received Import Request.
  Time since last request: 0.000110 seconds.
  path: Assets/BaseProject/JMO Assets/Toony Colors Pro/Demo TCP2/Cat Demo Assets/Materials/Cat/TCP2_Demo_CatFlat style5.mat
  artifactKey: Guid(04bf96ebc893e07458950319069ad094) Importer(815301076,1909f56bfc062723c751e8b465ee728b)
Start importing Assets/BaseProject/JMO Assets/Toony Colors Pro/Demo TCP2/Cat Demo Assets/Materials/Cat/TCP2_Demo_CatFlat style5.mat using Guid(04bf96ebc893e07458950319069ad094) Importer(815301076,1909f56bfc062723c751e8b465ee728b)  -> (artifact id: 'ed2076f5c34916dae261c4ac0b41f298') in 0.121258 seconds 
========================================================================
Received Import Request.
  Time since last request: 0.000039 seconds.
  path: Assets/BaseProject/JMO Assets/Toony Colors Pro/Demo TCP2/SG Demo Assets/PBS/TCP2_Demo_Robot_OutlineBehind.mat
  artifactKey: Guid(97aa59554bf2d684d908a7ca26adbc2e) Importer(815301076,1909f56bfc062723c751e8b465ee728b)
Start importing Assets/BaseProject/JMO Assets/Toony Colors Pro/Demo TCP2/SG Demo Assets/PBS/TCP2_Demo_Robot_OutlineBehind.mat using Guid(97aa59554bf2d684d908a7ca26adbc2e) Importer(815301076,1909f56bfc062723c751e8b465ee728b)  -> (artifact id: '414fc08a271f95941704fdcf06ae6c27') in 0.353534 seconds 
========================================================================
Received Import Request.
  Time since last request: 0.000067 seconds.
  path: Assets/BaseProject/JMO Assets/Toony Colors Pro/Demo TCP2/Cat Demo Assets/Materials/Cat/TCP2_Demo_CatFlat style6.mat
  artifactKey: Guid(2c8a59b3f26df7c49932a4aef9706cd1) Importer(815301076,1909f56bfc062723c751e8b465ee728b)
Start importing Assets/BaseProject/JMO Assets/Toony Colors Pro/Demo TCP2/Cat Demo Assets/Materials/Cat/TCP2_Demo_CatFlat style6.mat using Guid(2c8a59b3f26df7c49932a4aef9706cd1) Importer(815301076,1909f56bfc062723c751e8b465ee728b)  -> (artifact id: 'c7c579b55d9f6a082788eb5643d3e8f7') in 0.080482 seconds 
========================================================================
Received Import Request.
  Time since last request: 0.000140 seconds.
  path: Assets/BaseProject/JMO Assets/Toony Colors Pro/Demo TCP2/Cat Demo Assets/Materials/TCP2_Demo_StreetLightNight.mat
  artifactKey: Guid(16c2cb4597c17284c9fe6ad19d99623d) Importer(815301076,1909f56bfc062723c751e8b465ee728b)
Start importing Assets/BaseProject/JMO Assets/Toony Colors Pro/Demo TCP2/Cat Demo Assets/Materials/TCP2_Demo_StreetLightNight.mat using Guid(16c2cb4597c17284c9fe6ad19d99623d) Importer(815301076,1909f56bfc062723c751e8b465ee728b)  -> (artifact id: '8a65397166a274b80347b6b33f16f58d') in 0.054546 seconds 
========================================================================
Received Import Request.
  Time since last request: 0.000141 seconds.
  path: Assets/BaseProject/JMO Assets/Toony Colors Pro/Demo TCP2/SG Demo Assets/_Misc Assets/TCP2_Demo_Small_boat.mat
  artifactKey: Guid(7381c437a390c6947b4ee346536dc92f) Importer(815301076,1909f56bfc062723c751e8b465ee728b)
Start importing Assets/BaseProject/JMO Assets/Toony Colors Pro/Demo TCP2/SG Demo Assets/_Misc Assets/TCP2_Demo_Small_boat.mat using Guid(7381c437a390c6947b4ee346536dc92f) Importer(815301076,1909f56bfc062723c751e8b465ee728b)  -> (artifact id: '026d3d747ed96c4d30ce0ff24b955d00') in 0.096992 seconds 
========================================================================
Received Import Request.
  Time since last request: 0.000085 seconds.
  path: Assets/BaseProject/JMO Assets/Toony Colors Pro/Demo TCP2/Cat Demo Assets/Materials/Cat/TCP2_Demo_CatFlat style3 hat.mat
  artifactKey: Guid(18b22bf4b2c8454488d7bbda8c5affdc) Importer(815301076,1909f56bfc062723c751e8b465ee728b)
Start importing Assets/BaseProject/JMO Assets/Toony Colors Pro/Demo TCP2/Cat Demo Assets/Materials/Cat/TCP2_Demo_CatFlat style3 hat.mat using Guid(18b22bf4b2c8454488d7bbda8c5affdc) Importer(815301076,1909f56bfc062723c751e8b465ee728b)  -> (artifact id: 'b28380c8de85a260e4b2be717a9ccd6f') in 0.076901 seconds 
========================================================================
Received Import Request.
  Time since last request: 0.000118 seconds.
  path: Assets/BaseProject/JMO Assets/Toony Colors Pro/Demo TCP2/Cat Demo Assets/Materials/UnityChan/TCP2_Demo_UnityChan style1 flat.mat
  artifactKey: Guid(095d600332d3bfb49a4a577478a2c244) Importer(815301076,1909f56bfc062723c751e8b465ee728b)
Start importing Assets/BaseProject/JMO Assets/Toony Colors Pro/Demo TCP2/Cat Demo Assets/Materials/UnityChan/TCP2_Demo_UnityChan style1 flat.mat using Guid(095d600332d3bfb49a4a577478a2c244) Importer(815301076,1909f56bfc062723c751e8b465ee728b)  -> (artifact id: '11d90feb0301f3459d46e0ae5922c781') in 0.352449 seconds 
========================================================================
Received Import Request.
  Time since last request: 0.000097 seconds.
  path: Assets/BaseProject/JMO Assets/Toony Colors Pro/Demo TCP2/SG2 Demo Assets/Default/TCP2_Demo_SG2 Vertex Color Albedo.mat
  artifactKey: Guid(b05e74f9ae6e9e84ca96ef0a1b882f6b) Importer(815301076,1909f56bfc062723c751e8b465ee728b)
Start importing Assets/BaseProject/JMO Assets/Toony Colors Pro/Demo TCP2/SG2 Demo Assets/Default/TCP2_Demo_SG2 Vertex Color Albedo.mat using Guid(b05e74f9ae6e9e84ca96ef0a1b882f6b) Importer(815301076,1909f56bfc062723c751e8b465ee728b)  -> (artifact id: '53a4692398c2f7d08d95af9fbd11c1b0') in 0.266516 seconds 
========================================================================
Received Import Request.
  Time since last request: 0.000083 seconds.
  path: Assets/BaseProject/JMO Assets/Toony Colors Pro/Demo TCP2/SG2 Demo Assets/Default/TCP2_Demo_SG2 Wind Animation Grass.mat
  artifactKey: Guid(fba57fad68104ca4f8c504e1fb6b4ab6) Importer(815301076,1909f56bfc062723c751e8b465ee728b)
Start importing Assets/BaseProject/JMO Assets/Toony Colors Pro/Demo TCP2/SG2 Demo Assets/Default/TCP2_Demo_SG2 Wind Animation Grass.mat using Guid(fba57fad68104ca4f8c504e1fb6b4ab6) Importer(815301076,1909f56bfc062723c751e8b465ee728b)  -> (artifact id: 'aaee3e7c4f3ed236706661903204633e') in 0.276513 seconds 
========================================================================
Received Import Request.
  Time since last request: 0.000200 seconds.
  path: Assets/BaseProject/JMO Assets/Toony Colors Pro/Demo TCP2/Cat Demo Assets/Materials/Cat/TCP2_Demo_CatFlat style6 hat.mat
  artifactKey: Guid(c876363f7aa22f64398688fc6ba99369) Importer(815301076,1909f56bfc062723c751e8b465ee728b)
Start importing Assets/BaseProject/JMO Assets/Toony Colors Pro/Demo TCP2/Cat Demo Assets/Materials/Cat/TCP2_Demo_CatFlat style6 hat.mat using Guid(c876363f7aa22f64398688fc6ba99369) Importer(815301076,1909f56bfc062723c751e8b465ee728b)  -> (artifact id: '50c16c58b9b4e547e91c8fd5f53133de') in 0.074917 seconds 
========================================================================
Received Import Request.
  Time since last request: 0.000065 seconds.
  path: Assets/BaseProject/JMO Assets/Toony Colors Pro/Demo TCP2/Cat Demo Assets/Materials/TCP2_Demo_Graffiti1.mat
  artifactKey: Guid(04472787f80092f4b85f74bd4bd4f19d) Importer(815301076,1909f56bfc062723c751e8b465ee728b)
Start importing Assets/BaseProject/JMO Assets/Toony Colors Pro/Demo TCP2/Cat Demo Assets/Materials/TCP2_Demo_Graffiti1.mat using Guid(04472787f80092f4b85f74bd4bd4f19d) Importer(815301076,1909f56bfc062723c751e8b465ee728b)  -> (artifact id: '4afabc8d6d94f416c0fb05e35fe1efd8') in 0.082826 seconds 
========================================================================
Received Import Request.
  Time since last request: 0.000036 seconds.
  path: Assets/BaseProject/JMO Assets/Toony Colors Pro/Demo TCP2/SG Demo Assets/PBS/TCP2_Demo_Robot_PBS.mat
  artifactKey: Guid(f0cebd6b7384ac9438f97ad650051a42) Importer(815301076,1909f56bfc062723c751e8b465ee728b)
Start importing Assets/BaseProject/JMO Assets/Toony Colors Pro/Demo TCP2/SG Demo Assets/PBS/TCP2_Demo_Robot_PBS.mat using Guid(f0cebd6b7384ac9438f97ad650051a42) Importer(815301076,1909f56bfc062723c751e8b465ee728b)  -> (artifact id: '18633e595d5b9c5ab0fa91aa7b39f713') in 0.133068 seconds 
========================================================================
Received Import Request.
  Time since last request: 0.000111 seconds.
  path: Assets/BaseProject/JMO Assets/Toony Colors Pro/Demo TCP2/SG Demo Assets/PBS/TCP2_Demo_Robot_BlendedOutline.mat
  artifactKey: Guid(dd9f840ab4828ac4691ba7520254328f) Importer(815301076,1909f56bfc062723c751e8b465ee728b)
Start importing Assets/BaseProject/JMO Assets/Toony Colors Pro/Demo TCP2/SG Demo Assets/PBS/TCP2_Demo_Robot_BlendedOutline.mat using Guid(dd9f840ab4828ac4691ba7520254328f) Importer(815301076,1909f56bfc062723c751e8b465ee728b)  -> (artifact id: 'b2fadabfacdcf2b748c1f9f54002b679') in 0.510808 seconds 
========================================================================
Received Import Request.
  Time since last request: 0.000055 seconds.
  path: Assets/BaseProject/JMO Assets/Toony Colors Pro/Demo TCP2/Cat Demo Assets/Materials/UnityChan/TCP2_Demo_UnityChan style1 flat body.mat
  artifactKey: Guid(98ce2be4b908d3442ac465424eb688d6) Importer(815301076,1909f56bfc062723c751e8b465ee728b)
Start importing Assets/BaseProject/JMO Assets/Toony Colors Pro/Demo TCP2/Cat Demo Assets/Materials/UnityChan/TCP2_Demo_UnityChan style1 flat body.mat using Guid(98ce2be4b908d3442ac465424eb688d6) Importer(815301076,1909f56bfc062723c751e8b465ee728b)  -> (artifact id: 'd27b056ae0faf2c09f1858fed41b8a1d') in 0.174130 seconds 
========================================================================
Received Import Request.
  Time since last request: 0.000189 seconds.
  path: Assets/BaseProject/JMO Assets/Toony Colors Pro/Demo TCP2/Cat Demo Assets/Materials/Cat/TCP2_Demo_CatFlat style4.mat
  artifactKey: Guid(5f57daf66e29c524ea0ccce8927c37eb) Importer(815301076,1909f56bfc062723c751e8b465ee728b)
Start importing Assets/BaseProject/JMO Assets/Toony Colors Pro/Demo TCP2/Cat Demo Assets/Materials/Cat/TCP2_Demo_CatFlat style4.mat using Guid(5f57daf66e29c524ea0ccce8927c37eb) Importer(815301076,1909f56bfc062723c751e8b465ee728b)  -> (artifact id: 'e8c883dc8c352b0d17df24bba0cbc8d8') in 0.079187 seconds 
========================================================================
Received Import Request.
  Time since last request: 0.000055 seconds.
  path: Assets/BaseProject/JMO Assets/Toony Colors Pro/Demo TCP2/SG Demo Assets/Default/TCP2_Demo_Robot_OldSchool.mat
  artifactKey: Guid(138235297c1018a40b1f40b5cbd792d6) Importer(815301076,1909f56bfc062723c751e8b465ee728b)
Start importing Assets/BaseProject/JMO Assets/Toony Colors Pro/Demo TCP2/SG Demo Assets/Default/TCP2_Demo_Robot_OldSchool.mat using Guid(138235297c1018a40b1f40b5cbd792d6) Importer(815301076,1909f56bfc062723c751e8b465ee728b)  -> (artifact id: 'adb2c46e098a49eeca8e0488f810d032') in 0.268977 seconds 
Editor requested this worker to shutdown with reason: Scaling down because of idle timeout
AssetImportWorker is now disconnected from the server
Process exiting
Exiting without the bug reporter. Application will terminate with return code 0