Using pre-set license
Built from '2021.3/staging' branch; Version is '2021.3.8f1 (b30333d56e81) revision 11731763'; Using compiler version '192829333'; Build Type 'Release'
OS: 'Windows 11  (10.0.22000) 64bit CoreSingleLanguage' Language: 'tr' Physical Memory: 5996 MB
BatchMode: 1, IsHumanControllingUs: 0, StartBugReporterOnCrash: 0, Is64bit: 1, IsPro: 1

COMMAND LINE ARGUMENTS:
C:\Program Files\Unity\Hub\Editor\2021.3.8f1\Editor\Unity.exe
-adb2
-batchMode
-noUpm
-name
AssetImportWorker3
-projectPath
C:/GitHub/InfiniteCoinBlock/InfiniteCoinBlock
-logFile
Logs/AssetImportWorker3.log
-srvPort
55460
Successfully changed project path to: C:/GitHub/InfiniteCoinBlock/InfiniteCoinBlock
C:/GitHub/InfiniteCoinBlock/InfiniteCoinBlock
[UnityMemory] Configuration Parameters - Can be set up in boot.config
    "memorysetup-bucket-allocator-granularity=16"
    "memorysetup-bucket-allocator-bucket-count=8"
    "memorysetup-bucket-allocator-block-size=33554432"
    "memorysetup-bucket-allocator-block-count=8"
    "memorysetup-main-allocator-block-size=16777216"
    "memorysetup-thread-allocator-block-size=16777216"
    "memorysetup-gfx-main-allocator-block-size=16777216"
    "memorysetup-gfx-thread-allocator-block-size=16777216"
    "memorysetup-cache-allocator-block-size=4194304"
    "memorysetup-typetree-allocator-block-size=2097152"
    "memorysetup-profiler-bucket-allocator-granularity=16"
    "memorysetup-profiler-bucket-allocator-bucket-count=8"
    "memorysetup-profiler-bucket-allocator-block-size=33554432"
    "memorysetup-profiler-bucket-allocator-block-count=8"
    "memorysetup-profiler-allocator-block-size=16777216"
    "memorysetup-profiler-editor-allocator-block-size=1048576"
    "memorysetup-temp-allocator-size-main=16777216"
    "memorysetup-job-temp-allocator-block-size=2097152"
    "memorysetup-job-temp-allocator-block-size-background=1048576"
    "memorysetup-job-temp-allocator-reduction-small-platforms=262144"
    "memorysetup-temp-allocator-size-background-worker=32768"
    "memorysetup-temp-allocator-size-job-worker=262144"
    "memorysetup-temp-allocator-size-preload-manager=33554432"
    "memorysetup-temp-allocator-size-nav-mesh-worker=65536"
    "memorysetup-temp-allocator-size-audio-worker=65536"
    "memorysetup-temp-allocator-size-cloud-worker=32768"
    "memorysetup-temp-allocator-size-gi-baking-worker=262144"
    "memorysetup-temp-allocator-size-gfx=262144"
Refreshing native plugins compatible for Editor in 184.12 ms, found 5 plugins.
Preloading 0 native plugins for Editor in 0.00 ms.
Initialize engine version: 2021.3.8f1 (b30333d56e81)
[Subsystems] Discovering subsystems at path C:/Program Files/Unity/Hub/Editor/2021.3.8f1/Editor/Data/Resources/UnitySubsystems
[Subsystems] Discovering subsystems at path C:/GitHub/InfiniteCoinBlock/InfiniteCoinBlock/Assets
GfxDevice: creating device client; threaded=0; jobified=0
Direct3D:
    Version:  Direct3D 11.0 [level 11.1]
    Renderer: NVIDIA GeForce GTX 1650 (ID=0x1f9d)
    Vendor:   NVIDIA
    VRAM:     3965 MB
    Driver:   30.0.15.1236
Initialize mono
Mono path[0] = 'C:/Program Files/Unity/Hub/Editor/2021.3.8f1/Editor/Data/Managed'
Mono path[1] = 'C:/Program Files/Unity/Hub/Editor/2021.3.8f1/Editor/Data/MonoBleedingEdge/lib/mono/unityjit-win32'
Mono config path = 'C:/Program Files/Unity/Hub/Editor/2021.3.8f1/Editor/Data/MonoBleedingEdge/etc'
Using monoOptions --debugger-agent=transport=dt_socket,embedding=1,server=y,suspend=n,address=127.0.0.1:56320
Begin MonoManager ReloadAssembly
Registering precompiled unity dll's ...
Register platform support module: C:/Program Files/Unity/Hub/Editor/2021.3.8f1/Editor/Data/PlaybackEngines/AndroidPlayer/UnityEditor.Android.Extensions.dll
Register platform support module: C:/Program Files/Unity/Hub/Editor/2021.3.8f1/Editor/Data/PlaybackEngines/iOSSupport/UnityEditor.iOS.Extensions.dll
Register platform support module: C:/Program Files/Unity/Hub/Editor/2021.3.8f1/Editor/Data/PlaybackEngines/WindowsStandaloneSupport/UnityEditor.WindowsStandalone.Extensions.dll
Registered in 0.006839 seconds.
Native extension for WindowsStandalone target not found
[usbmuxd] Start listen thread
[usbmuxd] Listen thread started
Native extension for iOS target not found
Native extension for Android target not found
Refreshing native plugins compatible for Editor in 127.17 ms, found 5 plugins.
Preloading 0 native plugins for Editor in 0.00 ms.
Mono: successfully reloaded assembly
- Completed reload, in  0.695 seconds
Domain Reload Profiling:
	ReloadAssembly (695ms)
		BeginReloadAssembly (108ms)
			ExecutionOrderSort (0ms)
			DisableScriptedObjects (0ms)
			BackupInstance (0ms)
			ReleaseScriptingObjects (0ms)
			CreateAndSetChildDomain (1ms)
		EndReloadAssembly (484ms)
			LoadAssemblies (106ms)
			RebuildTransferFunctionScriptingTraits (0ms)
			SetupTypeCache (95ms)
			ReleaseScriptCaches (0ms)
			RebuildScriptCaches (22ms)
			SetupLoadedEditorAssemblies (320ms)
				LogAssemblyErrors (0ms)
				InitializePlatformSupportModulesInManaged (63ms)
				SetLoadedEditorAssemblies (0ms)
				RefreshPlugins (127ms)
				BeforeProcessingInitializeOnLoad (1ms)
				ProcessInitializeOnLoadAttributes (86ms)
				ProcessInitializeOnLoadMethodAttributes (42ms)
				AfterProcessingInitializeOnLoad (0ms)
				EditorAssembliesLoaded (0ms)
			ExecutionOrderSort2 (0ms)
			AwakeInstancesAfterBackupRestoration (0ms)
Platform modules already initialized, skipping
Registering precompiled user dll's ...
Registered in 0.022218 seconds.
Begin MonoManager ReloadAssembly
Symbol file LoadedFromMemory doesn't match image C:\GitHub\InfiniteCoinBlock\InfiniteCoinBlock\Library\PackageCache\com.unity.visualscripting@1.7.8\Editor\VisualScripting.Core\Dependencies\YamlDotNet\Unity.VisualScripting.YamlDotNet.dll
Symbol file LoadedFromMemory doesn't match image C:\GitHub\InfiniteCoinBlock\InfiniteCoinBlock\Library\PackageCache\com.unity.visualscripting@1.7.8\Editor\VisualScripting.Core\Dependencies\DotNetZip\Unity.VisualScripting.IonicZip.dll
Native extension for WindowsStandalone target not found
Native extension for iOS target not found
Native extension for Android target not found
Refreshing native plugins compatible for Editor in 126.50 ms, found 5 plugins.
Preloading 0 native plugins for Editor in 0.00 ms.
Mono: successfully reloaded assembly
- Completed reload, in  1.620 seconds
Domain Reload Profiling:
	ReloadAssembly (1621ms)
		BeginReloadAssembly (237ms)
			ExecutionOrderSort (0ms)
			DisableScriptedObjects (5ms)
			BackupInstance (0ms)
			ReleaseScriptingObjects (0ms)
			CreateAndSetChildDomain (130ms)
		EndReloadAssembly (1269ms)
			LoadAssemblies (190ms)
			RebuildTransferFunctionScriptingTraits (0ms)
			SetupTypeCache (290ms)
			ReleaseScriptCaches (1ms)
			RebuildScriptCaches (51ms)
			SetupLoadedEditorAssemblies (733ms)
				LogAssemblyErrors (0ms)
				InitializePlatformSupportModulesInManaged (27ms)
				SetLoadedEditorAssemblies (0ms)
				RefreshPlugins (127ms)
				BeforeProcessingInitializeOnLoad (112ms)
				ProcessInitializeOnLoadAttributes (383ms)
				ProcessInitializeOnLoadMethodAttributes (78ms)
				AfterProcessingInitializeOnLoad (5ms)
				EditorAssembliesLoaded (0ms)
			ExecutionOrderSort2 (0ms)
			AwakeInstancesAfterBackupRestoration (5ms)
Platform modules already initialized, skipping
========================================================================
Worker process is ready to serve import requests
Launched and connected shader compiler UnityShaderCompiler.exe after 0.04 seconds
Refreshing native plugins compatible for Editor in 3.38 ms, found 5 plugins.
Preloading 0 native plugins for Editor in 0.00 ms.
Unloading 5505 Unused Serialized files (Serialized files now loaded: 0)
Unloading 58 unused Assets / (7.1 MB). Loaded Objects now: 5951.
Memory consumption went from 283.8 MB to 276.8 MB.
Total: 9.782800 ms (FindLiveObjects: 0.589000 ms CreateObjectMapping: 0.707900 ms MarkObjects: 6.438500 ms  DeleteObjects: 2.045900 ms)

AssetImportParameters requested are different than current active one (requested -> active):
  custom:video-decoder-ogg-theora: a1e56fd34408186e4bbccfd4996cb3dc -> 
  custom:container-muxer-webm: aa71ff27fc2769a1b78a27578f13a17b -> 
  custom:container-demuxer-webm: 4f35f7cbe854078d1ac9338744f61a02 -> 
  custom:video-encoder-webm-vp8: eb34c28f22e8b96e1ab97ce403110664 -> 
  custom:video-codec-MediaFoundation-h265: 746d11721c4dcdbdad8f713fa42b33f4 -> 
  custom:audio-encoder-webm-vorbis: bf7c407c2cedff20999df2af8eb42d56 -> 
  custom:framework-win-MediaFoundation: 216162199b28c13a410421893ffa2e32 -> 
  custom:container-demuxer-ogg: 62fdf1f143b41e24485cea50d1cbac27 -> 
  custom:video-decoder-webm-vp8: 9c59270c3fd7afecdb556c50c9e8de78 -> 
  custom:audio-decoder-ogg-vorbis: bf7c407c2cedff20999df2af8eb42d56 -> 
========================================================================
Received Import Request.
  Time since last request: 727679.698655 seconds.
  path: Assets/LevelDatas/Lv.BuildSettings/L4_Build Settings.asset
  artifactKey: Guid(6bbea4a04bfa3384d93fbe339fa898ed) Importer(815301076,1909f56bfc062723c751e8b465ee728b)
Start importing Assets/LevelDatas/Lv.BuildSettings/L4_Build Settings.asset using Guid(6bbea4a04bfa3384d93fbe339fa898ed) Importer(815301076,1909f56bfc062723c751e8b465ee728b)  -> (artifact id: '998bd4b8b4aa15d758c4411859dcdc3d') in 0.053652 seconds 
========================================================================
Received Import Request.
  Time since last request: 22.022280 seconds.
  path: Assets/LevelDatas/Lv.BuildSettings/L5_Build Settings.asset
  artifactKey: Guid(53d832b636b667e488b6234d51c4bec6) Importer(815301076,1909f56bfc062723c751e8b465ee728b)
Start importing Assets/LevelDatas/Lv.BuildSettings/L5_Build Settings.asset using Guid(53d832b636b667e488b6234d51c4bec6) Importer(815301076,1909f56bfc062723c751e8b465ee728b)  -> (artifact id: 'e13f42e6548de538f1733c7ce4c63e95') in 0.005907 seconds 
========================================================================
Received Import Request.
  Time since last request: 17.465738 seconds.
  path: Assets/LevelDatas/Lv.BuildSettings/L6_Build Settings.asset
  artifactKey: Guid(dd6072a00933a1042a91ae568b061fe4) Importer(815301076,1909f56bfc062723c751e8b465ee728b)
Start importing Assets/LevelDatas/Lv.BuildSettings/L6_Build Settings.asset using Guid(dd6072a00933a1042a91ae568b061fe4) Importer(815301076,1909f56bfc062723c751e8b465ee728b)  -> (artifact id: '087a0cefabe25b90752340848dd11c42') in 0.005829 seconds 
========================================================================
Received Import Request.
  Time since last request: 715.339586 seconds.
  path: Assets/LevelDatas/Lv.BuildSettings/L8_Build Settings.asset
  artifactKey: Guid(b5d73ee475b7631458910c2e0cf0102c) Importer(815301076,1909f56bfc062723c751e8b465ee728b)
Start importing Assets/LevelDatas/Lv.BuildSettings/L8_Build Settings.asset using Guid(b5d73ee475b7631458910c2e0cf0102c) Importer(815301076,1909f56bfc062723c751e8b465ee728b)  -> (artifact id: '93c90f2081c78667d61b6b764a8bda85') in 0.006635 seconds 
========================================================================
Received Import Request.
  Time since last request: 130.678170 seconds.
  path: Assets/LevelDatas/Lv.BuildSettings/L9_Build Settings.asset
  artifactKey: Guid(72564b674d0c8b146bd9cf904d795bae) Importer(815301076,1909f56bfc062723c751e8b465ee728b)
Start importing Assets/LevelDatas/Lv.BuildSettings/L9_Build Settings.asset using Guid(72564b674d0c8b146bd9cf904d795bae) Importer(815301076,1909f56bfc062723c751e8b465ee728b)  -> (artifact id: 'a2f5b4e20edd67e264b45476583fdf77') in 0.004198 seconds 
========================================================================
Received Import Request.
  Time since last request: 13.093825 seconds.
  path: Assets/LevelDatas/Lv.BuildSettings/L10_Build Settings.asset
  artifactKey: Guid(4836346dd5918844ea4904f9443bca64) Importer(815301076,1909f56bfc062723c751e8b465ee728b)
Start importing Assets/LevelDatas/Lv.BuildSettings/L10_Build Settings.asset using Guid(4836346dd5918844ea4904f9443bca64) Importer(815301076,1909f56bfc062723c751e8b465ee728b)  -> (artifact id: '8f6b9e6a94af48ad0dc646cab6ba4373') in 0.006655 seconds 
========================================================================
Received Import Request.
  Time since last request: 13.443401 seconds.
  path: Assets/LevelDatas/Lv.BuildSettings/L11_Build Settings.asset
  artifactKey: Guid(b3600c54f563a4749ac461f1731ad446) Importer(815301076,1909f56bfc062723c751e8b465ee728b)
Start importing Assets/LevelDatas/Lv.BuildSettings/L11_Build Settings.asset using Guid(b3600c54f563a4749ac461f1731ad446) Importer(815301076,1909f56bfc062723c751e8b465ee728b)  -> (artifact id: '72c8c809da053dc86434684bfa5af5d4') in 0.005128 seconds 
========================================================================
Received Import Request.
  Time since last request: 20.600980 seconds.
  path: Assets/LevelDatas/Lv.BuildSettings/L12_Build Settings.asset
  artifactKey: Guid(3be526afce1f5ee4b96d237aabc9b792) Importer(815301076,1909f56bfc062723c751e8b465ee728b)
Start importing Assets/LevelDatas/Lv.BuildSettings/L12_Build Settings.asset using Guid(3be526afce1f5ee4b96d237aabc9b792) Importer(815301076,1909f56bfc062723c751e8b465ee728b)  -> (artifact id: '5224b14e6b0902624853274007925289') in 0.005348 seconds 
========================================================================
Received Import Request.
  Time since last request: 202.434453 seconds.
  path: Assets/LevelDatas/Levels/Level 5.asset
  artifactKey: Guid(5c2fdffe29b241949a067aad0c5f1c69) Importer(815301076,1909f56bfc062723c751e8b465ee728b)
Start importing Assets/LevelDatas/Levels/Level 5.asset using Guid(5c2fdffe29b241949a067aad0c5f1c69) Importer(815301076,1909f56bfc062723c751e8b465ee728b)  -> (artifact id: 'ec4b73e9343a1580b10122e51bdd89f1') in 0.092848 seconds 
========================================================================
Received Import Request.
  Time since last request: 13.346898 seconds.
  path: Assets/LevelDatas/Levels/Level 8.asset
  artifactKey: Guid(a82eb45ad72d1e249b1c46f04846a6e0) Importer(815301076,1909f56bfc062723c751e8b465ee728b)
Start importing Assets/LevelDatas/Levels/Level 8.asset using Guid(a82eb45ad72d1e249b1c46f04846a6e0) Importer(815301076,1909f56bfc062723c751e8b465ee728b)  -> (artifact id: 'bf60c4689e40b778802109d9cf7796fa') in 0.077518 seconds 
========================================================================
Received Import Request.
  Time since last request: 0.000043 seconds.
  path: Assets/LevelDatas/Levels/Level 10.asset
  artifactKey: Guid(7672d758dcb9bcb4db7f14f94df1ed40) Importer(815301076,1909f56bfc062723c751e8b465ee728b)
Start importing Assets/LevelDatas/Levels/Level 10.asset using Guid(7672d758dcb9bcb4db7f14f94df1ed40) Importer(815301076,1909f56bfc062723c751e8b465ee728b)  -> (artifact id: '4d67dd8d3ccf5da911b30fac08ac7460') in 0.031587 seconds 
========================================================================
Received Import Request.
  Time since last request: 0.000049 seconds.
  path: Assets/LevelDatas/Levels/Level 9.asset
  artifactKey: Guid(d9fb263303684e14d9875d2c54cb6c6a) Importer(815301076,1909f56bfc062723c751e8b465ee728b)
Start importing Assets/LevelDatas/Levels/Level 9.asset using Guid(d9fb263303684e14d9875d2c54cb6c6a) Importer(815301076,1909f56bfc062723c751e8b465ee728b)  -> (artifact id: '62855425b752e259e4e5300acb0b198c') in 0.028794 seconds 
Editor requested this worker to shutdown with reason: Scaling down because of idle timeout
AssetImportWorker is now disconnected from the server
Process exiting
Exiting without the bug reporter. Application will terminate with return code 0