Using pre-set license
Built from '2021.3/staging' branch; Version is '2021.3.8f1 (b30333d56e81) revision 11731763'; Using compiler version '192829333'; Build Type 'Release'
OS: 'Windows 11  (10.0.22000) 64bit CoreSingleLanguage' Language: 'tr' Physical Memory: 5996 MB
BatchMode: 1, IsHumanControllingUs: 0, StartBugReporterOnCrash: 0, Is64bit: 1, IsPro: 1

COMMAND LINE ARGUMENTS:
C:\Program Files\Unity\Hub\Editor\2021.3.8f1\Editor\Unity.exe
-adb2
-batchMode
-noUpm
-name
AssetImportWorker4
-projectPath
C:/GitHub/InfiniteCoinBlock/InfiniteCoinBlock
-logFile
Logs/AssetImportWorker4.log
-srvPort
57864
Successfully changed project path to: C:/GitHub/InfiniteCoinBlock/InfiniteCoinBlock
C:/GitHub/InfiniteCoinBlock/InfiniteCoinBlock
[UnityMemory] Configuration Parameters - Can be set up in boot.config
    "memorysetup-bucket-allocator-granularity=16"
    "memorysetup-bucket-allocator-bucket-count=8"
    "memorysetup-bucket-allocator-block-size=33554432"
    "memorysetup-bucket-allocator-block-count=8"
    "memorysetup-main-allocator-block-size=16777216"
    "memorysetup-thread-allocator-block-size=16777216"
    "memorysetup-gfx-main-allocator-block-size=16777216"
    "memorysetup-gfx-thread-allocator-block-size=16777216"
    "memorysetup-cache-allocator-block-size=4194304"
    "memorysetup-typetree-allocator-block-size=2097152"
    "memorysetup-profiler-bucket-allocator-granularity=16"
    "memorysetup-profiler-bucket-allocator-bucket-count=8"
    "memorysetup-profiler-bucket-allocator-block-size=33554432"
    "memorysetup-profiler-bucket-allocator-block-count=8"
    "memorysetup-profiler-allocator-block-size=16777216"
    "memorysetup-profiler-editor-allocator-block-size=1048576"
    "memorysetup-temp-allocator-size-main=16777216"
    "memorysetup-job-temp-allocator-block-size=2097152"
    "memorysetup-job-temp-allocator-block-size-background=1048576"
    "memorysetup-job-temp-allocator-reduction-small-platforms=262144"
    "memorysetup-temp-allocator-size-background-worker=32768"
    "memorysetup-temp-allocator-size-job-worker=262144"
    "memorysetup-temp-allocator-size-preload-manager=33554432"
    "memorysetup-temp-allocator-size-nav-mesh-worker=65536"
    "memorysetup-temp-allocator-size-audio-worker=65536"
    "memorysetup-temp-allocator-size-cloud-worker=32768"
    "memorysetup-temp-allocator-size-gi-baking-worker=262144"
    "memorysetup-temp-allocator-size-gfx=262144"
Refreshing native plugins compatible for Editor in 238.69 ms, found 5 plugins.
Preloading 0 native plugins for Editor in 0.00 ms.
Initialize engine version: 2021.3.8f1 (b30333d56e81)
[Subsystems] Discovering subsystems at path C:/Program Files/Unity/Hub/Editor/2021.3.8f1/Editor/Data/Resources/UnitySubsystems
[Subsystems] Discovering subsystems at path C:/GitHub/InfiniteCoinBlock/InfiniteCoinBlock/Assets
GfxDevice: creating device client; threaded=0; jobified=0
Direct3D:
    Version:  Direct3D 11.0 [level 11.1]
    Renderer: NVIDIA GeForce GTX 1650 (ID=0x1f9d)
    Vendor:   NVIDIA
    VRAM:     3965 MB
    Driver:   30.0.15.1236
Initialize mono
Mono path[0] = 'C:/Program Files/Unity/Hub/Editor/2021.3.8f1/Editor/Data/Managed'
Mono path[1] = 'C:/Program Files/Unity/Hub/Editor/2021.3.8f1/Editor/Data/MonoBleedingEdge/lib/mono/unityjit-win32'
Mono config path = 'C:/Program Files/Unity/Hub/Editor/2021.3.8f1/Editor/Data/MonoBleedingEdge/etc'
Using monoOptions --debugger-agent=transport=dt_socket,embedding=1,server=y,suspend=n,address=127.0.0.1:56684
Begin MonoManager ReloadAssembly
Registering precompiled unity dll's ...
Register platform support module: C:/Program Files/Unity/Hub/Editor/2021.3.8f1/Editor/Data/PlaybackEngines/AndroidPlayer/UnityEditor.Android.Extensions.dll
Register platform support module: C:/Program Files/Unity/Hub/Editor/2021.3.8f1/Editor/Data/PlaybackEngines/iOSSupport/UnityEditor.iOS.Extensions.dll
Register platform support module: C:/Program Files/Unity/Hub/Editor/2021.3.8f1/Editor/Data/PlaybackEngines/WindowsStandaloneSupport/UnityEditor.WindowsStandalone.Extensions.dll
Registered in 0.007648 seconds.
Native extension for WindowsStandalone target not found
[usbmuxd] Start listen thread
[usbmuxd] Listen thread started
Native extension for iOS target not found
Native extension for Android target not found
Refreshing native plugins compatible for Editor in 193.15 ms, found 5 plugins.
Preloading 0 native plugins for Editor in 0.00 ms.
Mono: successfully reloaded assembly
- Completed reload, in  0.938 seconds
Domain Reload Profiling:
	ReloadAssembly (939ms)
		BeginReloadAssembly (78ms)
			ExecutionOrderSort (0ms)
			DisableScriptedObjects (0ms)
			BackupInstance (0ms)
			ReleaseScriptingObjects (0ms)
			CreateAndSetChildDomain (1ms)
		EndReloadAssembly (731ms)
			LoadAssemblies (76ms)
			RebuildTransferFunctionScriptingTraits (0ms)
			SetupTypeCache (159ms)
			ReleaseScriptCaches (0ms)
			RebuildScriptCaches (37ms)
			SetupLoadedEditorAssemblies (459ms)
				LogAssemblyErrors (0ms)
				InitializePlatformSupportModulesInManaged (84ms)
				SetLoadedEditorAssemblies (0ms)
				RefreshPlugins (193ms)
				BeforeProcessingInitializeOnLoad (2ms)
				ProcessInitializeOnLoadAttributes (121ms)
				ProcessInitializeOnLoadMethodAttributes (58ms)
				AfterProcessingInitializeOnLoad (0ms)
				EditorAssembliesLoaded (0ms)
			ExecutionOrderSort2 (0ms)
			AwakeInstancesAfterBackupRestoration (0ms)
Platform modules already initialized, skipping
Registering precompiled user dll's ...
Registered in 0.008417 seconds.
Begin MonoManager ReloadAssembly
Symbol file LoadedFromMemory doesn't match image C:\GitHub\InfiniteCoinBlock\InfiniteCoinBlock\Library\PackageCache\com.unity.visualscripting@1.7.8\Editor\VisualScripting.Core\Dependencies\YamlDotNet\Unity.VisualScripting.YamlDotNet.dll
Symbol file LoadedFromMemory doesn't match image C:\GitHub\InfiniteCoinBlock\InfiniteCoinBlock\Library\PackageCache\com.unity.visualscripting@1.7.8\Editor\VisualScripting.Core\Dependencies\DotNetZip\Unity.VisualScripting.IonicZip.dll
Native extension for WindowsStandalone target not found
Native extension for iOS target not found
Native extension for Android target not found
Refreshing native plugins compatible for Editor in 120.51 ms, found 5 plugins.
Preloading 0 native plugins for Editor in 0.00 ms.
Mono: successfully reloaded assembly
- Completed reload, in  1.771 seconds
Domain Reload Profiling:
	ReloadAssembly (1772ms)
		BeginReloadAssembly (213ms)
			ExecutionOrderSort (0ms)
			DisableScriptedObjects (7ms)
			BackupInstance (0ms)
			ReleaseScriptingObjects (0ms)
			CreateAndSetChildDomain (117ms)
		EndReloadAssembly (1461ms)
			LoadAssemblies (183ms)
			RebuildTransferFunctionScriptingTraits (0ms)
			SetupTypeCache (254ms)
			ReleaseScriptCaches (1ms)
			RebuildScriptCaches (54ms)
			SetupLoadedEditorAssemblies (944ms)
				LogAssemblyErrors (0ms)
				InitializePlatformSupportModulesInManaged (18ms)
				SetLoadedEditorAssemblies (0ms)
				RefreshPlugins (121ms)
				BeforeProcessingInitializeOnLoad (116ms)
				ProcessInitializeOnLoadAttributes (573ms)
				ProcessInitializeOnLoadMethodAttributes (108ms)
				AfterProcessingInitializeOnLoad (6ms)
				EditorAssembliesLoaded (0ms)
			ExecutionOrderSort2 (0ms)
			AwakeInstancesAfterBackupRestoration (8ms)
Platform modules already initialized, skipping
========================================================================
Worker process is ready to serve import requests
Launched and connected shader compiler UnityShaderCompiler.exe after 0.05 seconds
Refreshing native plugins compatible for Editor in 3.29 ms, found 5 plugins.
Preloading 0 native plugins for Editor in 0.00 ms.
Unloading 5505 Unused Serialized files (Serialized files now loaded: 0)
Unloading 58 unused Assets / (7.1 MB). Loaded Objects now: 5951.
Memory consumption went from 283.8 MB to 276.8 MB.
Total: 11.914000 ms (FindLiveObjects: 1.118900 ms CreateObjectMapping: 0.305800 ms MarkObjects: 6.644100 ms  DeleteObjects: 3.842400 ms)

AssetImportParameters requested are different than current active one (requested -> active):
  custom:video-decoder-ogg-theora: a1e56fd34408186e4bbccfd4996cb3dc -> 
  custom:container-muxer-webm: aa71ff27fc2769a1b78a27578f13a17b -> 
  custom:container-demuxer-webm: 4f35f7cbe854078d1ac9338744f61a02 -> 
  custom:video-encoder-webm-vp8: eb34c28f22e8b96e1ab97ce403110664 -> 
  custom:video-codec-MediaFoundation-h265: 746d11721c4dcdbdad8f713fa42b33f4 -> 
  custom:audio-encoder-webm-vorbis: bf7c407c2cedff20999df2af8eb42d56 -> 
  custom:framework-win-MediaFoundation: 216162199b28c13a410421893ffa2e32 -> 
  custom:container-demuxer-ogg: 62fdf1f143b41e24485cea50d1cbac27 -> 
  custom:video-decoder-webm-vp8: 9c59270c3fd7afecdb556c50c9e8de78 -> 
  custom:audio-decoder-ogg-vorbis: bf7c407c2cedff20999df2af8eb42d56 -> 
========================================================================
Received Import Request.
  Time since last request: 725758.867965 seconds.
  path: Assets/BaseProject/GUI PRO Kit - Casual Game/ResourcesData/Sprite/Demo/Demo_Character/Character_Sample18.png
  artifactKey: Guid(85ac62813bcfa4211ac64779658aecc0) Importer(815301076,1909f56bfc062723c751e8b465ee728b)
Start importing Assets/BaseProject/GUI PRO Kit - Casual Game/ResourcesData/Sprite/Demo/Demo_Character/Character_Sample18.png using Guid(85ac62813bcfa4211ac64779658aecc0) Importer(815301076,1909f56bfc062723c751e8b465ee728b)  -> (artifact id: 'c39db58909e0ff13c5c80dea003cc6ae') in 0.198584 seconds 
========================================================================
Received Import Request.
  Time since last request: 0.000051 seconds.
  path: Assets/BaseProject/GUI PRO Kit - Casual Game/ResourcesData/Sprite/Component/Frame/Frame_ItemFrame01_Color_Red.png
  artifactKey: Guid(c7ade68a31f1d4e12a57617409b6ee8a) Importer(815301076,1909f56bfc062723c751e8b465ee728b)
Start importing Assets/BaseProject/GUI PRO Kit - Casual Game/ResourcesData/Sprite/Component/Frame/Frame_ItemFrame01_Color_Red.png using Guid(c7ade68a31f1d4e12a57617409b6ee8a) Importer(815301076,1909f56bfc062723c751e8b465ee728b)  -> (artifact id: '58bdf291f94c8e861a335f099b40102e') in 0.041005 seconds 
========================================================================
Received Import Request.
  Time since last request: 0.000092 seconds.
  path: Assets/BaseProject/GUI PRO Kit - Casual Game/ResourcesData/Sprite/Component/Button/Btn_OtherButton_Hexagon01_Blue.png
  artifactKey: Guid(ef337475efc8f47e0a137be142ee61c3) Importer(815301076,1909f56bfc062723c751e8b465ee728b)
Start importing Assets/BaseProject/GUI PRO Kit - Casual Game/ResourcesData/Sprite/Component/Button/Btn_OtherButton_Hexagon01_Blue.png using Guid(ef337475efc8f47e0a137be142ee61c3) Importer(815301076,1909f56bfc062723c751e8b465ee728b)  -> (artifact id: 'b6dab1c4cae864528355ad3a64154978') in 0.047897 seconds 
========================================================================
Received Import Request.
  Time since last request: 0.000033 seconds.
  path: Assets/BaseProject/GUI PRO Kit - Casual Game/ResourcesData/Sprite/Component/Button/Btn_OtherButton_Polygon01.png
  artifactKey: Guid(bdd674017bb6b4807aa77daf5310b898) Importer(815301076,1909f56bfc062723c751e8b465ee728b)
Start importing Assets/BaseProject/GUI PRO Kit - Casual Game/ResourcesData/Sprite/Component/Button/Btn_OtherButton_Polygon01.png using Guid(bdd674017bb6b4807aa77daf5310b898) Importer(815301076,1909f56bfc062723c751e8b465ee728b)  -> (artifact id: '0726a1dd71ede38735a9ae38e8a2a763') in 0.039241 seconds 
========================================================================
Received Import Request.
  Time since last request: 0.000064 seconds.
  path: Assets/BaseProject/GUI PRO Kit - Casual Game/ResourcesData/Sprite/Demo/Demo_Icon/Icon_ImageIcon_Star01_m.png
  artifactKey: Guid(53321bd88b96e44b6a22820d87584c9d) Importer(815301076,1909f56bfc062723c751e8b465ee728b)
Start importing Assets/BaseProject/GUI PRO Kit - Casual Game/ResourcesData/Sprite/Demo/Demo_Icon/Icon_ImageIcon_Star01_m.png using Guid(53321bd88b96e44b6a22820d87584c9d) Importer(815301076,1909f56bfc062723c751e8b465ee728b)  -> (artifact id: '05ae6c437795eabe4e925c2b95c07947') in 0.039718 seconds 
========================================================================
Received Import Request.
  Time since last request: 0.000031 seconds.
  path: Assets/BaseProject/GUI PRO Kit - Casual Game/ResourcesData/Sprite/Component/Button/Btn_OtherButton_Circle01_d.png
  artifactKey: Guid(789daf59ae2a04a998499c49e940e31b) Importer(815301076,1909f56bfc062723c751e8b465ee728b)
Start importing Assets/BaseProject/GUI PRO Kit - Casual Game/ResourcesData/Sprite/Component/Button/Btn_OtherButton_Circle01_d.png using Guid(789daf59ae2a04a998499c49e940e31b) Importer(815301076,1909f56bfc062723c751e8b465ee728b)  -> (artifact id: 'b9032ffb14f54ff65ecb78a86d3733e4') in 0.043735 seconds 
========================================================================
Received Import Request.
  Time since last request: 0.000039 seconds.
  path: Assets/BaseProject/GUI PRO Kit - Casual Game/ResourcesData/Sprite/Component/Button/Btn_OtherButton_Hexagon01_Red.png
  artifactKey: Guid(a07f1de97da8b48b6bd4d976ad1b1fad) Importer(815301076,1909f56bfc062723c751e8b465ee728b)
Start importing Assets/BaseProject/GUI PRO Kit - Casual Game/ResourcesData/Sprite/Component/Button/Btn_OtherButton_Hexagon01_Red.png using Guid(a07f1de97da8b48b6bd4d976ad1b1fad) Importer(815301076,1909f56bfc062723c751e8b465ee728b)  -> (artifact id: '955f7710491070a2bd2d3748b69b486f') in 0.040963 seconds 
========================================================================
Received Import Request.
  Time since last request: 0.000051 seconds.
  path: Assets/BaseProject/GUI PRO Kit - Casual Game/ResourcesData/Sprite/Demo/Demo_Icon/Icon_MenuIcon01_List_s.Png
  artifactKey: Guid(d04b5fd68437e4faba7a160858d7b6a6) Importer(815301076,1909f56bfc062723c751e8b465ee728b)
Start importing Assets/BaseProject/GUI PRO Kit - Casual Game/ResourcesData/Sprite/Demo/Demo_Icon/Icon_MenuIcon01_List_s.Png using Guid(d04b5fd68437e4faba7a160858d7b6a6) Importer(815301076,1909f56bfc062723c751e8b465ee728b)  -> (artifact id: '6b535c01cffdf5a9a2467cff0a0e2c94') in 0.043262 seconds 
========================================================================
Received Import Request.
  Time since last request: 0.000032 seconds.
  path: Assets/BaseProject/GUI PRO Kit - Casual Game/ResourcesData/Sprite/Demo/Demo_ClanFlag/ClanFlag_Bg_Large1.png
  artifactKey: Guid(32b0480dca1584fd99cd7bbea1266f55) Importer(815301076,1909f56bfc062723c751e8b465ee728b)
Start importing Assets/BaseProject/GUI PRO Kit - Casual Game/ResourcesData/Sprite/Demo/Demo_ClanFlag/ClanFlag_Bg_Large1.png using Guid(32b0480dca1584fd99cd7bbea1266f55) Importer(815301076,1909f56bfc062723c751e8b465ee728b)  -> (artifact id: '89e5f3c34fd28829b8408cc865d7cffc') in 0.043434 seconds 
========================================================================
Received Import Request.
  Time since last request: 0.000036 seconds.
  path: Assets/BaseProject/GUI PRO Kit - Casual Game/ResourcesData/Sprite/Component/Frame/Frame_ItemFrame01_Color_Green.png
  artifactKey: Guid(e6eea4f7cbb9f46f79c0fe06180fa5b3) Importer(815301076,1909f56bfc062723c751e8b465ee728b)
Start importing Assets/BaseProject/GUI PRO Kit - Casual Game/ResourcesData/Sprite/Component/Frame/Frame_ItemFrame01_Color_Green.png using Guid(e6eea4f7cbb9f46f79c0fe06180fa5b3) Importer(815301076,1909f56bfc062723c751e8b465ee728b)  -> (artifact id: '36914245bea3e8a1acfa8fe6a24dad9c') in 0.037878 seconds 
========================================================================
Received Import Request.
  Time since last request: 0.000036 seconds.
  path: Assets/BaseProject/GUI PRO Kit - Casual Game/ResourcesData/Sprite/Component/Frame/Frame_ListFrame01_01_Green.png
  artifactKey: Guid(1bb4783acab174413806383baa8149f7) Importer(815301076,1909f56bfc062723c751e8b465ee728b)
Start importing Assets/BaseProject/GUI PRO Kit - Casual Game/ResourcesData/Sprite/Component/Frame/Frame_ListFrame01_01_Green.png using Guid(1bb4783acab174413806383baa8149f7) Importer(815301076,1909f56bfc062723c751e8b465ee728b)  -> (artifact id: '9a960215e8eb495c431f8fe45a421544') in 0.034986 seconds 
========================================================================
Received Import Request.
  Time since last request: 0.000049 seconds.
  path: Assets/BaseProject/GUI PRO Kit - Casual Game/ResourcesData/Sprite/Component/Frame/Frame_ListFrame12_Yellow.png
  artifactKey: Guid(28554fc966eb749e587c11db562e7eeb) Importer(815301076,1909f56bfc062723c751e8b465ee728b)
Start importing Assets/BaseProject/GUI PRO Kit - Casual Game/ResourcesData/Sprite/Component/Frame/Frame_ListFrame12_Yellow.png using Guid(28554fc966eb749e587c11db562e7eeb) Importer(815301076,1909f56bfc062723c751e8b465ee728b)  -> (artifact id: '424a23d1c549c0eb48afd51ad6aaae3a') in 0.039724 seconds 
========================================================================
Received Import Request.
  Time since last request: 0.000039 seconds.
  path: Assets/BaseProject/GUI PRO Kit - Casual Game/ResourcesData/Sprite/Demo/Demo_Icon/Icon_MenuIcon01_Menu_s.Png
  artifactKey: Guid(57e464ad138074481b3ca1e0a9af1bed) Importer(815301076,1909f56bfc062723c751e8b465ee728b)
Start importing Assets/BaseProject/GUI PRO Kit - Casual Game/ResourcesData/Sprite/Demo/Demo_Icon/Icon_MenuIcon01_Menu_s.Png using Guid(57e464ad138074481b3ca1e0a9af1bed) Importer(815301076,1909f56bfc062723c751e8b465ee728b)  -> (artifact id: 'd94a2f94703962996cfd042586a03eb5') in 0.029897 seconds 
========================================================================
Received Import Request.
  Time since last request: 0.000027 seconds.
  path: Assets/BaseProject/GUI PRO Kit - Casual Game/ResourcesData/Sprite/Component/Frame/Frame_TableFrame01_Line.png
  artifactKey: Guid(a9d4037850bca4a68b07520beb81e80a) Importer(815301076,1909f56bfc062723c751e8b465ee728b)
Start importing Assets/BaseProject/GUI PRO Kit - Casual Game/ResourcesData/Sprite/Component/Frame/Frame_TableFrame01_Line.png using Guid(a9d4037850bca4a68b07520beb81e80a) Importer(815301076,1909f56bfc062723c751e8b465ee728b)  -> (artifact id: '68611130b851bed3625d1728b4d5c89d') in 0.035747 seconds 
========================================================================
Received Import Request.
  Time since last request: 0.000061 seconds.
  path: Assets/BaseProject/GUI PRO Kit - Casual Game/ResourcesData/Sprite/Component/Frame/Frame_ListFrame14_s.png
  artifactKey: Guid(31c85e6f1caf54385b18aa90295dd6c4) Importer(815301076,1909f56bfc062723c751e8b465ee728b)
Start importing Assets/BaseProject/GUI PRO Kit - Casual Game/ResourcesData/Sprite/Component/Frame/Frame_ListFrame14_s.png using Guid(31c85e6f1caf54385b18aa90295dd6c4) Importer(815301076,1909f56bfc062723c751e8b465ee728b)  -> (artifact id: 'e05fcbec81376abd66caa822c6d0f935') in 0.029015 seconds 
========================================================================
Received Import Request.
  Time since last request: 0.000043 seconds.
  path: Assets/BaseProject/GUI PRO Kit - Casual Game/ResourcesData/Sprite/Demo/Demo_Character/Character_Sample17.png
  artifactKey: Guid(d6e84deb03dd24e2da5dd58908ee11b2) Importer(815301076,1909f56bfc062723c751e8b465ee728b)
Start importing Assets/BaseProject/GUI PRO Kit - Casual Game/ResourcesData/Sprite/Demo/Demo_Character/Character_Sample17.png using Guid(d6e84deb03dd24e2da5dd58908ee11b2) Importer(815301076,1909f56bfc062723c751e8b465ee728b)  -> (artifact id: 'd853ea2c3487c50ea139dca41b42dcb9') in 0.061000 seconds 
========================================================================
Received Import Request.
  Time since last request: 0.000056 seconds.
  path: Assets/BaseProject/GUI PRO Kit - Casual Game/ResourcesData/Sprite/Component/Frame/Frame_ListFrame13_d.png
  artifactKey: Guid(8986eb0e903a74f6b91f7ef5d7eb204b) Importer(815301076,1909f56bfc062723c751e8b465ee728b)
Start importing Assets/BaseProject/GUI PRO Kit - Casual Game/ResourcesData/Sprite/Component/Frame/Frame_ListFrame13_d.png using Guid(8986eb0e903a74f6b91f7ef5d7eb204b) Importer(815301076,1909f56bfc062723c751e8b465ee728b)  -> (artifact id: 'c1f4f3ff59b2fd2d0da58078df27d3f9') in 0.035848 seconds 
========================================================================
Received Import Request.
  Time since last request: 0.000080 seconds.
  path: Assets/BaseProject/GUI PRO Kit - Casual Game/ResourcesData/Sprite/Component/Frame/Frame_ItemFrame01_Color_Yellow.png
  artifactKey: Guid(84063999b9e1741d099c1d8f7bbc0f7a) Importer(815301076,1909f56bfc062723c751e8b465ee728b)
Start importing Assets/BaseProject/GUI PRO Kit - Casual Game/ResourcesData/Sprite/Component/Frame/Frame_ItemFrame01_Color_Yellow.png using Guid(84063999b9e1741d099c1d8f7bbc0f7a) Importer(815301076,1909f56bfc062723c751e8b465ee728b)  -> (artifact id: '3b44ae433a59df879e1e88931841b73a') in 0.044907 seconds 
========================================================================
Received Import Request.
  Time since last request: 0.000044 seconds.
  path: Assets/BaseProject/GUI PRO Kit - Casual Game/ResourcesData/Sprite/Demo/Demo_Background/Background_09_Purple1.png
  artifactKey: Guid(544abfd93c2744a7fa9efc5f1b412e7b) Importer(815301076,1909f56bfc062723c751e8b465ee728b)
Start importing Assets/BaseProject/GUI PRO Kit - Casual Game/ResourcesData/Sprite/Demo/Demo_Background/Background_09_Purple1.png using Guid(544abfd93c2744a7fa9efc5f1b412e7b) Importer(815301076,1909f56bfc062723c751e8b465ee728b)  -> (artifact id: '76c73f2d127371fc198a400eee27740c') in 0.023731 seconds 
========================================================================
Received Import Request.
  Time since last request: 0.000022 seconds.
  path: Assets/BaseProject/Sprites/UI3/Btn_MainButton_Yellow 1.Png
  artifactKey: Guid(be08e72ddffe2784787b6489481fed34) Importer(815301076,1909f56bfc062723c751e8b465ee728b)
Start importing Assets/BaseProject/Sprites/UI3/Btn_MainButton_Yellow 1.Png using Guid(be08e72ddffe2784787b6489481fed34) Importer(815301076,1909f56bfc062723c751e8b465ee728b)  -> (artifact id: 'b107780b5771f0ea3ef792827a1cd193') in 0.026163 seconds 
========================================================================
Received Import Request.
  Time since last request: 0.000028 seconds.
  path: Assets/BaseProject/GUI PRO Kit - Casual Game/ResourcesData/Sprite/Demo/Demo_Character/Character_Sample15.png
  artifactKey: Guid(fa8d7e24e8b094f028e98ed7813eed4d) Importer(815301076,1909f56bfc062723c751e8b465ee728b)
Start importing Assets/BaseProject/GUI PRO Kit - Casual Game/ResourcesData/Sprite/Demo/Demo_Character/Character_Sample15.png using Guid(fa8d7e24e8b094f028e98ed7813eed4d) Importer(815301076,1909f56bfc062723c751e8b465ee728b)  -> (artifact id: '6b1ee6abe50dd2e121bf1e83e8f0b1f0') in 0.049675 seconds 
========================================================================
Received Import Request.
  Time since last request: 0.000034 seconds.
  path: Assets/BaseProject/GUI PRO Kit - Casual Game/ResourcesData/Sprite/Component/Button/Btn_OtherButton_Circle01_n.png
  artifactKey: Guid(742f52afe0a104f478d877db51a3321a) Importer(815301076,1909f56bfc062723c751e8b465ee728b)
Start importing Assets/BaseProject/GUI PRO Kit - Casual Game/ResourcesData/Sprite/Component/Button/Btn_OtherButton_Circle01_n.png using Guid(742f52afe0a104f478d877db51a3321a) Importer(815301076,1909f56bfc062723c751e8b465ee728b)  -> (artifact id: '6d14f8c4de7b4da565129801ef1ee4c2') in 0.025775 seconds 
========================================================================
Received Prepare
Registering precompiled user dll's ...
Registered in 0.006511 seconds.
Begin MonoManager ReloadAssembly
Symbol file LoadedFromMemory doesn't match image C:\GitHub\InfiniteCoinBlock\InfiniteCoinBlock\Library\PackageCache\com.unity.visualscripting@1.7.8\Editor\VisualScripting.Core\Dependencies\YamlDotNet\Unity.VisualScripting.YamlDotNet.dll
Symbol file LoadedFromMemory doesn't match image C:\GitHub\InfiniteCoinBlock\InfiniteCoinBlock\Library\PackageCache\com.unity.visualscripting@1.7.8\Editor\VisualScripting.Core\Dependencies\DotNetZip\Unity.VisualScripting.IonicZip.dll
Native extension for WindowsStandalone target not found
Native extension for iOS target not found
Native extension for Android target not found
Refreshing native plugins compatible for Editor in 2.82 ms, found 5 plugins.
Preloading 0 native plugins for Editor in 0.00 ms.
Mono: successfully reloaded assembly
- Completed reload, in  1.840 seconds
Domain Reload Profiling:
	ReloadAssembly (1841ms)
		BeginReloadAssembly (218ms)
			ExecutionOrderSort (0ms)
			DisableScriptedObjects (6ms)
			BackupInstance (0ms)
			ReleaseScriptingObjects (0ms)
			CreateAndSetChildDomain (70ms)
		EndReloadAssembly (1502ms)
			LoadAssemblies (448ms)
			RebuildTransferFunctionScriptingTraits (0ms)
			SetupTypeCache (371ms)
			ReleaseScriptCaches (4ms)
			RebuildScriptCaches (64ms)
			SetupLoadedEditorAssemblies (598ms)
				LogAssemblyErrors (0ms)
				InitializePlatformSupportModulesInManaged (37ms)
				SetLoadedEditorAssemblies (1ms)
				RefreshPlugins (3ms)
				BeforeProcessingInitializeOnLoad (113ms)
				ProcessInitializeOnLoadAttributes (329ms)
				ProcessInitializeOnLoadMethodAttributes (107ms)
				AfterProcessingInitializeOnLoad (8ms)
				EditorAssembliesLoaded (0ms)
			ExecutionOrderSort2 (0ms)
			AwakeInstancesAfterBackupRestoration (6ms)
Platform modules already initialized, skipping
Refreshing native plugins compatible for Editor in 10.87 ms, found 5 plugins.
Preloading 0 native plugins for Editor in 0.00 ms.
Unloading 5328 Unused Serialized files (Serialized files now loaded: 0)
Unloading 51 unused Assets / (7.1 MB). Loaded Objects now: 6004.
Memory consumption went from 273.5 MB to 266.4 MB.
Total: 9.362200 ms (FindLiveObjects: 1.969700 ms CreateObjectMapping: 0.404800 ms MarkObjects: 4.222700 ms  DeleteObjects: 2.763200 ms)

AssetImportParameters requested are different than current active one (requested -> active):
  custom:video-decoder-ogg-theora: a1e56fd34408186e4bbccfd4996cb3dc -> 
  custom:container-muxer-webm: aa71ff27fc2769a1b78a27578f13a17b -> 
  custom:container-demuxer-webm: 4f35f7cbe854078d1ac9338744f61a02 -> 
  custom:video-encoder-webm-vp8: eb34c28f22e8b96e1ab97ce403110664 -> 
  custom:video-codec-MediaFoundation-h265: 746d11721c4dcdbdad8f713fa42b33f4 -> 
  custom:audio-encoder-webm-vorbis: bf7c407c2cedff20999df2af8eb42d56 -> 
  custom:framework-win-MediaFoundation: 216162199b28c13a410421893ffa2e32 -> 
  custom:container-demuxer-ogg: 62fdf1f143b41e24485cea50d1cbac27 -> 
  custom:video-decoder-webm-vp8: 9c59270c3fd7afecdb556c50c9e8de78 -> 
  custom:audio-decoder-ogg-vorbis: bf7c407c2cedff20999df2af8eb42d56 -> 
Editor requested this worker to shutdown with reason: Scaling down because of idle timeout
AssetImportWorker is now disconnected from the server
Process exiting
Exiting without the bug reporter. Application will terminate with return code 0